<?xml version="1.0" encoding="UTF-8" standalone="no"?><testsuite errors="0" failures="0" name="Categories" skipped="0" tests="7" time="1.76" timestamp="2023-05-08 04:19:53"><testcase name="POST - Add new category"/><testcase name="POST - Add new category without description data payload"/><testcase name="POST - Add new category without name data payload"/><testcase name="GET - Get list all categories"/><testcase name="GET - Get categories by ID"/><testcase name="DEL - Delete category with ID"/><testcase name="DEL - Delete category with invalid ID"/></testsuite>