<?xml version="1.0" encoding="UTF-8" standalone="no"?><testsuite errors="0" failures="0" name="Product" skipped="0" tests="7" time="1.3" timestamp="2023-05-07 10:31:01"><testcase name="POST - Add new product product"/><testcase name="POST - Add new product without fill name"/><testcase name="POST - Add new product without fill description"/><testcase name="POST - Add new product without fill price"/><testcase name="GET - Get product by ID"/><testcase name="GET - Get all product"/><testcase name="GET - Get product by invalid ID"/></testsuite>