<?xml version="1.0" encoding="UTF-8"?>
<testsuite xmlns:xsi="http://www.w3.org/2001/XMLSchema-instance" xsi:noNamespaceSchemaLocation="https://maven.apache.org/surefire/maven-failsafe-plugin/xsd/failsafe-test-report-3.0.xsd" version="3.0" name="starter.CucumberTestSuite" time="36.721" tests="37" errors="0" skipped="0" failures="0">
  <properties>
[...]
</properties>
  <testcase name="POST - Register with valid data" classname="Register" time="15.065">
    <system-out><![CDATA[16:19:34.827 [main] DEBUG net.thucydides.core.guice.Injectors - Created injector for module net.thucydides.core.guice.ThucydidesModule
16:19:35.126 [main] DEBUG io.cucumber.core.plugin.SerenityReporter - Running feature from file:///C:/Users/WINDOWS%2010/Documents/GitHub/MiniProject_QE/API/minpro/src/test/resources/features/1.%20Register.feature
16:19:35.282 [main] DEBUG net.thucydides.core.guice.Injectors - Created injector for module net.thucydides.core.guice.webdriver.WebDriverModule
16:19:35.303 [main] INFO  - 

-------------------------------------------------------------------------------------
     _______. _______ .______       _______ .__   __.  __  .___________.____    ____ 
    /       ||   ____||   _  \     |   ____||  \ |  | |  | |           |\   \  /   / 
   |   (----`|  |__   |  |_)  |    |  |__   |   \|  | |  | `---|  |----` \   \/   /  
    \   \    |   __|  |      /     |   __|  |  . `  | |  |     |  |       \_    _/   
.----)   |   |  |____ |  |\  \----.|  |____ |  |\   | |  |     |  |         |  |     
|_______/    |_______|| _| `._____||_______||__| \__| |__|     |__|         |__|    
                                                                                     
 News and tutorials at http://www.serenity-bdd.info                                  
 Documentation at https://wakaleo.gitbooks.io/the-serenity-book/content/             
 Join the Serenity Community on Gitter: https://gitter.im/serenity-bdd/serenity-core 
 Serenity BDD Support and Training at http://serenity-bdd.info/#/trainingandsupport  
-------------------------------------------------------------------------------------

16:19:35.306 [main] DEBUG net.thucydides.core.steps.StepEventBus - Test suite started for story net.thucydides.core.model.Story@773abe6e
16:19:35.308 [main] INFO  - Test Suite Started: Register
16:19:35.325 [main] DEBUG io.cucumber.core.plugin.SerenityReporter - Running feature from file:///C:/Users/WINDOWS%2010/Documents/GitHub/MiniProject_QE/API/minpro/src/test/resources/features/2.%20Login.feature
16:19:35.329 [main] DEBUG net.thucydides.core.steps.StepEventBus - Test suite started for story net.thucydides.core.model.Story@86b1dd01
16:19:35.330 [main] INFO  - Test Suite Started: Login
16:19:35.330 [main] DEBUG io.cucumber.core.plugin.SerenityReporter - Running feature from file:///C:/Users/WINDOWS%2010/Documents/GitHub/MiniProject_QE/API/minpro/src/test/resources/features/3.%20User.feature
16:19:35.334 [main] DEBUG net.thucydides.core.steps.StepEventBus - Test suite started for story net.thucydides.core.model.Story@11e807f1
16:19:35.334 [main] INFO  - Test Suite Started: User Information
16:19:35.334 [main] DEBUG io.cucumber.core.plugin.SerenityReporter - Running feature from file:///C:/Users/WINDOWS%2010/Documents/GitHub/MiniProject_QE/API/minpro/src/test/resources/features/4.%20Categories.feature
16:19:35.338 [main] DEBUG net.thucydides.core.steps.StepEventBus - Test suite started for story net.thucydides.core.model.Story@1b5f86d1
16:19:35.339 [main] INFO  - Test Suite Started: Categories
16:19:35.339 [main] DEBUG io.cucumber.core.plugin.SerenityReporter - Running feature from file:///C:/Users/WINDOWS%2010/Documents/GitHub/MiniProject_QE/API/minpro/src/test/resources/features/5.%20Product.feature
16:19:35.343 [main] DEBUG net.thucydides.core.steps.StepEventBus - Test suite started for story net.thucydides.core.model.Story@5c78189e
16:19:35.343 [main] INFO  - Test Suite Started: Product
16:19:35.343 [main] DEBUG io.cucumber.core.plugin.SerenityReporter - Running feature from file:///C:/Users/WINDOWS%2010/Documents/GitHub/MiniProject_QE/API/minpro/src/test/resources/features/6.%20Order.feature
16:19:35.347 [main] DEBUG net.thucydides.core.steps.StepEventBus - Test suite started for story net.thucydides.core.model.Story@421cad1d
16:19:35.347 [main] INFO  - Test Suite Started: Order
16:19:35.347 [main] DEBUG io.cucumber.core.plugin.SerenityReporter - Running feature from file:///C:/Users/WINDOWS%2010/Documents/GitHub/MiniProject_QE/API/minpro/src/test/resources/features/7.%20Rating.feature
16:19:35.351 [main] DEBUG net.thucydides.core.steps.StepEventBus - Test suite started for story net.thucydides.core.model.Story@a2cc97b4
16:19:35.352 [main] INFO  - Test Suite Started: Rating
16:19:35.352 [main] DEBUG io.cucumber.core.plugin.SerenityReporter - Running feature from file:///C:/Users/WINDOWS%2010/Documents/GitHub/MiniProject_QE/API/minpro/src/test/resources/features/8.%20Comment.feature
16:19:35.356 [main] DEBUG net.thucydides.core.steps.StepEventBus - Test suite started for story net.thucydides.core.model.Story@8ea159bb
16:19:35.356 [main] INFO  - Test Suite Started: Comment
16:19:35.356 [main] DEBUG io.cucumber.core.plugin.SerenityReporter - Running feature from file:///C:/Users/WINDOWS%2010/Documents/GitHub/MiniProject_QE/API/minpro/src/test/resources/features/1.%20Register.feature
16:19:35.360 [main] DEBUG net.thucydides.core.steps.StepEventBus - Test suite started for story net.thucydides.core.model.Story@773abe6e
16:19:35.360 [main] INFO  - Test Suite Started: Register

Scenario: POST - Register with valid data              &amp#27;[90m# src/test/resources/features/1. Register.feature:7&amp#27;[0m
16:19:35.456 [main] DEBUG io.cucumber.core.plugin.SerenityReporter - Running feature from file:///C:/Users/WINDOWS%2010/Documents/GitHub/MiniProject_QE/API/minpro/src/test/resources/features/1.%20Register.feature
16:19:35.593 [main] INFO  - 
  _____   ___   ___   _____     ___   _____     _     ___   _____   ___   ___  
 |_   _| | __| / __| |_   _|   / __| |_   _|   /_\   | _ \ |_   _| | __| |   \ 
   | |   | _|  \__ \   | |     \__ \   | |    / _ \  |   /   | |   | _|  | |) |
   |_|   |___| |___/   |_|     |___/   |_|   /_/ \_\ |_|_\   |_|   |___| |___/ 

POST - Register with valid data(register;post---register-with-valid-data)
--------------------------------------------------------------------------------
16:19:35.654 [main] DEBUG net.thucydides.core.requirements.model.cucumber.CucumberParser - Loading feature C:\Users\WINDOWS 10\Documents\GitHub\MiniProject_QE\API\minpro\src\test\resources\features\1. Register.feature
16:19:35.669 [main] DEBUG net.thucydides.core.requirements.model.cucumber.CucumberParser - Loading feature C:\Users\WINDOWS 10\Documents\GitHub\MiniProject_QE\API\minpro\src\test\resources\features\2. Login.feature
16:19:35.675 [main] DEBUG net.thucydides.core.requirements.model.cucumber.CucumberParser - Loading feature C:\Users\WINDOWS 10\Documents\GitHub\MiniProject_QE\API\minpro\src\test\resources\features\3. User.feature
16:19:35.680 [main] DEBUG net.thucydides.core.requirements.model.cucumber.CucumberParser - Loading feature C:\Users\WINDOWS 10\Documents\GitHub\MiniProject_QE\API\minpro\src\test\resources\features\4. Categories.feature
16:19:35.685 [main] DEBUG net.thucydides.core.requirements.model.cucumber.CucumberParser - Loading feature C:\Users\WINDOWS 10\Documents\GitHub\MiniProject_QE\API\minpro\src\test\resources\features\5. Product.feature
16:19:35.690 [main] DEBUG net.thucydides.core.requirements.model.cucumber.CucumberParser - Loading feature C:\Users\WINDOWS 10\Documents\GitHub\MiniProject_QE\API\minpro\src\test\resources\features\6. Order.feature
16:19:35.694 [main] DEBUG net.thucydides.core.requirements.model.cucumber.CucumberParser - Loading feature C:\Users\WINDOWS 10\Documents\GitHub\MiniProject_QE\API\minpro\src\test\resources\features\7. Rating.feature
16:19:35.699 [main] DEBUG net.thucydides.core.requirements.model.cucumber.CucumberParser - Loading feature C:\Users\WINDOWS 10\Documents\GitHub\MiniProject_QE\API\minpro\src\test\resources\features\8. Comment.feature
16:19:36.238 [main] DEBUG net.thucydides.core.steps.StepInterceptor - STARTING STEP: RegisterSteps.setPostApiEndpointsRegister - I set POST api endpoints register
16:19:36.245 [main] DEBUG net.thucydides.core.steps.StepInterceptor - STEP DONE: I set POST api endpoints register
  &amp#27;[32mGiven &amp#27;[0m&amp#27;[32mI set POST api endpoints register&amp#27;[0m              &amp#27;[90m# starter.stepdefinitions.RegisterSteps.setPostApiEndpointsRegister()&amp#27;[0m
16:19:36.259 [main] DEBUG net.thucydides.core.steps.StepInterceptor - STARTING STEP: RegisterSteps.sendPostHttpRequestRegister - I send POST HTTP request register
16:19:38.015 [main] DEBUG net.thucydides.core.steps.StepInterceptor - STARTING STEP: Register.sendPostHttpRequestRegister - I set POST api endpoints register
16:19:38.015 [main] DEBUG net.thucydides.core.steps.StepInterceptor - STEP DONE: I set POST api endpoints register
16:19:38.774 [main] DEBUG org.apache.http.impl.conn.BasicClientConnectionManager - Get connection for route {s}->https://altashop-api.fly.dev:443
16:19:49.864 [main] DEBUG org.apache.http.impl.conn.DefaultClientConnectionOperator - Connecting to altashop-api.fly.dev:443
16:19:50.241 [main] DEBUG org.apache.http.client.protocol.RequestAddCookies - CookieSpec selected: ignoreCookies
16:19:50.242 [main] DEBUG org.apache.http.client.protocol.RequestAuthCache - Auth cache not set in the context
16:19:50.243 [main] DEBUG org.apache.http.client.protocol.RequestTargetAuthentication - Target auth state: UNCHALLENGED
16:19:50.243 [main] DEBUG org.apache.http.client.protocol.RequestProxyAuthentication - Proxy auth state: UNCHALLENGED
16:19:50.243 [main] DEBUG org.apache.http.impl.client.DefaultHttpClient - Attempt 1 to execute request
16:19:50.243 [main] DEBUG org.apache.http.impl.conn.DefaultClientConnection - Sending request: POST /api/auth/register HTTP/1.1
16:19:50.244 [main] DEBUG org.apache.http.wire -  >> "POST /api/auth/register HTTP/1.1[\r][\n]"
16:19:50.245 [main] DEBUG org.apache.http.wire -  >> "Accept: */*[\r][\n]"
16:19:50.245 [main] DEBUG org.apache.http.wire -  >> "Content-Type: application/json[\r][\n]"
16:19:50.245 [main] DEBUG org.apache.http.wire -  >> "Content-Length: 97[\r][\n]"
16:19:50.245 [main] DEBUG org.apache.http.wire -  >> "Host: altashop-api.fly.dev[\r][\n]"
16:19:50.245 [main] DEBUG org.apache.http.wire -  >> "Connection: Keep-Alive[\r][\n]"
16:19:50.245 [main] DEBUG org.apache.http.wire -  >> "User-Agent: Apache-HttpClient/4.5.13 (Java/15)[\r][\n]"
16:19:50.245 [main] DEBUG org.apache.http.wire -  >> "Accept-Encoding: gzip,deflate[\r][\n]"
16:19:50.245 [main] DEBUG org.apache.http.wire -  >> "[\r][\n]"
16:19:50.245 [main] DEBUG org.apache.http.headers - >> POST /api/auth/register HTTP/1.1
16:19:50.245 [main] DEBUG org.apache.http.headers - >> Accept: */*
16:19:50.245 [main] DEBUG org.apache.http.headers - >> Content-Type: application/json
16:19:50.245 [main] DEBUG org.apache.http.headers - >> Content-Length: 97
16:19:50.245 [main] DEBUG org.apache.http.headers - >> Host: altashop-api.fly.dev
16:19:50.245 [main] DEBUG org.apache.http.headers - >> Connection: Keep-Alive
16:19:50.245 [main] DEBUG org.apache.http.headers - >> User-Agent: Apache-HttpClient/4.5.13 (Java/15)
16:19:50.245 [main] DEBUG org.apache.http.headers - >> Accept-Encoding: gzip,deflate
16:19:50.245 [main] DEBUG org.apache.http.wire -  >> "{"password":"123123123","fullname":"Firstname Lastname","email":"someoneitwww11223335@gmail.com"}"
16:19:50.332 [main] DEBUG org.apache.http.wire -  << "HTTP/1.1 200 OK[\r][\n]"
16:19:50.333 [main] DEBUG org.apache.http.wire -  << "content-type: application/json[\r][\n]"
16:19:50.333 [main] DEBUG org.apache.http.wire -  << "date: Mon, 08 May 2023 09:19:51 GMT[\r][\n]"
16:19:50.333 [main] DEBUG org.apache.http.wire -  << "content-encoding: gzip[\r][\n]"
16:19:50.333 [main] DEBUG org.apache.http.wire -  << "transfer-encoding: chunked[\r][\n]"
16:19:50.333 [main] DEBUG org.apache.http.wire -  << "server: Fly/3f2597ca (2023-05-03)[\r][\n]"
16:19:50.333 [main] DEBUG org.apache.http.wire -  << "via: 1.1 fly.io[\r][\n]"
16:19:50.333 [main] DEBUG org.apache.http.wire -  << "fly-request-id: 01GZXAHZJ4AWA0YB6ZFD5M6FXQ-sin[\r][\n]"
16:19:50.333 [main] DEBUG org.apache.http.wire -  << "[\r][\n]"
16:19:50.334 [main] DEBUG org.apache.http.impl.conn.DefaultClientConnection - Receiving response: HTTP/1.1 200 OK
16:19:50.334 [main] DEBUG org.apache.http.headers - << HTTP/1.1 200 OK
16:19:50.334 [main] DEBUG org.apache.http.headers - << content-type: application/json
16:19:50.334 [main] DEBUG org.apache.http.headers - << date: Mon, 08 May 2023 09:19:51 GMT
16:19:50.334 [main] DEBUG org.apache.http.headers - << content-encoding: gzip
16:19:50.334 [main] DEBUG org.apache.http.headers - << transfer-encoding: chunked
16:19:50.334 [main] DEBUG org.apache.http.headers - << server: Fly/3f2597ca (2023-05-03)
16:19:50.334 [main] DEBUG org.apache.http.headers - << via: 1.1 fly.io
16:19:50.334 [main] DEBUG org.apache.http.headers - << fly-request-id: 01GZXAHZJ4AWA0YB6ZFD5M6FXQ-sin
16:19:50.338 [main] DEBUG org.apache.http.impl.client.DefaultHttpClient - Connection can be kept alive indefinitely
16:19:50.342 [main] DEBUG io.restassured.internal.RestAssuredHttpBuilder - Parsing response as: application/json
16:19:50.343 [main] DEBUG org.apache.http.wire -  << "7D[\r][\n]"
16:19:50.343 [main] DEBUG org.apache.http.wire -  << "[0x1f][0x8b][0x8][0x0][0x0][0x0][0x0][0x0][0x4][0xff][0xab]VJI,IT[0xb2][0xaa]V[0xf2]tQ[0xb2]22441[0xd6]Qr+[0xcd][0xc9][0xc9]K[0xcc]MU[0xb2]Rr[0xcb],*.[0x1][0xb1][0x15]|[0x12]![0xc]%[0x1d]%[0xd7][0xdc][0xc4][0xcc][0x1c]%+[0xa5][0xe2][0xfc][0xdc][0xd4][0xfc][0xbc][0xd4][0xcc][0x92][0xf2][0xf2]rCC##cccS[0x87]t[0x90][0xa4]^r~[0xae][0x92][0x8e]R@bqqy~Q[0x8a][0x92][0x95][0x92][0xa1][0x91]1[0x4])[0xd5][0xd6]r[0x1][0x0][0xdb][\n]"
16:19:50.343 [main] DEBUG org.apache.http.wire -  << "[0xf0][0x8a]v[0x0][0x0][0x0]"
16:19:50.343 [main] DEBUG org.apache.http.wire -  << "[\r][\n]"
16:19:50.343 [main] DEBUG org.apache.http.wire -  << "0[\r][\n]"
16:19:50.343 [main] DEBUG org.apache.http.wire -  << "[\r][\n]"
16:19:50.343 [main] DEBUG io.restassured.internal.RestAssuredHttpBuilder - Parsed data to instance of: class org.apache.http.conn.EofSensorInputStream
16:19:50.377 [main] DEBUG org.apache.http.impl.conn.BasicClientConnectionManager - Releasing connection org.apache.http.impl.conn.ManagedClientConnectionImpl@774013dc
16:19:50.377 [main] DEBUG org.apache.http.impl.conn.BasicClientConnectionManager - Connection can be kept alive indefinitely
16:19:50.381 [main] DEBUG net.thucydides.core.steps.StepInterceptor - STEP DONE: I send POST HTTP request register
  &amp#27;[32mWhen &amp#27;[0m&amp#27;[32mI send POST HTTP request register&amp#27;[0m               &amp#27;[90m# starter.stepdefinitions.RegisterSteps.sendPostHttpRequestRegister()&amp#27;[0m
16:19:50.387 [main] DEBUG net.thucydides.core.steps.StepInterceptor - STARTING STEP: RegisterSteps.receiveValidHttp200Register - I receive valid HTTP response code 200 register
16:19:50.414 [main] DEBUG net.thucydides.core.steps.StepInterceptor - STEP DONE: I receive valid HTTP response code 200 register
  &amp#27;[32mThen &amp#27;[0m&amp#27;[32mI receive valid HTTP response code 200 register&amp#27;[0m &amp#27;[90m# starter.stepdefinitions.RegisterSteps.receiveValidHttp200Register()&amp#27;[0m
16:19:50.422 [main] INFO  - 
  _____   ___   ___   _____     ___     _     ___   ___   ___   ___  
 |_   _| | __| / __| |_   _|   | _ \   /_\   / __| / __| | __| |   \ 
   | |   | _|  \__ \   | |     |  _/  / _ \  \__ \ \__ \ | _|  | |) |
   |_|   |___| |___/   |_|     |_|   /_/ \_\ |___/ |___/ |___| |___/ 

POST - Register with valid data
----------------------------------------------------------------------
]]></system-out>
  </testcase>
  <testcase name="POST - Register without fullname" classname="Register" time="0.363">
    <system-out><![CDATA[
Scenario: POST - Register without fullname             &amp#27;[90m# src/test/resources/features/1. Register.feature:12&amp#27;[0m
16:19:50.445 [main] DEBUG io.cucumber.core.plugin.SerenityReporter - Running feature from file:///C:/Users/WINDOWS%2010/Documents/GitHub/MiniProject_QE/API/minpro/src/test/resources/features/1.%20Register.feature
16:19:50.452 [main] INFO  - 
  _____   ___   ___   _____     ___   _____     _     ___   _____   ___   ___  
 |_   _| | __| / __| |_   _|   / __| |_   _|   /_\   | _ \ |_   _| | __| |   \ 
   | |   | _|  \__ \   | |     \__ \   | |    / _ \  |   /   | |   | _|  | |) |
   |_|   |___| |___/   |_|     |___/   |_|   /_/ \_\ |_|_\   |_|   |___| |___/ 

POST - Register without fullname(register;post---register-without-fullname)
--------------------------------------------------------------------------------
16:19:50.476 [main] DEBUG net.thucydides.core.steps.StepInterceptor - STARTING STEP: RegisterSteps.setPostApiEndpointsRegister - I set POST api endpoints register
16:19:50.476 [main] DEBUG net.thucydides.core.steps.StepInterceptor - STEP DONE: I set POST api endpoints register
  &amp#27;[32mGiven &amp#27;[0m&amp#27;[32mI set POST api endpoints register&amp#27;[0m              &amp#27;[90m# starter.stepdefinitions.RegisterSteps.setPostApiEndpointsRegister()&amp#27;[0m
16:19:50.484 [main] DEBUG net.thucydides.core.steps.StepInterceptor - STARTING STEP: RegisterSteps.sendPostHttpRequestRegister2 - I send POST HTTP request register2
16:19:50.487 [main] DEBUG net.thucydides.core.steps.StepInterceptor - STARTING STEP: Register.sendPostHttpRequestRegister2 - I set POST api endpoints register
16:19:50.488 [main] DEBUG net.thucydides.core.steps.StepInterceptor - STEP DONE: I set POST api endpoints register
16:19:50.527 [main] DEBUG org.apache.http.impl.conn.BasicClientConnectionManager - Get connection for route {s}->https://altashop-api.fly.dev:443
16:19:50.527 [main] DEBUG org.apache.http.impl.conn.DefaultClientConnectionOperator - Connecting to altashop-api.fly.dev:443
16:19:50.697 [main] DEBUG org.apache.http.client.protocol.RequestAddCookies - CookieSpec selected: ignoreCookies
16:19:50.697 [main] DEBUG org.apache.http.client.protocol.RequestAuthCache - Auth cache not set in the context
16:19:50.697 [main] DEBUG org.apache.http.client.protocol.RequestTargetAuthentication - Target auth state: UNCHALLENGED
16:19:50.697 [main] DEBUG org.apache.http.client.protocol.RequestProxyAuthentication - Proxy auth state: UNCHALLENGED
16:19:50.697 [main] DEBUG org.apache.http.impl.client.DefaultHttpClient - Attempt 1 to execute request
16:19:50.697 [main] DEBUG org.apache.http.impl.conn.DefaultClientConnection - Sending request: POST /api/auth/register HTTP/1.1
16:19:50.697 [main] DEBUG org.apache.http.wire -  >> "POST /api/auth/register HTTP/1.1[\r][\n]"
16:19:50.697 [main] DEBUG org.apache.http.wire -  >> "Accept: */*[\r][\n]"
16:19:50.697 [main] DEBUG org.apache.http.wire -  >> "Content-Type: application/json[\r][\n]"
16:19:50.697 [main] DEBUG org.apache.http.wire -  >> "Content-Length: 66[\r][\n]"
16:19:50.697 [main] DEBUG org.apache.http.wire -  >> "Host: altashop-api.fly.dev[\r][\n]"
16:19:50.697 [main] DEBUG org.apache.http.wire -  >> "Connection: Keep-Alive[\r][\n]"
16:19:50.698 [main] DEBUG org.apache.http.wire -  >> "User-Agent: Apache-HttpClient/4.5.13 (Java/15)[\r][\n]"
16:19:50.698 [main] DEBUG org.apache.http.wire -  >> "Accept-Encoding: gzip,deflate[\r][\n]"
16:19:50.698 [main] DEBUG org.apache.http.wire -  >> "[\r][\n]"
16:19:50.698 [main] DEBUG org.apache.http.headers - >> POST /api/auth/register HTTP/1.1
16:19:50.698 [main] DEBUG org.apache.http.headers - >> Accept: */*
16:19:50.698 [main] DEBUG org.apache.http.headers - >> Content-Type: application/json
16:19:50.698 [main] DEBUG org.apache.http.headers - >> Content-Length: 66
16:19:50.698 [main] DEBUG org.apache.http.headers - >> Host: altashop-api.fly.dev
16:19:50.698 [main] DEBUG org.apache.http.headers - >> Connection: Keep-Alive
16:19:50.698 [main] DEBUG org.apache.http.headers - >> User-Agent: Apache-HttpClient/4.5.13 (Java/15)
16:19:50.698 [main] DEBUG org.apache.http.headers - >> Accept-Encoding: gzip,deflate
16:19:50.698 [main] DEBUG org.apache.http.wire -  >> "{"password":"123123","fullname":"","email":"someoneitw@gmail.com"}"
16:19:50.778 [main] DEBUG org.apache.http.wire -  << "HTTP/1.1 400 Bad Request[\r][\n]"
16:19:50.778 [main] DEBUG org.apache.http.wire -  << "content-type: application/json[\r][\n]"
16:19:50.778 [main] DEBUG org.apache.http.wire -  << "date: Mon, 08 May 2023 09:19:52 GMT[\r][\n]"
16:19:50.778 [main] DEBUG org.apache.http.wire -  << "content-encoding: gzip[\r][\n]"
16:19:50.778 [main] DEBUG org.apache.http.wire -  << "transfer-encoding: chunked[\r][\n]"
16:19:50.778 [main] DEBUG org.apache.http.wire -  << "server: Fly/3f2597ca (2023-05-03)[\r][\n]"
16:19:50.778 [main] DEBUG org.apache.http.wire -  << "via: 1.1 fly.io[\r][\n]"
16:19:50.779 [main] DEBUG org.apache.http.wire -  << "fly-request-id: 01GZXAJ0099XD6GMFV2RF7D8EN-sin[\r][\n]"
16:19:50.779 [main] DEBUG org.apache.http.wire -  << "[\r][\n]"
16:19:50.779 [main] DEBUG org.apache.http.impl.conn.DefaultClientConnection - Receiving response: HTTP/1.1 400 Bad Request
16:19:50.779 [main] DEBUG org.apache.http.headers - << HTTP/1.1 400 Bad Request
16:19:50.779 [main] DEBUG org.apache.http.headers - << content-type: application/json
16:19:50.779 [main] DEBUG org.apache.http.headers - << date: Mon, 08 May 2023 09:19:52 GMT
16:19:50.779 [main] DEBUG org.apache.http.headers - << content-encoding: gzip
16:19:50.779 [main] DEBUG org.apache.http.headers - << transfer-encoding: chunked
16:19:50.779 [main] DEBUG org.apache.http.headers - << server: Fly/3f2597ca (2023-05-03)
16:19:50.779 [main] DEBUG org.apache.http.headers - << via: 1.1 fly.io
16:19:50.779 [main] DEBUG org.apache.http.headers - << fly-request-id: 01GZXAJ0099XD6GMFV2RF7D8EN-sin
16:19:50.779 [main] DEBUG org.apache.http.impl.client.DefaultHttpClient - Connection can be kept alive indefinitely
16:19:50.779 [main] DEBUG io.restassured.internal.RestAssuredHttpBuilder - Parsing response as: application/json
16:19:50.779 [main] DEBUG org.apache.http.wire -  << "35[\r][\n]"
16:19:50.779 [main] DEBUG org.apache.http.wire -  << "[0x1f][0x8b][0x8][0x0][0x0][0x0][0x0][0x0][0x4][0xff][0xab]VJ-*[0xca]/R[0xb2]RJ+[0xcd][0xc9][0xc9]K[0xcc]MU[0xc8],V(J-,[0xcd],JMQ[0xaa][0xe5][0x2][0x0]ok4[0xc9]![0x0][0x0][0x0]"
16:19:50.779 [main] DEBUG org.apache.http.wire -  << "[\r][\n]"
16:19:50.780 [main] DEBUG org.apache.http.wire -  << "0[\r][\n]"
16:19:50.780 [main] DEBUG org.apache.http.wire -  << "[\r][\n]"
16:19:50.780 [main] DEBUG io.restassured.internal.RestAssuredHttpBuilder - Parsed data to instance of: class org.apache.http.conn.EofSensorInputStream
16:19:50.781 [main] DEBUG org.apache.http.impl.conn.BasicClientConnectionManager - Releasing connection org.apache.http.impl.conn.ManagedClientConnectionImpl@42066f0d
16:19:50.781 [main] DEBUG org.apache.http.impl.conn.BasicClientConnectionManager - Connection can be kept alive indefinitely
16:19:50.782 [main] DEBUG net.thucydides.core.steps.StepInterceptor - STEP DONE: I send POST HTTP request register2
  &amp#27;[32mWhen &amp#27;[0m&amp#27;[32mI send POST HTTP request register2&amp#27;[0m              &amp#27;[90m# starter.stepdefinitions.RegisterSteps.sendPostHttpRequestRegister2()&amp#27;[0m
16:19:50.787 [main] DEBUG net.thucydides.core.steps.StepInterceptor - STARTING STEP: RegisterSteps.receiveValidHttp400Register - I receive valid HTTP response code 400 register
16:19:50.788 [main] DEBUG net.thucydides.core.steps.StepInterceptor - STEP DONE: I receive valid HTTP response code 400 register
  &amp#27;[32mThen &amp#27;[0m&amp#27;[32mI receive valid HTTP response code 400 register&amp#27;[0m &amp#27;[90m# starter.stepdefinitions.RegisterSteps.receiveValidHttp400Register()&amp#27;[0m
16:19:50.790 [main] INFO  - 
  _____   ___   ___   _____     ___     _     ___   ___   ___   ___  
 |_   _| | __| / __| |_   _|   | _ \   /_\   / __| / __| | __| |   \ 
   | |   | _|  \__ \   | |     |  _/  / _ \  \__ \ \__ \ | _|  | |) |
   |_|   |___| |___/   |_|     |_|   /_/ \_\ |___/ |___/ |___| |___/ 

POST - Register without fullname
----------------------------------------------------------------------
]]></system-out>
  </testcase>
  <testcase name="POST - Register without email" classname="Register" time="0.281">
    <system-out><![CDATA[
Scenario: POST - Register without email                &amp#27;[90m# src/test/resources/features/1. Register.feature:17&amp#27;[0m
16:19:50.802 [main] DEBUG io.cucumber.core.plugin.SerenityReporter - Running feature from file:///C:/Users/WINDOWS%2010/Documents/GitHub/MiniProject_QE/API/minpro/src/test/resources/features/1.%20Register.feature
16:19:50.807 [main] INFO  - 
  _____   ___   ___   _____     ___   _____     _     ___   _____   ___   ___  
 |_   _| | __| / __| |_   _|   / __| |_   _|   /_\   | _ \ |_   _| | __| |   \ 
   | |   | _|  \__ \   | |     \__ \   | |    / _ \  |   /   | |   | _|  | |) |
   |_|   |___| |___/   |_|     |___/   |_|   /_/ \_\ |_|_\   |_|   |___| |___/ 

POST - Register without email(register;post---register-without-email)
--------------------------------------------------------------------------------
16:19:50.826 [main] DEBUG net.thucydides.core.steps.StepInterceptor - STARTING STEP: RegisterSteps.setPostApiEndpointsRegister - I set POST api endpoints register
16:19:50.826 [main] DEBUG net.thucydides.core.steps.StepInterceptor - STEP DONE: I set POST api endpoints register
  &amp#27;[32mGiven &amp#27;[0m&amp#27;[32mI set POST api endpoints register&amp#27;[0m              &amp#27;[90m# starter.stepdefinitions.RegisterSteps.setPostApiEndpointsRegister()&amp#27;[0m
16:19:50.834 [main] DEBUG net.thucydides.core.steps.StepInterceptor - STARTING STEP: RegisterSteps.sendPostHttpRequestRegister3 - I send POST HTTP request register3
16:19:50.837 [main] DEBUG net.thucydides.core.steps.StepInterceptor - STARTING STEP: Register.sendPostHttpRequestRegister3 - I set POST api endpoints register
16:19:50.837 [main] DEBUG net.thucydides.core.steps.StepInterceptor - STEP DONE: I set POST api endpoints register
16:19:50.865 [main] DEBUG org.apache.http.impl.conn.BasicClientConnectionManager - Get connection for route {s}->https://altashop-api.fly.dev:443
16:19:50.865 [main] DEBUG org.apache.http.impl.conn.DefaultClientConnectionOperator - Connecting to altashop-api.fly.dev:443
16:19:50.991 [Finalizer] DEBUG org.apache.http.impl.conn.DefaultClientConnection - Connection 0.0.0.0:53869<->149.248.193.56:443 closed
16:19:50.995 [main] DEBUG org.apache.http.client.protocol.RequestAddCookies - CookieSpec selected: ignoreCookies
16:19:50.995 [main] DEBUG org.apache.http.client.protocol.RequestAuthCache - Auth cache not set in the context
16:19:50.995 [main] DEBUG org.apache.http.client.protocol.RequestTargetAuthentication - Target auth state: UNCHALLENGED
16:19:50.995 [main] DEBUG org.apache.http.client.protocol.RequestProxyAuthentication - Proxy auth state: UNCHALLENGED
16:19:50.995 [main] DEBUG org.apache.http.impl.client.DefaultHttpClient - Attempt 1 to execute request
16:19:50.995 [main] DEBUG org.apache.http.impl.conn.DefaultClientConnection - Sending request: POST /api/auth/register HTTP/1.1
16:19:50.996 [main] DEBUG org.apache.http.wire -  >> "POST /api/auth/register HTTP/1.1[\r][\n]"
16:19:50.996 [main] DEBUG org.apache.http.wire -  >> "Accept: */*[\r][\n]"
16:19:50.996 [main] DEBUG org.apache.http.wire -  >> "Content-Type: application/json[\r][\n]"
16:19:50.996 [main] DEBUG org.apache.http.wire -  >> "Content-Length: 53[\r][\n]"
16:19:50.996 [main] DEBUG org.apache.http.wire -  >> "Host: altashop-api.fly.dev[\r][\n]"
16:19:50.996 [main] DEBUG org.apache.http.wire -  >> "Connection: Keep-Alive[\r][\n]"
16:19:50.996 [main] DEBUG org.apache.http.wire -  >> "User-Agent: Apache-HttpClient/4.5.13 (Java/15)[\r][\n]"
16:19:50.996 [main] DEBUG org.apache.http.wire -  >> "Accept-Encoding: gzip,deflate[\r][\n]"
16:19:50.996 [main] DEBUG org.apache.http.wire -  >> "[\r][\n]"
16:19:50.996 [main] DEBUG org.apache.http.headers - >> POST /api/auth/register HTTP/1.1
16:19:50.996 [main] DEBUG org.apache.http.headers - >> Accept: */*
16:19:50.996 [main] DEBUG org.apache.http.headers - >> Content-Type: application/json
16:19:50.996 [main] DEBUG org.apache.http.headers - >> Content-Length: 53
16:19:50.996 [main] DEBUG org.apache.http.headers - >> Host: altashop-api.fly.dev
16:19:50.996 [main] DEBUG org.apache.http.headers - >> Connection: Keep-Alive
16:19:50.996 [main] DEBUG org.apache.http.headers - >> User-Agent: Apache-HttpClient/4.5.13 (Java/15)
16:19:50.996 [main] DEBUG org.apache.http.headers - >> Accept-Encoding: gzip,deflate
16:19:50.996 [main] DEBUG org.apache.http.wire -  >> "{"password":"123456","fullname":"someone","email":""}"
16:19:51.059 [main] DEBUG org.apache.http.wire -  << "HTTP/1.1 400 Bad Request[\r][\n]"
16:19:51.059 [main] DEBUG org.apache.http.wire -  << "content-type: application/json[\r][\n]"
16:19:51.059 [main] DEBUG org.apache.http.wire -  << "date: Mon, 08 May 2023 09:19:52 GMT[\r][\n]"
16:19:51.059 [main] DEBUG org.apache.http.wire -  << "content-encoding: gzip[\r][\n]"
16:19:51.059 [main] DEBUG org.apache.http.wire -  << "transfer-encoding: chunked[\r][\n]"
16:19:51.059 [main] DEBUG org.apache.http.wire -  << "server: Fly/3f2597ca (2023-05-03)[\r][\n]"
16:19:51.059 [main] DEBUG org.apache.http.wire -  << "via: 1.1 fly.io[\r][\n]"
16:19:51.059 [main] DEBUG org.apache.http.wire -  << "fly-request-id: 01GZXAJ09MRDHJW1H50070MTYT-sin[\r][\n]"
16:19:51.059 [main] DEBUG org.apache.http.wire -  << "[\r][\n]"
16:19:51.059 [main] DEBUG org.apache.http.impl.conn.DefaultClientConnection - Receiving response: HTTP/1.1 400 Bad Request
16:19:51.059 [main] DEBUG org.apache.http.headers - << HTTP/1.1 400 Bad Request
16:19:51.059 [main] DEBUG org.apache.http.headers - << content-type: application/json
16:19:51.059 [main] DEBUG org.apache.http.headers - << date: Mon, 08 May 2023 09:19:52 GMT
16:19:51.059 [main] DEBUG org.apache.http.headers - << content-encoding: gzip
16:19:51.059 [main] DEBUG org.apache.http.headers - << transfer-encoding: chunked
16:19:51.059 [main] DEBUG org.apache.http.headers - << server: Fly/3f2597ca (2023-05-03)
16:19:51.060 [main] DEBUG org.apache.http.headers - << via: 1.1 fly.io
16:19:51.060 [main] DEBUG org.apache.http.headers - << fly-request-id: 01GZXAJ09MRDHJW1H50070MTYT-sin
16:19:51.060 [main] DEBUG org.apache.http.impl.client.DefaultHttpClient - Connection can be kept alive indefinitely
16:19:51.060 [main] DEBUG io.restassured.internal.RestAssuredHttpBuilder - Parsing response as: application/json
16:19:51.060 [main] DEBUG org.apache.http.wire -  << "32[\r][\n]"
16:19:51.060 [main] DEBUG org.apache.http.wire -  << "[0x1f][0x8b][0x8][0x0][0x0][0x0][0x0][0x0][0x4][0xff][0xab]VJ-*[0xca]/R[0xb2]RJ[0xcd]M[0xcc][0xcc]Q[0xc8],V(J-,[0xcd],JMQ[0xaa][0xe5][0x2][0x0]&[0xe3][0xaa]j[0x1e][0x0][0x0][0x0]"
16:19:51.060 [main] DEBUG org.apache.http.wire -  << "[\r][\n]"
16:19:51.060 [main] DEBUG org.apache.http.wire -  << "0[\r][\n]"
16:19:51.060 [main] DEBUG org.apache.http.wire -  << "[\r][\n]"
16:19:51.060 [main] DEBUG io.restassured.internal.RestAssuredHttpBuilder - Parsed data to instance of: class org.apache.http.conn.EofSensorInputStream
16:19:51.062 [main] DEBUG org.apache.http.impl.conn.BasicClientConnectionManager - Releasing connection org.apache.http.impl.conn.ManagedClientConnectionImpl@148fca83
16:19:51.062 [main] DEBUG org.apache.http.impl.conn.BasicClientConnectionManager - Connection can be kept alive indefinitely
16:19:51.062 [main] DEBUG net.thucydides.core.steps.StepInterceptor - STEP DONE: I send POST HTTP request register3
  &amp#27;[32mWhen &amp#27;[0m&amp#27;[32mI send POST HTTP request register3&amp#27;[0m              &amp#27;[90m# starter.stepdefinitions.RegisterSteps.sendPostHttpRequestRegister3()&amp#27;[0m
16:19:51.067 [main] DEBUG net.thucydides.core.steps.StepInterceptor - STARTING STEP: RegisterSteps.receiveValidHttp400Register - I receive valid HTTP response code 400 register
16:19:51.067 [main] DEBUG net.thucydides.core.steps.StepInterceptor - STEP DONE: I receive valid HTTP response code 400 register
  &amp#27;[32mThen &amp#27;[0m&amp#27;[32mI receive valid HTTP response code 400 register&amp#27;[0m &amp#27;[90m# starter.stepdefinitions.RegisterSteps.receiveValidHttp400Register()&amp#27;[0m
16:19:51.071 [main] INFO  - 
  _____   ___   ___   _____     ___     _     ___   ___   ___   ___  
 |_   _| | __| / __| |_   _|   | _ \   /_\   / __| / __| | __| |   \ 
   | |   | _|  \__ \   | |     |  _/  / _ \  \__ \ \__ \ | _|  | |) |
   |_|   |___| |___/   |_|     |_|   /_/ \_\ |___/ |___/ |___| |___/ 

POST - Register without email
----------------------------------------------------------------------
]]></system-out>
  </testcase>
  <testcase name="POST - Register without password" classname="Register" time="0.359">
    <system-out><![CDATA[
Scenario: POST - Register without password             &amp#27;[90m# src/test/resources/features/1. Register.feature:22&amp#27;[0m
16:19:51.088 [main] DEBUG io.cucumber.core.plugin.SerenityReporter - Running feature from file:///C:/Users/WINDOWS%2010/Documents/GitHub/MiniProject_QE/API/minpro/src/test/resources/features/1.%20Register.feature
16:19:51.095 [main] INFO  - 
  _____   ___   ___   _____     ___   _____     _     ___   _____   ___   ___  
 |_   _| | __| / __| |_   _|   / __| |_   _|   /_\   | _ \ |_   _| | __| |   \ 
   | |   | _|  \__ \   | |     \__ \   | |    / _ \  |   /   | |   | _|  | |) |
   |_|   |___| |___/   |_|     |___/   |_|   /_/ \_\ |_|_\   |_|   |___| |___/ 

POST - Register without password(register;post---register-without-password)
--------------------------------------------------------------------------------
16:19:51.118 [main] DEBUG net.thucydides.core.steps.StepInterceptor - STARTING STEP: RegisterSteps.setPostApiEndpointsRegister - I set POST api endpoints register
16:19:51.120 [main] DEBUG net.thucydides.core.steps.StepInterceptor - STEP DONE: I set POST api endpoints register
  &amp#27;[32mGiven &amp#27;[0m&amp#27;[32mI set POST api endpoints register&amp#27;[0m              &amp#27;[90m# starter.stepdefinitions.RegisterSteps.setPostApiEndpointsRegister()&amp#27;[0m
16:19:51.127 [main] DEBUG net.thucydides.core.steps.StepInterceptor - STARTING STEP: RegisterSteps.sendPostHttpRequest4 - I send POST HTTP request register4
16:19:51.131 [main] DEBUG net.thucydides.core.steps.StepInterceptor - STARTING STEP: Register.sendPostHttpRequestRegister4 - I set POST api endpoints register
16:19:51.131 [main] DEBUG net.thucydides.core.steps.StepInterceptor - STEP DONE: I set POST api endpoints register
16:19:51.170 [main] DEBUG org.apache.http.impl.conn.BasicClientConnectionManager - Get connection for route {s}->https://altashop-api.fly.dev:443
16:19:51.170 [main] DEBUG org.apache.http.impl.conn.DefaultClientConnectionOperator - Connecting to altashop-api.fly.dev:443
16:19:51.342 [main] DEBUG org.apache.http.client.protocol.RequestAddCookies - CookieSpec selected: ignoreCookies
16:19:51.342 [main] DEBUG org.apache.http.client.protocol.RequestAuthCache - Auth cache not set in the context
16:19:51.342 [main] DEBUG org.apache.http.client.protocol.RequestTargetAuthentication - Target auth state: UNCHALLENGED
16:19:51.342 [main] DEBUG org.apache.http.client.protocol.RequestProxyAuthentication - Proxy auth state: UNCHALLENGED
16:19:51.342 [main] DEBUG org.apache.http.impl.client.DefaultHttpClient - Attempt 1 to execute request
16:19:51.342 [main] DEBUG org.apache.http.impl.conn.DefaultClientConnection - Sending request: POST /api/auth/register HTTP/1.1
16:19:51.342 [main] DEBUG org.apache.http.wire -  >> "POST /api/auth/register HTTP/1.1[\r][\n]"
16:19:51.342 [main] DEBUG org.apache.http.wire -  >> "Accept: */*[\r][\n]"
16:19:51.342 [main] DEBUG org.apache.http.wire -  >> "Content-Type: application/json[\r][\n]"
16:19:51.342 [main] DEBUG org.apache.http.wire -  >> "Content-Length: 78[\r][\n]"
16:19:51.342 [main] DEBUG org.apache.http.wire -  >> "Host: altashop-api.fly.dev[\r][\n]"
16:19:51.342 [main] DEBUG org.apache.http.wire -  >> "Connection: Keep-Alive[\r][\n]"
16:19:51.342 [main] DEBUG org.apache.http.wire -  >> "User-Agent: Apache-HttpClient/4.5.13 (Java/15)[\r][\n]"
16:19:51.342 [main] DEBUG org.apache.http.wire -  >> "Accept-Encoding: gzip,deflate[\r][\n]"
16:19:51.342 [main] DEBUG org.apache.http.wire -  >> "[\r][\n]"
16:19:51.342 [main] DEBUG org.apache.http.headers - >> POST /api/auth/register HTTP/1.1
16:19:51.342 [main] DEBUG org.apache.http.headers - >> Accept: */*
16:19:51.342 [main] DEBUG org.apache.http.headers - >> Content-Type: application/json
16:19:51.342 [main] DEBUG org.apache.http.headers - >> Content-Length: 78
16:19:51.342 [main] DEBUG org.apache.http.headers - >> Host: altashop-api.fly.dev
16:19:51.342 [main] DEBUG org.apache.http.headers - >> Connection: Keep-Alive
16:19:51.342 [main] DEBUG org.apache.http.headers - >> User-Agent: Apache-HttpClient/4.5.13 (Java/15)
16:19:51.342 [main] DEBUG org.apache.http.headers - >> Accept-Encoding: gzip,deflate
16:19:51.342 [main] DEBUG org.apache.http.wire -  >> "{"password":"","fullname":"Firstname Lastname","email":"someoneitw@gmail.com"}"
16:19:51.422 [main] DEBUG org.apache.http.wire -  << "HTTP/1.1 400 Bad Request[\r][\n]"
16:19:51.422 [main] DEBUG org.apache.http.wire -  << "content-type: application/json[\r][\n]"
16:19:51.422 [main] DEBUG org.apache.http.wire -  << "date: Mon, 08 May 2023 09:19:52 GMT[\r][\n]"
16:19:51.422 [main] DEBUG org.apache.http.wire -  << "content-encoding: gzip[\r][\n]"
16:19:51.422 [main] DEBUG org.apache.http.wire -  << "transfer-encoding: chunked[\r][\n]"
16:19:51.422 [main] DEBUG org.apache.http.wire -  << "server: Fly/3f2597ca (2023-05-03)[\r][\n]"
16:19:51.422 [main] DEBUG org.apache.http.wire -  << "via: 1.1 fly.io[\r][\n]"
16:19:51.422 [main] DEBUG org.apache.http.wire -  << "fly-request-id: 01GZXAJ0MD51SKNGQGR4MN06W0-sin[\r][\n]"
16:19:51.422 [main] DEBUG org.apache.http.wire -  << "[\r][\n]"
16:19:51.422 [main] DEBUG org.apache.http.impl.conn.DefaultClientConnection - Receiving response: HTTP/1.1 400 Bad Request
16:19:51.422 [main] DEBUG org.apache.http.headers - << HTTP/1.1 400 Bad Request
16:19:51.423 [main] DEBUG org.apache.http.headers - << content-type: application/json
16:19:51.423 [main] DEBUG org.apache.http.headers - << date: Mon, 08 May 2023 09:19:52 GMT
16:19:51.423 [main] DEBUG org.apache.http.headers - << content-encoding: gzip
16:19:51.423 [main] DEBUG org.apache.http.headers - << transfer-encoding: chunked
16:19:51.423 [main] DEBUG org.apache.http.headers - << server: Fly/3f2597ca (2023-05-03)
16:19:51.423 [main] DEBUG org.apache.http.headers - << via: 1.1 fly.io
16:19:51.423 [main] DEBUG org.apache.http.headers - << fly-request-id: 01GZXAJ0MD51SKNGQGR4MN06W0-sin
16:19:51.423 [main] DEBUG org.apache.http.impl.client.DefaultHttpClient - Connection can be kept alive indefinitely
16:19:51.423 [main] DEBUG io.restassured.internal.RestAssuredHttpBuilder - Parsing response as: application/json
16:19:51.423 [main] DEBUG org.apache.http.wire -  << "35[\r][\n]"
16:19:51.423 [main] DEBUG org.apache.http.wire -  << "[0x1f][0x8b][0x8][0x0][0x0][0x0][0x0][0x0][0x4][0xff][0xab]VJ-*[0xca]/R[0xb2]R*H,..[0xcf]/JQ[0xc8],V(J-,[0xcd],JMQ[0xaa][0xe5][0x2][0x0][0xb9][0x8f][0xe5][0xe0]![0x0][0x0][0x0]"
16:19:51.423 [main] DEBUG org.apache.http.wire -  << "[\r][\n]"
16:19:51.423 [main] DEBUG org.apache.http.wire -  << "0[\r][\n]"
16:19:51.423 [main] DEBUG org.apache.http.wire -  << "[\r][\n]"
16:19:51.423 [main] DEBUG io.restassured.internal.RestAssuredHttpBuilder - Parsed data to instance of: class org.apache.http.conn.EofSensorInputStream
16:19:51.424 [main] DEBUG org.apache.http.impl.conn.BasicClientConnectionManager - Releasing connection org.apache.http.impl.conn.ManagedClientConnectionImpl@6fefc5ea
16:19:51.424 [main] DEBUG org.apache.http.impl.conn.BasicClientConnectionManager - Connection can be kept alive indefinitely
16:19:51.424 [main] DEBUG net.thucydides.core.steps.StepInterceptor - STEP DONE: I send POST HTTP request register4
  &amp#27;[32mWhen &amp#27;[0m&amp#27;[32mI send POST HTTP request register4&amp#27;[0m              &amp#27;[90m# starter.stepdefinitions.RegisterSteps.sendPostHttpRequest4()&amp#27;[0m
16:19:51.427 [main] DEBUG net.thucydides.core.steps.StepInterceptor - STARTING STEP: RegisterSteps.receiveValidHttp400Register - I receive valid HTTP response code 400 register
16:19:51.428 [main] DEBUG net.thucydides.core.steps.StepInterceptor - STEP DONE: I receive valid HTTP response code 400 register
  &amp#27;[32mThen &amp#27;[0m&amp#27;[32mI receive valid HTTP response code 400 register&amp#27;[0m &amp#27;[90m# starter.stepdefinitions.RegisterSteps.receiveValidHttp400Register()&amp#27;[0m
16:19:51.431 [main] INFO  - 
  _____   ___   ___   _____     ___     _     ___   ___   ___   ___  
 |_   _| | __| / __| |_   _|   | _ \   /_\   / __| / __| | __| |   \ 
   | |   | _|  \__ \   | |     |  _/  / _ \  \__ \ \__ \ | _|  | |) |
   |_|   |___| |___/   |_|     |_|   /_/ \_\ |___/ |___/ |___| |___/ 

POST - Register without password
----------------------------------------------------------------------
]]></system-out>
  </testcase>
  <testcase name="POST - Register with existed account" classname="Register" time="0.265">
    <system-out><![CDATA[
Scenario: POST - Register with existed account         &amp#27;[90m# src/test/resources/features/1. Register.feature:27&amp#27;[0m
16:19:51.438 [main] DEBUG io.cucumber.core.plugin.SerenityReporter - Running feature from file:///C:/Users/WINDOWS%2010/Documents/GitHub/MiniProject_QE/API/minpro/src/test/resources/features/1.%20Register.feature
16:19:51.443 [main] INFO  - 
  _____   ___   ___   _____     ___   _____     _     ___   _____   ___   ___  
 |_   _| | __| / __| |_   _|   / __| |_   _|   /_\   | _ \ |_   _| | __| |   \ 
   | |   | _|  \__ \   | |     \__ \   | |    / _ \  |   /   | |   | _|  | |) |
   |_|   |___| |___/   |_|     |___/   |_|   /_/ \_\ |_|_\   |_|   |___| |___/ 

POST - Register with existed account(register;post---register-with-existed-account)
--------------------------------------------------------------------------------
16:19:51.461 [main] DEBUG net.thucydides.core.steps.StepInterceptor - STARTING STEP: RegisterSteps.setPostApiEndpointsRegister - I set POST api endpoints register
16:19:51.461 [main] DEBUG net.thucydides.core.steps.StepInterceptor - STEP DONE: I set POST api endpoints register
  &amp#27;[32mGiven &amp#27;[0m&amp#27;[32mI set POST api endpoints register&amp#27;[0m              &amp#27;[90m# starter.stepdefinitions.RegisterSteps.setPostApiEndpointsRegister()&amp#27;[0m
16:19:51.466 [main] DEBUG net.thucydides.core.steps.StepInterceptor - STARTING STEP: RegisterSteps.sendPostHttpRequest5 - I send POST HTTP request register5
16:19:51.468 [main] DEBUG net.thucydides.core.steps.StepInterceptor - STARTING STEP: Register.sendPostHttpRequestRegister5 - I set POST api endpoints register
16:19:51.469 [main] DEBUG net.thucydides.core.steps.StepInterceptor - STEP DONE: I set POST api endpoints register
16:19:51.486 [main] DEBUG org.apache.http.impl.conn.BasicClientConnectionManager - Get connection for route {s}->https://altashop-api.fly.dev:443
16:19:51.486 [main] DEBUG org.apache.http.impl.conn.DefaultClientConnectionOperator - Connecting to altashop-api.fly.dev:443
16:19:51.617 [main] DEBUG org.apache.http.client.protocol.RequestAddCookies - CookieSpec selected: ignoreCookies
16:19:51.617 [main] DEBUG org.apache.http.client.protocol.RequestAuthCache - Auth cache not set in the context
16:19:51.617 [main] DEBUG org.apache.http.client.protocol.RequestTargetAuthentication - Target auth state: UNCHALLENGED
16:19:51.617 [main] DEBUG org.apache.http.client.protocol.RequestProxyAuthentication - Proxy auth state: UNCHALLENGED
16:19:51.617 [main] DEBUG org.apache.http.impl.client.DefaultHttpClient - Attempt 1 to execute request
16:19:51.617 [main] DEBUG org.apache.http.impl.conn.DefaultClientConnection - Sending request: POST /api/auth/register HTTP/1.1
16:19:51.617 [main] DEBUG org.apache.http.wire -  >> "POST /api/auth/register HTTP/1.1[\r][\n]"
16:19:51.617 [main] DEBUG org.apache.http.wire -  >> "Accept: */*[\r][\n]"
16:19:51.617 [main] DEBUG org.apache.http.wire -  >> "Content-Type: application/json[\r][\n]"
16:19:51.617 [main] DEBUG org.apache.http.wire -  >> "Content-Length: 84[\r][\n]"
16:19:51.617 [main] DEBUG org.apache.http.wire -  >> "Host: altashop-api.fly.dev[\r][\n]"
16:19:51.618 [main] DEBUG org.apache.http.wire -  >> "Connection: Keep-Alive[\r][\n]"
16:19:51.618 [main] DEBUG org.apache.http.wire -  >> "User-Agent: Apache-HttpClient/4.5.13 (Java/15)[\r][\n]"
16:19:51.618 [main] DEBUG org.apache.http.wire -  >> "Accept-Encoding: gzip,deflate[\r][\n]"
16:19:51.618 [main] DEBUG org.apache.http.wire -  >> "[\r][\n]"
16:19:51.618 [main] DEBUG org.apache.http.headers - >> POST /api/auth/register HTTP/1.1
16:19:51.618 [main] DEBUG org.apache.http.headers - >> Accept: */*
16:19:51.618 [main] DEBUG org.apache.http.headers - >> Content-Type: application/json
16:19:51.618 [main] DEBUG org.apache.http.headers - >> Content-Length: 84
16:19:51.618 [main] DEBUG org.apache.http.headers - >> Host: altashop-api.fly.dev
16:19:51.618 [main] DEBUG org.apache.http.headers - >> Connection: Keep-Alive
16:19:51.618 [main] DEBUG org.apache.http.headers - >> User-Agent: Apache-HttpClient/4.5.13 (Java/15)
16:19:51.618 [main] DEBUG org.apache.http.headers - >> Accept-Encoding: gzip,deflate
16:19:51.618 [main] DEBUG org.apache.http.wire -  >> "{"password":"123123","fullname":"Firstname Lastname","email":"someoneitw@gmail.com"}"
16:19:51.681 [main] DEBUG org.apache.http.wire -  << "HTTP/1.1 400 Bad Request[\r][\n]"
16:19:51.681 [main] DEBUG org.apache.http.wire -  << "content-type: application/json[\r][\n]"
16:19:51.681 [main] DEBUG org.apache.http.wire -  << "date: Mon, 08 May 2023 09:19:53 GMT[\r][\n]"
16:19:51.681 [main] DEBUG org.apache.http.wire -  << "content-encoding: gzip[\r][\n]"
16:19:51.681 [main] DEBUG org.apache.http.wire -  << "transfer-encoding: chunked[\r][\n]"
16:19:51.681 [main] DEBUG org.apache.http.wire -  << "server: Fly/3f2597ca (2023-05-03)[\r][\n]"
16:19:51.681 [main] DEBUG org.apache.http.wire -  << "via: 1.1 fly.io[\r][\n]"
16:19:51.681 [main] DEBUG org.apache.http.wire -  << "fly-request-id: 01GZXAJ0X0NDNG87Q07JND88M9-sin[\r][\n]"
16:19:51.681 [main] DEBUG org.apache.http.wire -  << "[\r][\n]"
16:19:51.681 [main] DEBUG org.apache.http.impl.conn.DefaultClientConnection - Receiving response: HTTP/1.1 400 Bad Request
16:19:51.681 [main] DEBUG org.apache.http.headers - << HTTP/1.1 400 Bad Request
16:19:51.681 [main] DEBUG org.apache.http.headers - << content-type: application/json
16:19:51.681 [main] DEBUG org.apache.http.headers - << date: Mon, 08 May 2023 09:19:53 GMT
16:19:51.681 [main] DEBUG org.apache.http.headers - << content-encoding: gzip
16:19:51.681 [main] DEBUG org.apache.http.headers - << transfer-encoding: chunked
16:19:51.681 [main] DEBUG org.apache.http.headers - << server: Fly/3f2597ca (2023-05-03)
16:19:51.681 [main] DEBUG org.apache.http.headers - << via: 1.1 fly.io
16:19:51.681 [main] DEBUG org.apache.http.headers - << fly-request-id: 01GZXAJ0X0NDNG87Q07JND88M9-sin
16:19:51.681 [main] DEBUG org.apache.http.impl.client.DefaultHttpClient - Connection can be kept alive indefinitely
16:19:51.682 [main] DEBUG io.restassured.internal.RestAssuredHttpBuilder - Parsing response as: application/json
16:19:51.682 [main] DEBUG org.apache.http.wire -  << "7B[\r][\n]"
16:19:51.682 [main] DEBUG org.apache.http.wire -  << "[0x1f][0x8b][0x8][0x0][0x0][0x0][0x0][0x0][0x4][0xff][0xab]VJ-*[0xca]/R[0xb2]Rr[\r][\n]"
16:19:51.682 [main] DEBUG org.apache.http.wire -  << "[0xf2][0xf][0xb2]RH)-[0xc8][0xc9]LN,IU[0xc8]N[0xad]T(K[0xcc])MU([0xcb][0xcc][0xcf]I,I-V([0xcd][0xcb],,MUH[0xce][0xcf]+.)J[0xcc][0xcc]+Q[0x88]Q*-N-*[0x8e]O[0xcd]M[0xcc][0xcc][0x89][0xcf]N[0xad][0x8c]QR[0xd0][0x8][0xe][0xf4][0x9][0xe]q[0xc]qU02650[0xd5]T[0xaa][0xe5][0x2][0x0][0x1a]G[0x13]pg[0x0][0x0][0x0]"
16:19:51.682 [main] DEBUG org.apache.http.wire -  << "[\r][\n]"
16:19:51.682 [main] DEBUG org.apache.http.wire -  << "0[\r][\n]"
16:19:51.682 [main] DEBUG org.apache.http.wire -  << "[\r][\n]"
16:19:51.682 [main] DEBUG io.restassured.internal.RestAssuredHttpBuilder - Parsed data to instance of: class org.apache.http.conn.EofSensorInputStream
16:19:51.683 [main] DEBUG org.apache.http.impl.conn.BasicClientConnectionManager - Releasing connection org.apache.http.impl.conn.ManagedClientConnectionImpl@7d551ec6
16:19:51.683 [main] DEBUG org.apache.http.impl.conn.BasicClientConnectionManager - Connection can be kept alive indefinitely
16:19:51.684 [main] DEBUG net.thucydides.core.steps.StepInterceptor - STEP DONE: I send POST HTTP request register5
  &amp#27;[32mWhen &amp#27;[0m&amp#27;[32mI send POST HTTP request register5&amp#27;[0m              &amp#27;[90m# starter.stepdefinitions.RegisterSteps.sendPostHttpRequest5()&amp#27;[0m
16:19:51.689 [main] DEBUG net.thucydides.core.steps.StepInterceptor - STARTING STEP: RegisterSteps.receiveValidHttp400Register - I receive valid HTTP response code 400 register
16:19:51.690 [main] DEBUG net.thucydides.core.steps.StepInterceptor - STEP DONE: I receive valid HTTP response code 400 register
  &amp#27;[32mThen &amp#27;[0m&amp#27;[32mI receive valid HTTP response code 400 register&amp#27;[0m &amp#27;[90m# starter.stepdefinitions.RegisterSteps.receiveValidHttp400Register()&amp#27;[0m
16:19:51.695 [main] INFO  - 
  _____   ___   ___   _____     ___     _     ___   ___   ___   ___  
 |_   _| | __| / __| |_   _|   | _ \   /_\   / __| / __| | __| |   \ 
   | |   | _|  \__ \   | |     |  _/  / _ \  \__ \ \__ \ | _|  | |) |
   |_|   |___| |___/   |_|     |_|   /_/ \_\ |___/ |___/ |___| |___/ 

POST - Register with existed account
----------------------------------------------------------------------
]]></system-out>
  </testcase>
  <testcase name="POST - Login with valid credential" classname="Login" time="0.359">
    <system-out><![CDATA[16:19:51.698 [main] DEBUG io.cucumber.core.plugin.SerenityReporter - Running feature from file:///C:/Users/WINDOWS%2010/Documents/GitHub/MiniProject_QE/API/minpro/src/test/resources/features/2.%20Login.feature
16:19:51.705 [main] DEBUG net.thucydides.core.steps.StepEventBus - Test suite started for story net.thucydides.core.model.Story@86b1dd01
16:19:51.706 [main] INFO  - Test Suite Started: Login

Scenario: POST - Login with valid credential        &amp#27;[90m# src/test/resources/features/2. Login.feature:7&amp#27;[0m
16:19:51.717 [main] DEBUG io.cucumber.core.plugin.SerenityReporter - Running feature from file:///C:/Users/WINDOWS%2010/Documents/GitHub/MiniProject_QE/API/minpro/src/test/resources/features/2.%20Login.feature
16:19:51.725 [main] INFO  - 
  _____   ___   ___   _____     ___   _____     _     ___   _____   ___   ___  
 |_   _| | __| / __| |_   _|   / __| |_   _|   /_\   | _ \ |_   _| | __| |   \ 
   | |   | _|  \__ \   | |     \__ \   | |    / _ \  |   /   | |   | _|  | |) |
   |_|   |___| |___/   |_|     |___/   |_|   /_/ \_\ |_|_\   |_|   |___| |___/ 

POST - Login with valid credential(login;post---login-with-valid-credential)
--------------------------------------------------------------------------------
16:19:51.773 [main] DEBUG net.thucydides.core.steps.StepInterceptor - STARTING STEP: LoginSteps.setPostApiEndpointsLogin - I set POST api endpoints login
16:19:51.773 [main] DEBUG net.thucydides.core.steps.StepInterceptor - STEP DONE: I set POST api endpoints login
  &amp#27;[32mGiven &amp#27;[0m&amp#27;[32mI set POST api endpoints login&amp#27;[0m              &amp#27;[90m# starter.stepdefinitions.LoginSteps.setPostApiEndpointsLogin()&amp#27;[0m
16:19:51.782 [main] DEBUG net.thucydides.core.steps.StepInterceptor - STARTING STEP: LoginSteps.sendPostHttpRequestLogin - I send POST HTTP request login
16:19:51.786 [main] DEBUG net.thucydides.core.steps.StepInterceptor - STARTING STEP: Login.sendPostHttpRequestLogin - I set POST api endpoints login
16:19:51.786 [main] DEBUG net.thucydides.core.steps.StepInterceptor - STEP DONE: I set POST api endpoints login
16:19:51.808 [main] DEBUG org.apache.http.impl.conn.BasicClientConnectionManager - Get connection for route {s}->https://altashop-api.fly.dev:443
16:19:51.809 [main] DEBUG org.apache.http.impl.conn.DefaultClientConnectionOperator - Connecting to altashop-api.fly.dev:443
16:19:51.980 [main] DEBUG org.apache.http.client.protocol.RequestAddCookies - CookieSpec selected: ignoreCookies
16:19:51.980 [main] DEBUG org.apache.http.client.protocol.RequestAuthCache - Auth cache not set in the context
16:19:51.981 [main] DEBUG org.apache.http.client.protocol.RequestTargetAuthentication - Target auth state: UNCHALLENGED
16:19:51.981 [main] DEBUG org.apache.http.client.protocol.RequestProxyAuthentication - Proxy auth state: UNCHALLENGED
16:19:51.981 [main] DEBUG org.apache.http.impl.client.DefaultHttpClient - Attempt 1 to execute request
16:19:51.981 [main] DEBUG org.apache.http.impl.conn.DefaultClientConnection - Sending request: POST /api/auth/login HTTP/1.1
16:19:51.981 [main] DEBUG org.apache.http.wire -  >> "POST /api/auth/login HTTP/1.1[\r][\n]"
16:19:51.981 [main] DEBUG org.apache.http.wire -  >> "Accept: */*[\r][\n]"
16:19:51.981 [main] DEBUG org.apache.http.wire -  >> "Content-Type: application/json[\r][\n]"
16:19:51.981 [main] DEBUG org.apache.http.wire -  >> "Content-Length: 55[\r][\n]"
16:19:51.981 [main] DEBUG org.apache.http.wire -  >> "Host: altashop-api.fly.dev[\r][\n]"
16:19:51.981 [main] DEBUG org.apache.http.wire -  >> "Connection: Keep-Alive[\r][\n]"
16:19:51.981 [main] DEBUG org.apache.http.wire -  >> "User-Agent: Apache-HttpClient/4.5.13 (Java/15)[\r][\n]"
16:19:51.981 [main] DEBUG org.apache.http.wire -  >> "Accept-Encoding: gzip,deflate[\r][\n]"
16:19:51.981 [main] DEBUG org.apache.http.wire -  >> "[\r][\n]"
16:19:51.981 [main] DEBUG org.apache.http.headers - >> POST /api/auth/login HTTP/1.1
16:19:51.981 [main] DEBUG org.apache.http.headers - >> Accept: */*
16:19:51.981 [main] DEBUG org.apache.http.headers - >> Content-Type: application/json
16:19:51.981 [main] DEBUG org.apache.http.headers - >> Content-Length: 55
16:19:51.981 [main] DEBUG org.apache.http.headers - >> Host: altashop-api.fly.dev
16:19:51.981 [main] DEBUG org.apache.http.headers - >> Connection: Keep-Alive
16:19:51.981 [main] DEBUG org.apache.http.headers - >> User-Agent: Apache-HttpClient/4.5.13 (Java/15)
16:19:51.981 [main] DEBUG org.apache.http.headers - >> Accept-Encoding: gzip,deflate
16:19:51.981 [main] DEBUG org.apache.http.wire -  >> "{"password":"123123123","email":"someoneitw@gmail.com"}"
16:19:52.056 [main] DEBUG org.apache.http.wire -  << "HTTP/1.1 200 OK[\r][\n]"
16:19:52.056 [main] DEBUG org.apache.http.wire -  << "content-type: application/json[\r][\n]"
16:19:52.056 [main] DEBUG org.apache.http.wire -  << "date: Mon, 08 May 2023 09:19:53 GMT[\r][\n]"
16:19:52.056 [main] DEBUG org.apache.http.wire -  << "content-encoding: gzip[\r][\n]"
16:19:52.056 [main] DEBUG org.apache.http.wire -  << "transfer-encoding: chunked[\r][\n]"
16:19:52.056 [main] DEBUG org.apache.http.wire -  << "server: Fly/3f2597ca (2023-05-03)[\r][\n]"
16:19:52.056 [main] DEBUG org.apache.http.wire -  << "via: 1.1 fly.io[\r][\n]"
16:19:52.056 [main] DEBUG org.apache.http.wire -  << "fly-request-id: 01GZXAJ18C039YJP6NNDK8FCS1-sin[\r][\n]"
16:19:52.056 [main] DEBUG org.apache.http.wire -  << "[\r][\n]"
16:19:52.056 [main] DEBUG org.apache.http.impl.conn.DefaultClientConnection - Receiving response: HTTP/1.1 200 OK
16:19:52.056 [main] DEBUG org.apache.http.headers - << HTTP/1.1 200 OK
16:19:52.056 [main] DEBUG org.apache.http.headers - << content-type: application/json
16:19:52.056 [main] DEBUG org.apache.http.headers - << date: Mon, 08 May 2023 09:19:53 GMT
16:19:52.056 [main] DEBUG org.apache.http.headers - << content-encoding: gzip
16:19:52.056 [main] DEBUG org.apache.http.headers - << transfer-encoding: chunked
16:19:52.056 [main] DEBUG org.apache.http.headers - << server: Fly/3f2597ca (2023-05-03)
16:19:52.056 [main] DEBUG org.apache.http.headers - << via: 1.1 fly.io
16:19:52.056 [main] DEBUG org.apache.http.headers - << fly-request-id: 01GZXAJ18C039YJP6NNDK8FCS1-sin
16:19:52.056 [main] DEBUG org.apache.http.impl.client.DefaultHttpClient - Connection can be kept alive indefinitely
16:19:52.057 [main] DEBUG io.restassured.internal.RestAssuredHttpBuilder - Parsing response as: application/json
16:19:52.057 [main] DEBUG org.apache.http.wire -  << "BA[\r][\n]"
16:19:52.057 [main] DEBUG org.apache.http.wire -  << "[0x1f][0x8b][0x8][0x0][0x0][0x0][0x0][0x0][0x4][0xff][0xab]VJI,IT[0xb2]RJ[0xad][0xf4][0xca]HrO[0xce][0xf4][0xcf][0xf4][0xf2][0xc][0xad][0xf2]4[0xf4][0xcb][0xf4],[0xf6][0xcc][0xb]2Mv[0xf6]4[0xf3][0xcc].[0x88][0x8]s[0xf6][0xb2][0xd4]K[0xad][0xf4]rO[0x9][0xaf](N[0xca]u+[0x89][\n]"
16:19:52.057 [main] DEBUG org.apache.http.wire -  << "[0x6]ID[0x15]$[0xe7][0xf9][0x19]@[0xf8]N[0xbe][0x91][0x11]0[0xb6]g[0xb1]gvXIdxN[0xb1]gV~f[0xb2][0x91]eIT[0xb8]eiTx[0x8e]A[0x8a][0x81]S^R[0xb8][A[0x92][0xb3]iV[0x92][0x91]AfZ[0xa0][0x9e][0xa3]GyV[0xa5][0xb7]S[0x92]y[0x90]_Ph[0xa0]a[0xa8][0xbb]GT~|[0x96]_UR@YF[0x95]y[0x86][0x89][0x97]qn[0x92]Sb[0x89][0x91]gh[0xa0]R-[0x17][0x0][0x81][0xf2][0xc][0x86][0xb3][0x0][0x0][0x0]"
16:19:52.057 [main] DEBUG org.apache.http.wire -  << "[\r][\n]"
16:19:52.057 [main] DEBUG org.apache.http.wire -  << "0[\r][\n]"
16:19:52.057 [main] DEBUG org.apache.http.wire -  << "[\r][\n]"
16:19:52.057 [main] DEBUG io.restassured.internal.RestAssuredHttpBuilder - Parsed data to instance of: class org.apache.http.conn.EofSensorInputStream
16:19:52.059 [main] DEBUG org.apache.http.impl.conn.BasicClientConnectionManager - Releasing connection org.apache.http.impl.conn.ManagedClientConnectionImpl@1618c98a
16:19:52.059 [main] DEBUG org.apache.http.impl.conn.BasicClientConnectionManager - Connection can be kept alive indefinitely
16:19:52.059 [main] DEBUG net.thucydides.core.steps.StepInterceptor - STEP DONE: I send POST HTTP request login
  &amp#27;[32mWhen &amp#27;[0m&amp#27;[32mI send POST HTTP request login&amp#27;[0m               &amp#27;[90m# starter.stepdefinitions.LoginSteps.sendPostHttpRequestLogin()&amp#27;[0m
16:19:52.064 [main] DEBUG net.thucydides.core.steps.StepInterceptor - STARTING STEP: LoginSteps.receiveValidHttp200Login - I receive valid HTTP response code 200 login
16:19:52.065 [main] DEBUG net.thucydides.core.steps.StepInterceptor - STEP DONE: I receive valid HTTP response code 200 login
  &amp#27;[32mThen &amp#27;[0m&amp#27;[32mI receive valid HTTP response code 200 login&amp#27;[0m &amp#27;[90m# starter.stepdefinitions.LoginSteps.receiveValidHttp200Login()&amp#27;[0m
16:19:52.067 [main] INFO  - 
  _____   ___   ___   _____     ___     _     ___   ___   ___   ___  
 |_   _| | __| / __| |_   _|   | _ \   /_\   / __| / __| | __| |   \ 
   | |   | _|  \__ \   | |     |  _/  / _ \  \__ \ \__ \ | _|  | |) |
   |_|   |___| |___/   |_|     |_|   /_/ \_\ |___/ |___/ |___| |___/ 

POST - Login with valid credential
----------------------------------------------------------------------
]]></system-out>
  </testcase>
  <testcase name="POST - Login wrong password" classname="Login" time="0.274">
    <system-out><![CDATA[
Scenario: POST - Login wrong password               &amp#27;[90m# src/test/resources/features/2. Login.feature:12&amp#27;[0m
16:19:52.075 [main] DEBUG io.cucumber.core.plugin.SerenityReporter - Running feature from file:///C:/Users/WINDOWS%2010/Documents/GitHub/MiniProject_QE/API/minpro/src/test/resources/features/2.%20Login.feature
16:19:52.080 [main] INFO  - 
  _____   ___   ___   _____     ___   _____     _     ___   _____   ___   ___  
 |_   _| | __| / __| |_   _|   / __| |_   _|   /_\   | _ \ |_   _| | __| |   \ 
   | |   | _|  \__ \   | |     \__ \   | |    / _ \  |   /   | |   | _|  | |) |
   |_|   |___| |___/   |_|     |___/   |_|   /_/ \_\ |_|_\   |_|   |___| |___/ 

POST - Login wrong password(login;post---login-wrong-password)
--------------------------------------------------------------------------------
16:19:52.108 [main] DEBUG net.thucydides.core.steps.StepInterceptor - STARTING STEP: LoginSteps.setPostApiEndpointsLogin - I set POST api endpoints login
16:19:52.108 [main] DEBUG net.thucydides.core.steps.StepInterceptor - STEP DONE: I set POST api endpoints login
  &amp#27;[32mGiven &amp#27;[0m&amp#27;[32mI set POST api endpoints login&amp#27;[0m              &amp#27;[90m# starter.stepdefinitions.LoginSteps.setPostApiEndpointsLogin()&amp#27;[0m
16:19:52.118 [main] DEBUG net.thucydides.core.steps.StepInterceptor - STARTING STEP: LoginSteps.sendPostHttpRequestLogin1 - I send POST HTTP request login1
16:19:52.120 [main] DEBUG net.thucydides.core.steps.StepInterceptor - STARTING STEP: Login.sendPostHttpRequestLogin1 - I set POST api endpoints login
16:19:52.120 [main] DEBUG net.thucydides.core.steps.StepInterceptor - STEP DONE: I set POST api endpoints login
16:19:52.139 [main] DEBUG org.apache.http.impl.conn.BasicClientConnectionManager - Get connection for route {s}->https://altashop-api.fly.dev:443
16:19:52.139 [main] DEBUG org.apache.http.impl.conn.DefaultClientConnectionOperator - Connecting to altashop-api.fly.dev:443
16:19:52.266 [main] DEBUG org.apache.http.client.protocol.RequestAddCookies - CookieSpec selected: ignoreCookies
16:19:52.266 [main] DEBUG org.apache.http.client.protocol.RequestAuthCache - Auth cache not set in the context
16:19:52.266 [main] DEBUG org.apache.http.client.protocol.RequestTargetAuthentication - Target auth state: UNCHALLENGED
16:19:52.266 [main] DEBUG org.apache.http.client.protocol.RequestProxyAuthentication - Proxy auth state: UNCHALLENGED
16:19:52.266 [main] DEBUG org.apache.http.impl.client.DefaultHttpClient - Attempt 1 to execute request
16:19:52.266 [main] DEBUG org.apache.http.impl.conn.DefaultClientConnection - Sending request: POST /api/auth/login HTTP/1.1
16:19:52.266 [main] DEBUG org.apache.http.wire -  >> "POST /api/auth/login HTTP/1.1[\r][\n]"
16:19:52.266 [main] DEBUG org.apache.http.wire -  >> "Accept: */*[\r][\n]"
16:19:52.266 [main] DEBUG org.apache.http.wire -  >> "Content-Type: application/json[\r][\n]"
16:19:52.266 [main] DEBUG org.apache.http.wire -  >> "Content-Length: 54[\r][\n]"
16:19:52.266 [main] DEBUG org.apache.http.wire -  >> "Host: altashop-api.fly.dev[\r][\n]"
16:19:52.266 [main] DEBUG org.apache.http.wire -  >> "Connection: Keep-Alive[\r][\n]"
16:19:52.266 [main] DEBUG org.apache.http.wire -  >> "User-Agent: Apache-HttpClient/4.5.13 (Java/15)[\r][\n]"
16:19:52.266 [main] DEBUG org.apache.http.wire -  >> "Accept-Encoding: gzip,deflate[\r][\n]"
16:19:52.266 [main] DEBUG org.apache.http.wire -  >> "[\r][\n]"
16:19:52.266 [main] DEBUG org.apache.http.headers - >> POST /api/auth/login HTTP/1.1
16:19:52.266 [main] DEBUG org.apache.http.headers - >> Accept: */*
16:19:52.266 [main] DEBUG org.apache.http.headers - >> Content-Type: application/json
16:19:52.266 [main] DEBUG org.apache.http.headers - >> Content-Length: 54
16:19:52.266 [main] DEBUG org.apache.http.headers - >> Host: altashop-api.fly.dev
16:19:52.266 [main] DEBUG org.apache.http.headers - >> Connection: Keep-Alive
16:19:52.266 [main] DEBUG org.apache.http.headers - >> User-Agent: Apache-HttpClient/4.5.13 (Java/15)
16:19:52.266 [main] DEBUG org.apache.http.headers - >> Accept-Encoding: gzip,deflate
16:19:52.266 [main] DEBUG org.apache.http.wire -  >> "{"password":"someone1","email":"someoneitw@gmail.com"}"
16:19:52.333 [main] DEBUG org.apache.http.wire -  << "HTTP/1.1 400 Bad Request[\r][\n]"
16:19:52.333 [main] DEBUG org.apache.http.wire -  << "content-type: application/json[\r][\n]"
16:19:52.333 [main] DEBUG org.apache.http.wire -  << "date: Mon, 08 May 2023 09:19:53 GMT[\r][\n]"
16:19:52.333 [main] DEBUG org.apache.http.wire -  << "content-encoding: gzip[\r][\n]"
16:19:52.333 [main] DEBUG org.apache.http.wire -  << "transfer-encoding: chunked[\r][\n]"
16:19:52.333 [main] DEBUG org.apache.http.wire -  << "server: Fly/3f2597ca (2023-05-03)[\r][\n]"
16:19:52.333 [main] DEBUG org.apache.http.wire -  << "via: 1.1 fly.io[\r][\n]"
16:19:52.333 [main] DEBUG org.apache.http.wire -  << "fly-request-id: 01GZXAJ1H9G7FNCNWXXV8AJ67K-sin[\r][\n]"
16:19:52.333 [main] DEBUG org.apache.http.wire -  << "[\r][\n]"
16:19:52.333 [main] DEBUG org.apache.http.impl.conn.DefaultClientConnection - Receiving response: HTTP/1.1 400 Bad Request
16:19:52.333 [main] DEBUG org.apache.http.headers - << HTTP/1.1 400 Bad Request
16:19:52.333 [main] DEBUG org.apache.http.headers - << content-type: application/json
16:19:52.333 [main] DEBUG org.apache.http.headers - << date: Mon, 08 May 2023 09:19:53 GMT
16:19:52.333 [main] DEBUG org.apache.http.headers - << content-encoding: gzip
16:19:52.333 [main] DEBUG org.apache.http.headers - << transfer-encoding: chunked
16:19:52.333 [main] DEBUG org.apache.http.headers - << server: Fly/3f2597ca (2023-05-03)
16:19:52.333 [main] DEBUG org.apache.http.headers - << via: 1.1 fly.io
16:19:52.333 [main] DEBUG org.apache.http.headers - << fly-request-id: 01GZXAJ1H9G7FNCNWXXV8AJ67K-sin
16:19:52.333 [main] DEBUG org.apache.http.impl.client.DefaultHttpClient - Connection can be kept alive indefinitely
16:19:52.333 [main] DEBUG io.restassured.internal.RestAssuredHttpBuilder - Parsing response as: application/json
16:19:52.333 [main] DEBUG org.apache.http.wire -  << "3D[\r][\n]"
16:19:52.333 [main] DEBUG org.apache.http.wire -  << "[0x1f][0x8b][0x8][0x0][0x0][0x0][0x0][0x0][0x4][0xff][0xab]VJ-*[0xca]/R[0xb2]RJ[0xcd]M[0xcc][0xcc]Q[0xc8]/R(H,..[0xcf]/JQ[0xc8],V[0xc8][0xcc]+K[0xcc][0xc9]LQ[0xaa][0xe5][0x2][0x0][0xc0][0xad][0xff][0xb])[0x0][0x0][0x0]"
16:19:52.333 [main] DEBUG org.apache.http.wire -  << "[\r][\n]"
16:19:52.333 [main] DEBUG org.apache.http.wire -  << "0[\r][\n]"
16:19:52.333 [main] DEBUG org.apache.http.wire -  << "[\r][\n]"
16:19:52.333 [main] DEBUG io.restassured.internal.RestAssuredHttpBuilder - Parsed data to instance of: class org.apache.http.conn.EofSensorInputStream
16:19:52.334 [main] DEBUG org.apache.http.impl.conn.BasicClientConnectionManager - Releasing connection org.apache.http.impl.conn.ManagedClientConnectionImpl@1de6dc80
16:19:52.334 [main] DEBUG org.apache.http.impl.conn.BasicClientConnectionManager - Connection can be kept alive indefinitely
16:19:52.335 [main] DEBUG net.thucydides.core.steps.StepInterceptor - STEP DONE: I send POST HTTP request login1
  &amp#27;[32mWhen &amp#27;[0m&amp#27;[32mI send POST HTTP request login1&amp#27;[0m              &amp#27;[90m# starter.stepdefinitions.LoginSteps.sendPostHttpRequestLogin1()&amp#27;[0m
16:19:52.339 [main] DEBUG net.thucydides.core.steps.StepInterceptor - STARTING STEP: LoginSteps.receiveValidHttp400Login - I receive valid HTTP response code 400 login
16:19:52.339 [main] DEBUG net.thucydides.core.steps.StepInterceptor - STEP DONE: I receive valid HTTP response code 400 login
  &amp#27;[32mThen &amp#27;[0m&amp#27;[32mI receive valid HTTP response code 400 login&amp#27;[0m &amp#27;[90m# starter.stepdefinitions.LoginSteps.receiveValidHttp400Login()&amp#27;[0m
16:19:52.342 [main] INFO  - 
  _____   ___   ___   _____     ___     _     ___   ___   ___   ___  
 |_   _| | __| / __| |_   _|   | _ \   /_\   / __| / __| | __| |   \ 
   | |   | _|  \__ \   | |     |  _/  / _ \  \__ \ \__ \ | _|  | |) |
   |_|   |___| |___/   |_|     |_|   /_/ \_\ |___/ |___/ |___| |___/ 

POST - Login wrong password
----------------------------------------------------------------------
]]></system-out>
  </testcase>
  <testcase name="POST - Login with empty email" classname="Login" time="0.259">
    <system-out><![CDATA[
Scenario: POST - Login with empty email             &amp#27;[90m# src/test/resources/features/2. Login.feature:17&amp#27;[0m
16:19:52.348 [main] DEBUG io.cucumber.core.plugin.SerenityReporter - Running feature from file:///C:/Users/WINDOWS%2010/Documents/GitHub/MiniProject_QE/API/minpro/src/test/resources/features/2.%20Login.feature
16:19:52.353 [main] INFO  - 
  _____   ___   ___   _____     ___   _____     _     ___   _____   ___   ___  
 |_   _| | __| / __| |_   _|   / __| |_   _|   /_\   | _ \ |_   _| | __| |   \ 
   | |   | _|  \__ \   | |     \__ \   | |    / _ \  |   /   | |   | _|  | |) |
   |_|   |___| |___/   |_|     |___/   |_|   /_/ \_\ |_|_\   |_|   |___| |___/ 

POST - Login with empty email(login;post---login-with-empty-email)
--------------------------------------------------------------------------------
16:19:52.371 [main] DEBUG net.thucydides.core.steps.StepInterceptor - STARTING STEP: LoginSteps.setPostApiEndpointsLogin - I set POST api endpoints login
16:19:52.371 [main] DEBUG net.thucydides.core.steps.StepInterceptor - STEP DONE: I set POST api endpoints login
  &amp#27;[32mGiven &amp#27;[0m&amp#27;[32mI set POST api endpoints login&amp#27;[0m              &amp#27;[90m# starter.stepdefinitions.LoginSteps.setPostApiEndpointsLogin()&amp#27;[0m
16:19:52.377 [main] DEBUG net.thucydides.core.steps.StepInterceptor - STARTING STEP: LoginSteps.sendPostHttpRequestLogin2 - I send POST HTTP request login2
16:19:52.380 [main] DEBUG net.thucydides.core.steps.StepInterceptor - STARTING STEP: Login.sendPostHttpRequestLogin2 - I set POST api endpoints login
16:19:52.380 [main] DEBUG net.thucydides.core.steps.StepInterceptor - STEP DONE: I set POST api endpoints login
16:19:52.403 [main] DEBUG org.apache.http.impl.conn.BasicClientConnectionManager - Get connection for route {s}->https://altashop-api.fly.dev:443
16:19:52.403 [main] DEBUG org.apache.http.impl.conn.DefaultClientConnectionOperator - Connecting to altashop-api.fly.dev:443
16:19:52.436 [Finalizer] DEBUG org.apache.http.impl.conn.DefaultClientConnection - Connection 0.0.0.0:53876<->149.248.193.56:443 closed
16:19:52.436 [Finalizer] DEBUG org.apache.http.impl.conn.DefaultClientConnection - Connection 0.0.0.0:53875<->149.248.193.56:443 closed
16:19:52.437 [Finalizer] DEBUG org.apache.http.impl.conn.DefaultClientConnection - Connection 0.0.0.0:53874<->149.248.193.56:443 closed
16:19:52.437 [Finalizer] DEBUG org.apache.http.impl.conn.DefaultClientConnection - Connection 0.0.0.0:53873<->149.248.193.56:443 closed
16:19:52.531 [main] DEBUG org.apache.http.client.protocol.RequestAddCookies - CookieSpec selected: ignoreCookies
16:19:52.532 [main] DEBUG org.apache.http.client.protocol.RequestAuthCache - Auth cache not set in the context
16:19:52.532 [main] DEBUG org.apache.http.client.protocol.RequestTargetAuthentication - Target auth state: UNCHALLENGED
16:19:52.532 [main] DEBUG org.apache.http.client.protocol.RequestProxyAuthentication - Proxy auth state: UNCHALLENGED
16:19:52.532 [main] DEBUG org.apache.http.impl.client.DefaultHttpClient - Attempt 1 to execute request
16:19:52.532 [main] DEBUG org.apache.http.impl.conn.DefaultClientConnection - Sending request: POST /api/auth/login HTTP/1.1
16:19:52.532 [main] DEBUG org.apache.http.wire -  >> "POST /api/auth/login HTTP/1.1[\r][\n]"
16:19:52.532 [main] DEBUG org.apache.http.wire -  >> "Accept: */*[\r][\n]"
16:19:52.532 [main] DEBUG org.apache.http.wire -  >> "Content-Type: application/json[\r][\n]"
16:19:52.532 [main] DEBUG org.apache.http.wire -  >> "Content-Length: 37[\r][\n]"
16:19:52.532 [main] DEBUG org.apache.http.wire -  >> "Host: altashop-api.fly.dev[\r][\n]"
16:19:52.532 [main] DEBUG org.apache.http.wire -  >> "Connection: Keep-Alive[\r][\n]"
16:19:52.532 [main] DEBUG org.apache.http.wire -  >> "User-Agent: Apache-HttpClient/4.5.13 (Java/15)[\r][\n]"
16:19:52.532 [main] DEBUG org.apache.http.wire -  >> "Accept-Encoding: gzip,deflate[\r][\n]"
16:19:52.532 [main] DEBUG org.apache.http.wire -  >> "[\r][\n]"
16:19:52.532 [main] DEBUG org.apache.http.headers - >> POST /api/auth/login HTTP/1.1
16:19:52.532 [main] DEBUG org.apache.http.headers - >> Accept: */*
16:19:52.532 [main] DEBUG org.apache.http.headers - >> Content-Type: application/json
16:19:52.532 [main] DEBUG org.apache.http.headers - >> Content-Length: 37
16:19:52.532 [main] DEBUG org.apache.http.headers - >> Host: altashop-api.fly.dev
16:19:52.532 [main] DEBUG org.apache.http.headers - >> Connection: Keep-Alive
16:19:52.532 [main] DEBUG org.apache.http.headers - >> User-Agent: Apache-HttpClient/4.5.13 (Java/15)
16:19:52.532 [main] DEBUG org.apache.http.headers - >> Accept-Encoding: gzip,deflate
16:19:52.532 [main] DEBUG org.apache.http.wire -  >> "{"password":"someone123","email":" "}"
16:19:52.585 [main] DEBUG org.apache.http.wire -  << "HTTP/1.1 400 Bad Request[\r][\n]"
16:19:52.585 [main] DEBUG org.apache.http.wire -  << "content-type: application/json[\r][\n]"
16:19:52.585 [main] DEBUG org.apache.http.wire -  << "date: Mon, 08 May 2023 09:19:54 GMT[\r][\n]"
16:19:52.585 [main] DEBUG org.apache.http.wire -  << "content-encoding: gzip[\r][\n]"
16:19:52.585 [main] DEBUG org.apache.http.wire -  << "transfer-encoding: chunked[\r][\n]"
16:19:52.585 [main] DEBUG org.apache.http.wire -  << "server: Fly/3f2597ca (2023-05-03)[\r][\n]"
16:19:52.585 [main] DEBUG org.apache.http.wire -  << "via: 1.1 fly.io[\r][\n]"
16:19:52.585 [main] DEBUG org.apache.http.wire -  << "fly-request-id: 01GZXAJ1SM9S4T7Q2J0TJ5EVBZ-sin[\r][\n]"
16:19:52.585 [main] DEBUG org.apache.http.wire -  << "[\r][\n]"
16:19:52.585 [main] DEBUG org.apache.http.impl.conn.DefaultClientConnection - Receiving response: HTTP/1.1 400 Bad Request
16:19:52.585 [main] DEBUG org.apache.http.headers - << HTTP/1.1 400 Bad Request
16:19:52.585 [main] DEBUG org.apache.http.headers - << content-type: application/json
16:19:52.585 [main] DEBUG org.apache.http.headers - << date: Mon, 08 May 2023 09:19:54 GMT
16:19:52.585 [main] DEBUG org.apache.http.headers - << content-encoding: gzip
16:19:52.585 [main] DEBUG org.apache.http.headers - << transfer-encoding: chunked
16:19:52.585 [main] DEBUG org.apache.http.headers - << server: Fly/3f2597ca (2023-05-03)
16:19:52.585 [main] DEBUG org.apache.http.headers - << via: 1.1 fly.io
16:19:52.585 [main] DEBUG org.apache.http.headers - << fly-request-id: 01GZXAJ1SM9S4T7Q2J0TJ5EVBZ-sin
16:19:52.586 [main] DEBUG org.apache.http.impl.client.DefaultHttpClient - Connection can be kept alive indefinitely
16:19:52.586 [main] DEBUG io.restassured.internal.RestAssuredHttpBuilder - Parsing response as: application/json
16:19:52.586 [main] DEBUG org.apache.http.wire -  << "3D[\r][\n]"
16:19:52.586 [main] DEBUG org.apache.http.wire -  << "[0x1f][0x8b][0x8][0x0][0x0][0x0][0x0][0x0][0x4][0xff][0xab]VJ-*[0xca]/R[0xb2]RJ[0xcd]M[0xcc][0xcc]Q[0xc8]/R(H,..[0xcf]/JQ[0xc8],V[0xc8][0xcc]+K[0xcc][0xc9]LQ[0xaa][0xe5][0x2][0x0][0xc0][0xad][0xff][0xb])[0x0][0x0][0x0]"
16:19:52.586 [main] DEBUG org.apache.http.wire -  << "[\r][\n]"
16:19:52.586 [main] DEBUG org.apache.http.wire -  << "0[\r][\n]"
16:19:52.586 [main] DEBUG org.apache.http.wire -  << "[\r][\n]"
16:19:52.586 [main] DEBUG io.restassured.internal.RestAssuredHttpBuilder - Parsed data to instance of: class org.apache.http.conn.EofSensorInputStream
16:19:52.590 [main] DEBUG org.apache.http.impl.conn.BasicClientConnectionManager - Releasing connection org.apache.http.impl.conn.ManagedClientConnectionImpl@6247c08c
16:19:52.590 [main] DEBUG org.apache.http.impl.conn.BasicClientConnectionManager - Connection can be kept alive indefinitely
16:19:52.590 [main] DEBUG net.thucydides.core.steps.StepInterceptor - STEP DONE: I send POST HTTP request login2
  &amp#27;[32mWhen &amp#27;[0m&amp#27;[32mI send POST HTTP request login2&amp#27;[0m              &amp#27;[90m# starter.stepdefinitions.LoginSteps.sendPostHttpRequestLogin2()&amp#27;[0m
16:19:52.595 [main] DEBUG net.thucydides.core.steps.StepInterceptor - STARTING STEP: LoginSteps.receiveValidHttp400Login - I receive valid HTTP response code 400 login
16:19:52.597 [main] DEBUG net.thucydides.core.steps.StepInterceptor - STEP DONE: I receive valid HTTP response code 400 login
  &amp#27;[32mThen &amp#27;[0m&amp#27;[32mI receive valid HTTP response code 400 login&amp#27;[0m &amp#27;[90m# starter.stepdefinitions.LoginSteps.receiveValidHttp400Login()&amp#27;[0m
16:19:52.601 [main] INFO  - 
  _____   ___   ___   _____     ___     _     ___   ___   ___   ___  
 |_   _| | __| / __| |_   _|   | _ \   /_\   / __| / __| | __| |   \ 
   | |   | _|  \__ \   | |     |  _/  / _ \  \__ \ \__ \ | _|  | |) |
   |_|   |___| |___/   |_|     |_|   /_/ \_\ |___/ |___/ |___| |___/ 

POST - Login with empty email
----------------------------------------------------------------------
]]></system-out>
  </testcase>
  <testcase name="POST - Login with empty password" classname="Login" time="0.314">
    <system-out><![CDATA[
Scenario: POST - Login with empty password          &amp#27;[90m# src/test/resources/features/2. Login.feature:22&amp#27;[0m
16:19:52.609 [main] DEBUG io.cucumber.core.plugin.SerenityReporter - Running feature from file:///C:/Users/WINDOWS%2010/Documents/GitHub/MiniProject_QE/API/minpro/src/test/resources/features/2.%20Login.feature
16:19:52.614 [main] INFO  - 
  _____   ___   ___   _____     ___   _____     _     ___   _____   ___   ___  
 |_   _| | __| / __| |_   _|   / __| |_   _|   /_\   | _ \ |_   _| | __| |   \ 
   | |   | _|  \__ \   | |     \__ \   | |    / _ \  |   /   | |   | _|  | |) |
   |_|   |___| |___/   |_|     |___/   |_|   /_/ \_\ |_|_\   |_|   |___| |___/ 

POST - Login with empty password(login;post---login-with-empty-password)
--------------------------------------------------------------------------------
16:19:52.637 [main] DEBUG net.thucydides.core.steps.StepInterceptor - STARTING STEP: LoginSteps.setPostApiEndpointsLogin - I set POST api endpoints login
16:19:52.637 [main] DEBUG net.thucydides.core.steps.StepInterceptor - STEP DONE: I set POST api endpoints login
  &amp#27;[32mGiven &amp#27;[0m&amp#27;[32mI set POST api endpoints login&amp#27;[0m              &amp#27;[90m# starter.stepdefinitions.LoginSteps.setPostApiEndpointsLogin()&amp#27;[0m
16:19:52.643 [main] DEBUG net.thucydides.core.steps.StepInterceptor - STARTING STEP: LoginSteps.sendPostHttpRequestLogin3 - I send POST HTTP request login3
16:19:52.645 [main] DEBUG net.thucydides.core.steps.StepInterceptor - STARTING STEP: Login.sendPostHttpRequestLogin3 - I set POST api endpoints login
16:19:52.645 [main] DEBUG net.thucydides.core.steps.StepInterceptor - STEP DONE: I set POST api endpoints login
16:19:52.677 [main] DEBUG org.apache.http.impl.conn.BasicClientConnectionManager - Get connection for route {s}->https://altashop-api.fly.dev:443
16:19:52.677 [main] DEBUG org.apache.http.impl.conn.DefaultClientConnectionOperator - Connecting to altashop-api.fly.dev:443
16:19:52.831 [main] DEBUG org.apache.http.client.protocol.RequestAddCookies - CookieSpec selected: ignoreCookies
16:19:52.831 [main] DEBUG org.apache.http.client.protocol.RequestAuthCache - Auth cache not set in the context
16:19:52.831 [main] DEBUG org.apache.http.client.protocol.RequestTargetAuthentication - Target auth state: UNCHALLENGED
16:19:52.831 [main] DEBUG org.apache.http.client.protocol.RequestProxyAuthentication - Proxy auth state: UNCHALLENGED
16:19:52.831 [main] DEBUG org.apache.http.impl.client.DefaultHttpClient - Attempt 1 to execute request
16:19:52.831 [main] DEBUG org.apache.http.impl.conn.DefaultClientConnection - Sending request: POST /api/auth/login HTTP/1.1
16:19:52.831 [main] DEBUG org.apache.http.wire -  >> "POST /api/auth/login HTTP/1.1[\r][\n]"
16:19:52.831 [main] DEBUG org.apache.http.wire -  >> "Accept: */*[\r][\n]"
16:19:52.831 [main] DEBUG org.apache.http.wire -  >> "Content-Type: application/json[\r][\n]"
16:19:52.831 [main] DEBUG org.apache.http.wire -  >> "Content-Length: 43[\r][\n]"
16:19:52.831 [main] DEBUG org.apache.http.wire -  >> "Host: altashop-api.fly.dev[\r][\n]"
16:19:52.831 [main] DEBUG org.apache.http.wire -  >> "Connection: Keep-Alive[\r][\n]"
16:19:52.831 [main] DEBUG org.apache.http.wire -  >> "User-Agent: Apache-HttpClient/4.5.13 (Java/15)[\r][\n]"
[...]
16:20:00.006 [main] DEBUG org.apache.http.headers - << content-type: application/json
16:20:00.006 [main] DEBUG org.apache.http.headers - << date: Mon, 08 May 2023 09:20:01 GMT
16:20:00.006 [main] DEBUG org.apache.http.headers - << transfer-encoding: chunked
16:20:00.006 [main] DEBUG org.apache.http.headers - << content-encoding: gzip
16:20:00.006 [main] DEBUG org.apache.http.headers - << server: Fly/3f2597ca (2023-05-03)
16:20:00.006 [main] DEBUG org.apache.http.headers - << via: 1.1 fly.io
16:20:00.006 [main] DEBUG org.apache.http.headers - << fly-request-id: 01GZXAJ91FJ8Y2ZF4WV5XGV2P4-sin
16:20:00.006 [main] DEBUG org.apache.http.impl.client.DefaultHttpClient - Connection can be kept alive indefinitely
16:20:00.006 [main] DEBUG io.restassured.internal.RestAssuredHttpBuilder - Parsing response as: application/json
16:20:00.006 [main] DEBUG org.apache.http.wire -  << "11E[\r][\n]"
16:20:00.006 [main] DEBUG org.apache.http.wire -  << "[0x1f][0x8b][0x8][0x0][0x0][0x0][0x0][0x0][0x4][0xff][0xaa]VJI,IT[0xb2][0x8a][0xae]V[0xf2]tQ[0xb2]24056[0xd6]Qr[0xce][0xcf]+I[0xcd]+Q[0xb2]Rr[0xcc][0xc9]L,V[0xc8]LQH[0xc9],.[0xc9][0xcc]K.[0xc9][0xcc]W(N-,[0xcd]T(K-[0xca],I,[0xc9],[0xd6]S[0xd2]Q[\n]"
16:20:00.006 [main] DEBUG org.apache.http.wire -  << "-N-R[0xb2][0xca]+[0xcd][0xc9][0xd1]Q[\n]"
16:20:00.006 [main] DEBUG org.apache.http.wire -  << "([0xca]O)M.[0x81]q[0x9d][0xf3]ss[0xc1]f[0x81]dku[0x10][0xf6][0x98] [0xdb][0xe3][0x9c][0x9f][0x7]26[0xb1][0xa4][0xb4]H!'[0xb1]4%1[0xaf]$[0xb3]4W!7?'[0xb5][0xb8]$31U!1E![0xb5][0x84]\[0xab]L[0x91][0xad]*[0xc9]HUHO[0xcc]M-VH,JUH/JM,Q[0xc8][0xcc]K[0xce])M[0xc9][0xcc]KWp/J[0xcc]S[0x8])-[0xca],[0xce][0xcd]W0WH*-Q(NL[0xc9][0xa9]Tp[0xf]1Q[0xc8],V[0xc8]-M[0xce]PHJ-)I-"[0xd3][0xdf][0xe6][0x83][0xc9]1[0x16][0x83][0xc8]1&[0x6][0x83][0xc9]1[0x86][0x83][0xc9]1F[0xc8][0x8e][0xc9]T/)Vp+[0xca]LI[0xac]$/[0x9][0x9a][0xa0]d[0xf1][0x1][0xce][0xf]&4[0xcc][0x9c][0x0][0x0][0x0][0x0][0xff][0xff]"
16:20:00.006 [main] DEBUG org.apache.http.wire -  << "[\r][\n]"
16:20:00.006 [main] DEBUG org.apache.http.wire -  << "2EF[\r][\n]"
16:20:00.006 [main] DEBUG org.apache.http.wire -  << ""[0xb9]P2C)[0x94]([0xe]h[0xb3][0xc1][0xe4]7[0xf3][0xc1][0x94][0xbd][0xcc][0x7]S[0x12]4[0x1f]L[0xd1]da[0x89][0x9c][0xd7][0x7]8sZ[0xe][0xa2]R[0xd0][0xcc]`[0x10]%`3[0x83]A[0x14]Mf[0xc6]([0xf5][0xc3][0xc0][0xa6][0x19]3[0xb3][0xc1][0x14]Mf[0x83])[0x1][0x1b][0xf][0xa2]r[0xc6][0xcc][0x14][0xc5]1[0x94]Vuf[0xa6]f[0xc8][0xc5][0x16][0xe5][0xc6][0xa1][0xb4][0x92]]K[0x14]RK[0x14]R+[0x92]S[0xb]JJ[0x8b]2[0x15][\n]"
16:20:00.006 [main] DEBUG org.apache.http.wire -  << "K[0x13]S[0x8b][0x12]K[0x14][0xf2]232s[0x14][0xf2]S2K[0xe0]B[0xa0]^D&y[0xfd][0x4]3[0xd3]A[0xd4][0x1a]63[0x1d]L[0x5][0xc]j=[0xa0][0xa7][0xa7][0xa7][0x90][0xa8][0x90][0x9b][0x99][0x97][0xa2][0x90][0x97][0x9a][0x9a]R[0xac][0x90][0x94][0x9f][0x9f]][0xac][0x90]X[0xac][0x90][0xa8]P\[0x9e]_[0x4][0x13]NT([0xcf]H-).[0xc9][0xcf]K[0xd5]Q[0xc8]LS[0xc8],[0x1][0xf5][0xa0]J[0xf2][0x15][0xb2]SS[0xb][0x14]2K[0x8a][0x15]RS[0xd2]S[0xc9][0x8c],K[0x94]2/<3[0xaf]$[0xb5][0x8]d|r~nf^:[0xb9][0x86]R7[0x15][[0xa2][0xa4]b[0xc7][0xbc][0x14][0x85][0xe2]|[0x85][0x8c]T[0x85][0xe2][0x82][0xfc][0xec]T[0x1d][0x85]Dt[0x81][0x92][0x8c][0xc4][0x12][0x5][0x1f]P[0x0][0xe6][0xa7])8'[0x16][0x97]$[0xe6][0xa6][0x16][0xa5][0xea][0x80]{[0xa1]y[0xf9][0xe5][\n]"
16:20:00.006 [main] DEBUG org.apache.http.wire -  << "[0xa0][0x92][0xbd](13[0xaf]X[0xa1][0x1c][0x14][0x82][0xf9][0xea][0xa9]E[\n]"
16:20:00.006 [main] DEBUG org.apache.http.wire -  << "[0x19][0x99][0xc5][\n]"
16:20:00.006 [main] DEBUG org.apache.http.wire -  << "[0x19][0x89]99:[\n]"
16:20:00.006 [main] DEBUG org.apache.http.wire -  << "[0xe5][0x99]%[0x19][\n]"
16:20:00.006 [main] DEBUG org.apache.http.wire -  << "y[0xf9][\n]"
16:20:00.006 [main] DEBUG org.apache.http.wire -  << "[0xf9]y[0xa9] [0x95]E[0xa9][\n]"
16:20:00.006 [main] DEBUG org.apache.http.wire -  << "% [0xdb][0x12][0x8b][0xf4][0x14]"S[0x8b]u[0x14][0x8][0x9b][0x0]rP^~[0x9]([0x1a][0xf3]Ks[0xe0][0xda][0xc9][0xea]e[0x98]Y[0xa2]$`[0xea]D[0x90]9j[0x1b][0x0][0x14][0xa2][0x9e][\n]"
16:20:00.006 [main] DEBUG org.apache.http.wire -  << "[0x19][0x89]e[0xa9][\n]"
16:20:00.006 [main] DEBUG org.apache.http.wire -  << "[0x89][\n]"
16:20:00.006 [main] DEBUG org.apache.http.wire -  << "%[0xa9]y)[0xa9]E[0xa0][0xb0][0x5][0xf5][0xe7][0x15]r+[0x15]2R[0x13][0x8b]J[0x14][0xd2][0xf2][0x8b][0x14][0x92][0x8b]2[0xb][\n]"
16:20:00.006 [main] DEBUG org.apache.http.wire -  << "r@][0xfe][0xbc][0x14][0x85]$P[0xc0][0x16][0xa5][0x14][0x83][0xc3]?[0xa9](?;5O[0xa1]$#3/[0x9d][0xcc][0xa1][0xc]s[0x3][0x94]J&$#U[0xc1]/[0xbf][0xa8]$C[0xa1](5757)[0xb5][0x88]\s[\r]Q[0x8a]hP[0xe4][0xf][0xdc][0xb8][0x85][0xb9]!Jt[0xe][0xb0]cLP2[0xff]@;[0x6][0xa5][0xd3]8[0xd0][0x8e]A)[0xc1][0x6][0xda]1[0x83][0xa8]B57[0x1d]D[0xed]Rs[0xd3][0xc1][0x94][0x80]M[0x7]Qg[0xdc][0xdc]t0[0xe5]&[0xd4]F[0xf2][0x0][0xe7]&[0xd4]&[0xf6]@;[0x6][0xa5]i3[0xd0][0x8e][0x19]Lu[0xd3]`[0xea][0xff][0x9a][0x9b][\r][0xa6]r[0xc6]l0[0x95]3[0xa8]C[0xbd][0x3][0x9c][0x80][0xcd][0x6]S[0xad]m6[0x98]j[0xed][0xc1]4jm[0x8e]:j[0xed][0x93]X[0x9a][0x9e][0x1][0xed]u[0x16][0xe4]g[0x16][0xe7][0xe7][0x81]zLi[0xa9][0x89]E[0xe4][0xf5]>[0xcd][0x7][0xd3]8[0xb4][0xb9]9J[0x92]LLL$[0xab][0x17]hn>[0x98][0xea][0x9][0xb][0x94]&`pIiAj[0x1a]ysh[0xe6][0x16]h}[0xbe]RP[0xe7]3)[0xb3]([0x85][0xbc]`[0xb2]@)[0xa7][0x83][0x12][0xcb]R[0xf3][0x92]s[0x12][0xcb][0xc9]4[0xc][0xa5][0x9c]u/[0xaa]LK[0xcb][0xcc]K[0xc9]'o[0xc2][0xda][0xdc]b05[0xc8],PR[0xe5][0x0][0x97][0xda][0x16][0x83][0xa9][0xa0][0xb4]DI[0xdb][0x3][0x1c]2[0xa8][0xe3][0x85][0x3][0xed][0x98]A[0xd4]:[0xb4]0@[0xc9][0xe8][0x3][0x1b]2[0x16][0x6][0x83](k[[0x18]P[0xb4][0xb][0x0][0x0][0x0][0xff][0xff]"
16:20:00.006 [main] DEBUG org.apache.http.wire -  << "[\r][\n]"
16:20:00.007 [main] DEBUG org.apache.http.wire -  << "2CA[\r][\n]"
16:20:00.007 [main] DEBUG org.apache.http.wire -  << ""{[0x95][0x8e][0x85][0xc1] [0xaa][0xb6],[0xc][0x7]Q[0xd6][0xb6]0D[0xa9][0xf8][0x6]8[0x1][0x1b][0xe][0xa6][0xdc]d8[0x98]r[0xd3]`[0x1a];[0xb6]0[0x1c]T[0xb9]i0U[0x7]F[0x83])7[0x19][0xa1]DS@ivyiJzf*Y[0x8d]P[0xb][0xa3]A[0xd4]8[0xb2]0[0x1e]L%[0xe8]`Z[0xad]aa<[0x98][\n]"
16:20:00.007 [main] DEBUG org.apache.http.wire -  << "-[0xe3]A[0xd4][0xba][0xb7]0[0x1e]L[0x9]x0[0xad][0x8d][0xb5][0x18]L[0xb3]o[0x16]&[0x83])[0x1][0x9b][0xc][0xa6][0x4]l2[0x98][0x12][0xf0]`[0x9a]}[0xb3][0x18]L[0xb3]o[0x16][0x83]i[0xc2][0xcb]b0[0xcd]1Y[0xc][0xa6][0xf5]X[0x16][0x83]i=[0x96][0xc5]`[0x9a]I[0xb1]0Ci6[0xe]p[0x8f][0xd0]l0[0xb5][0xee][0xcd][0x7]S[0xeb][0x1e]u[0xf2]b[0x80][0xa3][0xc9]|0[0xd5][0xda][0x83]i[0xde][0xc5]b0M[0x98]X[0x98][0xf][0xa6][0xdc][0x84]:[0xe5]2[0xc0][0x9][0xd8][0x2]e[0x8e]e[0xa0][0x1d]3[0x98][0x86]N-[0x6]Su0[0x98]v[0xd3]X[0xc][0xa6]Y[0x11][0xb][0xd4][0xf5][0xd3][0xfe][0xc9][0xc9][0x89][0xa9][0xc9][0x89]%[0x99][\n]"
16:20:00.007 [main] DEBUG org.apache.http.wire -  << "[0xa9][0x89]E([0x1b]o[0xb]K3[0x13][0x15][0xca][0xf2]sJ[0xb]J[0x12][0x8b][0x15][0xc0]<[0xd0][0xf6][0xdf][0xbc][0xd4][0xdc]|[0xf2][0xa6][0xb9]-,[0x7]S[0xd9]o9[0x98]:I[0xa8]K[0xa6][0x7][0xb6]P[0xb1]D]j=[0xd0][0x8e][0x19]D-)K[0x83]AT[0xf6][[0x1a][0xc][0xa2][0x4]l9[0x98]f[0xaa],[0x7][0xd3][0x8a]uK[0xa3]A4[0x2]m9[0x98]f[0x1d],[0x8d][0x6][0xd1][0x1c][0x9e][0xa5][0xd1]`[0xca][0xda]F[0x83][0xa8][0xa2][0xb4]4[0x1a]DmLK[0xa3]A4[0xce]j[0x89]:m6[0xc0][0x15][0xe5]`[0x9a]v[0xb3]4[0x1e]L[0xb5][0xf6]`[0x9a]v[0xb3][0x1c]L[[0x81]-[0x8d][0x7]Q[0x8f][0xcd]r0M[0xbb]Y[0xe][0xa6][0x93]R,[0x7][0xd3]L[0x97][0xe5]`:[0xb6][0xc5]r0M[0xbb]Y[0x9a][0xc][0xa6][0xdc]4[0x98][0xe6][0x0]-M[0x6][0xd1]h[0xa2][0xe5]`[0x9a][0x90][0xb4]4[0x1d]L[0x15][0xe5]`[0x9a][0x1d][0xb5][0x1c]L{[0x13]-[0x7][0xd3]T[0xad][0xe5]`[0xda][0x9b]h9[0x98][0xe6][0x8d]-M[0x7]S[0x9]<[0x98]&[0xb1]-[0x7][0xd3]$[0xb6][0xe5]`[0xda](i[0x89][0xba][0x3]/<1[0xb7][0xa0][0xb4][0x98][0xac][0x85][0x8f][0x96][0x83]i:[0xdc][0x12]u/_pNeIFjQf[0x1e][0x99]>[0xa3]V[0xfd][0x9d]X\[\n]"
16:20:00.007 [main] DEBUG org.apache.http.wire -  << ":[0xaa][0x85][0xd2][0xb3]4-[0x7][0xd3][0xe6]@K[0xd4][0xcd]e[0x3]<[0xc][0x80]:[0xef]EQ[0xbc][0x1b][0x1a][0x18][0xc][0x9e][0xd1][0x16]C[0x83]A[0xb4][0xff][0xc0][0xd0]`[0x10][0xed]?04[0x18]D[0xfb][0xf][0xc][\r][0xc][0x7]S[0x9a]A[0x1d].[0xa4]hw[0xa5][0xa1][0xc1] [0xda][0x1a]dh`8x[0xc6][0xab][\r][\r][0x6][0xd1][0xd8][0xa3][0xa1][0x81][0x11]Je[0x95][0x93]ZP[0x92]_[0xa0][0x90][Z[0x94][0x98]AN[0xe5]gh0[0x88][0x16]=[0x1b][0x1a][0xc][0xa2]q)C[0x83]A4.eh0[0x88][0xc6][0xa5][0xc][\r][0x6][0xd1][0xb8][0x94][0xa1][0xc1] [0x1a][0x97]24[0x18]D[0xe3]R[0x86][0x6][0x83]h\[0xca][0xd0]`[0x10][0x8d]K[0x19][0x1a][0xc][0xa2]q)C[0x83]A4.eh0[0x88]F_[0xc][\r][0x6][0xd1][0x18][0x83][0xa1][0xc1] :[0xf4][0xdc][0xd0]`[0x10][0xf5][0x10][\r][\r][0x6][0xd1]rpC[0x3][0xf3][0xc1][0xb3][0xec][0xc2][0xd0][0x80]Fk[0xd3][0x1][0x0][0x0][0x0][0xff][0xff]"
16:20:00.007 [main] DEBUG org.apache.http.wire -  << "[\r][\n]"
16:20:00.007 [main] DEBUG org.apache.http.wire -  << "E5[\r][\n]"
16:20:00.007 [main] DEBUG org.apache.http.wire -  << ""[0xaf][0xa5][0x87]z[0xf2][0xcd][0x80]v[0xe4][\r][\r][0x6][0xd1]rpC[0x3]s[0x94][0xb5]f[0x8e]%[0x85][0xa5][0xa9][0x90][0xd3][0x97]S+R[0x8b][0x92][0xc1][0xd7][0xc1][0xe4][0xe7][0xa5][0xe6]*[0xa4]&*[0x94][0x96]([0x94][0xa4][0xe6][0x16][0xe4][0x17]e&[0x95][0x16]+d[0xe6])[0x14][0x97][0x16]'g[0x16]d[0x92]w[0x87][0x8b][0xa1][0xc1] Z[0x89]nh0[0x88][0x86]z[0xc][\r][0x6][0xd1][0x91]8[0x86][0x6][0x83]h[0xf1][0xb7][0xa1][0xc1] :[0x9f][0xc7][0xd0]`[0x10][0x9d][0xcf]ch`9[0x98][0x86][\r][0x6][0xd1][0xaa]gC[0xc3]At>[0x8f][0xa1][0xe1] Zhlh8[0x88][0xe][0xb]24[0x1c]LC[0xd2][0x86][0x83]h[0xd5][0xb3][0xa1][0xe1]`[0x1a][0x1f]7[0x1c]T[0xe3][0xe3][0x83]h[0xfb][0x8d][0xa1][0x1][0xea][0xf6][0x9b][0x1]nd[0xe][0xa2][0x1d]9[0x86][0x6][0x96][0x83]i[0xe6][0x0][0xf5][0x6][0x87][0x81][0x8e]&[0x94][0xe6][0xf7][0xc0]:[0xc6]p[0x10]m[0xf]24D[0xbd][0x81]a[0xa0]Cf[0xf0],?14[0x1c]D[0xdb][0x83][0xc][\r][0x7][0xc1]1L[0xb1][0xb5]\[0x0][0x0][0x0][0x0][0xff][0xff]"
16:20:00.007 [main] DEBUG org.apache.http.wire -  << "[\r][\n]"
16:20:00.007 [main] DEBUG org.apache.http.wire -  << "A[\r][\n]"
16:20:00.007 [main] DEBUG org.apache.http.wire -  << "[0x3][0x0][0xcf][0x96][0x97][0xb4][0xf4]t[0x0][0x0]"
16:20:00.007 [main] DEBUG org.apache.http.wire -  << "[\r][\n]"
16:20:00.007 [main] DEBUG org.apache.http.wire -  << "0[\r][\n]"
16:20:00.007 [main] DEBUG org.apache.http.wire -  << "[\r][\n]"
16:20:00.007 [main] DEBUG io.restassured.internal.RestAssuredHttpBuilder - Parsed data to instance of: class org.apache.http.conn.EofSensorInputStream
16:20:00.008 [main] DEBUG org.apache.http.impl.conn.BasicClientConnectionManager - Releasing connection org.apache.http.impl.conn.ManagedClientConnectionImpl@3203a4ae
16:20:00.008 [main] DEBUG org.apache.http.impl.conn.BasicClientConnectionManager - Connection can be kept alive indefinitely
16:20:00.014 [main] DEBUG net.thucydides.core.steps.StepInterceptor - STEP DONE: I send GET HTTP request comment
  &amp#27;[32mWhen &amp#27;[0m&amp#27;[32mI send GET HTTP request comment&amp#27;[0m                &amp#27;[90m# starter.stepdefinitions.CommentSteps.sendGetHttpRequestComment()&amp#27;[0m
16:20:00.019 [main] DEBUG net.thucydides.core.steps.StepInterceptor - STARTING STEP: CommentSteps.receiveValidHttp200Rating - I receive valid HTTP response code 200 comment
16:20:00.019 [main] DEBUG net.thucydides.core.steps.StepInterceptor - STEP DONE: I receive valid HTTP response code 200 comment
  &amp#27;[32mThen &amp#27;[0m&amp#27;[32mI receive valid HTTP response code 200 comment&amp#27;[0m &amp#27;[90m# starter.stepdefinitions.CommentSteps.receiveValidHttp200Rating()&amp#27;[0m
16:20:00.023 [main] INFO  - 
  _____   ___   ___   _____     ___     _     ___   ___   ___   ___  
 |_   _| | __| / __| |_   _|   | _ \   /_\   / __| / __| | __| |   \ 
   | |   | _|  \__ \   | |     |  _/  / _ \  \__ \ \__ \ | _|  | |) |
   |_|   |___| |___/   |_|     |_|   /_/ \_\ |___/ |___/ |___| |___/ 

GET - Get comment with correct endpoints
----------------------------------------------------------------------
]]></system-out>
  </testcase>
  <testcase name="Get comment with incorrect endpoints" classname="Comment" time="0.352">
    <system-out><![CDATA[
Scenario: Get comment with incorrect endpoints        &amp#27;[90m# src/test/resources/features/8. Comment.feature:17&amp#27;[0m
16:20:00.029 [main] DEBUG io.cucumber.core.plugin.SerenityReporter - Running feature from file:///C:/Users/WINDOWS%2010/Documents/GitHub/MiniProject_QE/API/minpro/src/test/resources/features/8.%20Comment.feature
16:20:00.034 [main] INFO  - 
  _____   ___   ___   _____     ___   _____     _     ___   _____   ___   ___  
 |_   _| | __| / __| |_   _|   / __| |_   _|   /_\   | _ \ |_   _| | __| |   \ 
   | |   | _|  \__ \   | |     \__ \   | |    / _ \  |   /   | |   | _|  | |) |
   |_|   |___| |___/   |_|     |___/   |_|   /_/ \_\ |_|_\   |_|   |___| |___/ 

Get comment with incorrect endpoints(comment;get-comment-with-incorrect-endpoints)
--------------------------------------------------------------------------------
16:20:00.054 [main] DEBUG net.thucydides.core.steps.StepInterceptor - STARTING STEP: CommentSteps.setGetApiEndpointComment2 - I set GET api endpoints comment2
16:20:00.055 [main] DEBUG net.thucydides.core.steps.StepInterceptor - STEP DONE: I set GET api endpoints comment2
  &amp#27;[32mGiven &amp#27;[0m&amp#27;[32mI set GET api endpoints comment2&amp#27;[0m              &amp#27;[90m# starter.stepdefinitions.CommentSteps.setGetApiEndpointComment2()&amp#27;[0m
16:20:00.061 [main] DEBUG net.thucydides.core.steps.StepInterceptor - STARTING STEP: CommentSteps.sendGetHttpRequestComment2 - I send GET HTTP request comment2
16:20:00.063 [main] DEBUG net.thucydides.core.steps.StepInterceptor - STARTING STEP: Comment.sendGetHttpRequestComment2 - I set GET api endpoints comment2
16:20:00.064 [main] DEBUG net.thucydides.core.steps.StepInterceptor - STEP DONE: I set GET api endpoints comment2
16:20:00.109 [main] DEBUG org.apache.http.impl.conn.BasicClientConnectionManager - Get connection for route {s}->https://altashop-api.fly.dev:443
16:20:00.110 [main] DEBUG org.apache.http.impl.conn.DefaultClientConnectionOperator - Connecting to altashop-api.fly.dev:443
16:20:00.287 [main] DEBUG org.apache.http.client.protocol.RequestAddCookies - CookieSpec selected: ignoreCookies
16:20:00.287 [main] DEBUG org.apache.http.client.protocol.RequestAuthCache - Auth cache not set in the context
16:20:00.287 [main] DEBUG org.apache.http.client.protocol.RequestTargetAuthentication - Target auth state: UNCHALLENGED
16:20:00.287 [main] DEBUG org.apache.http.client.protocol.RequestProxyAuthentication - Proxy auth state: UNCHALLENGED
16:20:00.287 [main] DEBUG org.apache.http.impl.client.DefaultHttpClient - Attempt 1 to execute request
16:20:00.287 [main] DEBUG org.apache.http.impl.conn.DefaultClientConnection - Sending request: GET /api/products/2/comment HTTP/1.1
16:20:00.287 [main] DEBUG org.apache.http.wire -  >> "GET /api/products/2/comment HTTP/1.1[\r][\n]"
16:20:00.287 [main] DEBUG org.apache.http.wire -  >> "Accept: */*[\r][\n]"
16:20:00.287 [main] DEBUG org.apache.http.wire -  >> "Host: altashop-api.fly.dev[\r][\n]"
16:20:00.287 [main] DEBUG org.apache.http.wire -  >> "Connection: Keep-Alive[\r][\n]"
16:20:00.287 [main] DEBUG org.apache.http.wire -  >> "User-Agent: Apache-HttpClient/4.5.13 (Java/15)[\r][\n]"
16:20:00.287 [main] DEBUG org.apache.http.wire -  >> "Accept-Encoding: gzip,deflate[\r][\n]"
16:20:00.287 [main] DEBUG org.apache.http.wire -  >> "[\r][\n]"
16:20:00.287 [main] DEBUG org.apache.http.headers - >> GET /api/products/2/comment HTTP/1.1
16:20:00.287 [main] DEBUG org.apache.http.headers - >> Accept: */*
16:20:00.287 [main] DEBUG org.apache.http.headers - >> Host: altashop-api.fly.dev
16:20:00.287 [main] DEBUG org.apache.http.headers - >> Connection: Keep-Alive
16:20:00.287 [main] DEBUG org.apache.http.headers - >> User-Agent: Apache-HttpClient/4.5.13 (Java/15)
16:20:00.287 [main] DEBUG org.apache.http.headers - >> Accept-Encoding: gzip,deflate
16:20:00.366 [main] DEBUG org.apache.http.wire -  << "HTTP/1.1 404 Not Found[\r][\n]"
16:20:00.366 [main] DEBUG org.apache.http.wire -  << "date: Mon, 08 May 2023 09:20:01 GMT[\r][\n]"
16:20:00.366 [main] DEBUG org.apache.http.wire -  << "content-encoding: gzip[\r][\n]"
16:20:00.366 [main] DEBUG org.apache.http.wire -  << "content-type: text/plain; charset=utf-8[\r][\n]"
16:20:00.366 [main] DEBUG org.apache.http.wire -  << "transfer-encoding: chunked[\r][\n]"
16:20:00.366 [main] DEBUG org.apache.http.wire -  << "server: Fly/3f2597ca (2023-05-03)[\r][\n]"
16:20:00.366 [main] DEBUG org.apache.http.wire -  << "via: 1.1 fly.io[\r][\n]"
16:20:00.366 [main] DEBUG org.apache.http.wire -  << "fly-request-id: 01GZXAJ9BY7JHXWPVWXS4X342J-sin[\r][\n]"
16:20:00.366 [main] DEBUG org.apache.http.wire -  << "[\r][\n]"
16:20:00.366 [main] DEBUG org.apache.http.impl.conn.DefaultClientConnection - Receiving response: HTTP/1.1 404 Not Found
16:20:00.366 [main] DEBUG org.apache.http.headers - << HTTP/1.1 404 Not Found
16:20:00.366 [main] DEBUG org.apache.http.headers - << date: Mon, 08 May 2023 09:20:01 GMT
16:20:00.366 [main] DEBUG org.apache.http.headers - << content-encoding: gzip
16:20:00.366 [main] DEBUG org.apache.http.headers - << content-type: text/plain; charset=utf-8
16:20:00.366 [main] DEBUG org.apache.http.headers - << transfer-encoding: chunked
16:20:00.366 [main] DEBUG org.apache.http.headers - << server: Fly/3f2597ca (2023-05-03)
16:20:00.366 [main] DEBUG org.apache.http.headers - << via: 1.1 fly.io
16:20:00.366 [main] DEBUG org.apache.http.headers - << fly-request-id: 01GZXAJ9BY7JHXWPVWXS4X342J-sin
16:20:00.366 [main] DEBUG org.apache.http.impl.client.DefaultHttpClient - Connection can be kept alive indefinitely
16:20:00.366 [main] DEBUG io.restassured.internal.RestAssuredHttpBuilder - Parsing response as: text/plain; charset=utf-8
16:20:00.366 [main] DEBUG org.apache.http.wire -  << "1E[\r][\n]"
16:20:00.366 [main] DEBUG org.apache.http.wire -  << "[0x1f][0x8b][0x8][0x0][0x0][0x0][0x0][0x0][0x4][0xff][0xcb][0xcb]/QH[0xcb]/[0xcd]K[0xe1][0x2][0x0][0xd4]I[0xfa]r[\n]"
16:20:00.366 [main] DEBUG org.apache.http.wire -  << "[0x0][0x0][0x0]"
16:20:00.366 [main] DEBUG org.apache.http.wire -  << "[\r][\n]"
16:20:00.366 [main] DEBUG org.apache.http.wire -  << "0[\r][\n]"
16:20:00.366 [main] DEBUG org.apache.http.wire -  << "[\r][\n]"
16:20:00.366 [main] DEBUG io.restassured.internal.RestAssuredHttpBuilder - Parsed data to instance of: class org.apache.http.conn.EofSensorInputStream
16:20:00.367 [main] DEBUG org.apache.http.impl.conn.BasicClientConnectionManager - Releasing connection org.apache.http.impl.conn.ManagedClientConnectionImpl@570ede3b
16:20:00.367 [main] DEBUG org.apache.http.impl.conn.BasicClientConnectionManager - Connection can be kept alive indefinitely
16:20:00.368 [main] DEBUG net.thucydides.core.steps.StepInterceptor - STEP DONE: I send GET HTTP request comment2
  &amp#27;[32mWhen &amp#27;[0m&amp#27;[32mI send GET HTTP request comment2&amp#27;[0m               &amp#27;[90m# starter.stepdefinitions.CommentSteps.sendGetHttpRequestComment2()&amp#27;[0m
16:20:00.372 [main] DEBUG net.thucydides.core.steps.StepInterceptor - STARTING STEP: CommentSteps.receiveValidHttp404Rating - Then I receive valid HTTP response code 404 comment
16:20:00.372 [main] DEBUG net.thucydides.core.steps.StepInterceptor - STEP DONE: Then I receive valid HTTP response code 404 comment
  &amp#27;[32mThen &amp#27;[0m&amp#27;[32mI receive valid HTTP response code 404 comment&amp#27;[0m &amp#27;[90m# starter.stepdefinitions.CommentSteps.receiveValidHttp404Rating()&amp#27;[0m
16:20:00.374 [main] INFO  - 
  _____   ___   ___   _____     ___     _     ___   ___   ___   ___  
 |_   _| | __| / __| |_   _|   | _ \   /_\   / __| / __| | __| |   \ 
   | |   | _|  \__ \   | |     |  _/  / _ \  \__ \ \__ \ | _|  | |) |
   |_|   |___| |___/   |_|     |_|   /_/ \_\ |___/ |___/ |___| |___/ 

Get comment with incorrect endpoints
----------------------------------------------------------------------
]]></system-out>
  </testcase>
</testsuite>