<?xml version="1.0" encoding="UTF-8"?>
<testsuite xmlns:xsi="http://www.w3.org/2001/XMLSchema-instance" xsi:noNamespaceSchemaLocation="https://maven.apache.org/surefire/maven-failsafe-plugin/xsd/failsafe-test-report-3.0.xsd" version="3.0" name="starter.CucumberTestSuite" time="25.132" tests="37" errors="0" skipped="0" failures="0">
  <properties>
[...]
</properties>
  <testcase name="POST - Register with valid data" classname="Register" time="3.005">
    <system-out><![CDATA[10:30:53.118 [main] DEBUG net.thucydides.core.guice.Injectors - Created injector for module net.thucydides.core.guice.ThucydidesModule
10:30:53.393 [main] DEBUG io.cucumber.core.plugin.SerenityReporter - Running feature from file:///C:/Users/WINDOWS%2010/Documents/GitHub/MiniProject_QE/API/minpro/src/test/resources/features/1.%20Register.feature
10:30:53.528 [main] DEBUG net.thucydides.core.guice.Injectors - Created injector for module net.thucydides.core.guice.webdriver.WebDriverModule
10:30:53.539 [main] INFO  - 

-------------------------------------------------------------------------------------
     _______. _______ .______       _______ .__   __.  __  .___________.____    ____ 
    /       ||   ____||   _  \     |   ____||  \ |  | |  | |           |\   \  /   / 
   |   (----`|  |__   |  |_)  |    |  |__   |   \|  | |  | `---|  |----` \   \/   /  
    \   \    |   __|  |      /     |   __|  |  . `  | |  |     |  |       \_    _/   
.----)   |   |  |____ |  |\  \----.|  |____ |  |\   | |  |     |  |         |  |     
|_______/    |_______|| _| `._____||_______||__| \__| |__|     |__|         |__|    
                                                                                     
 News and tutorials at http://www.serenity-bdd.info                                  
 Documentation at https://wakaleo.gitbooks.io/the-serenity-book/content/             
 Join the Serenity Community on Gitter: https://gitter.im/serenity-bdd/serenity-core 
 Serenity BDD Support and Training at http://serenity-bdd.info/#/trainingandsupport  
-------------------------------------------------------------------------------------

10:30:53.542 [main] DEBUG net.thucydides.core.steps.StepEventBus - Test suite started for story net.thucydides.core.model.Story@773abe6e
10:30:53.544 [main] INFO  - Test Suite Started: Register
10:30:53.554 [main] DEBUG io.cucumber.core.plugin.SerenityReporter - Running feature from file:///C:/Users/WINDOWS%2010/Documents/GitHub/MiniProject_QE/API/minpro/src/test/resources/features/2.%20Login.feature
10:30:53.558 [main] DEBUG net.thucydides.core.steps.StepEventBus - Test suite started for story net.thucydides.core.model.Story@86b1dd01
10:30:53.559 [main] INFO  - Test Suite Started: Login
10:30:53.559 [main] DEBUG io.cucumber.core.plugin.SerenityReporter - Running feature from file:///C:/Users/WINDOWS%2010/Documents/GitHub/MiniProject_QE/API/minpro/src/test/resources/features/3.%20User.feature
10:30:53.563 [main] DEBUG net.thucydides.core.steps.StepEventBus - Test suite started for story net.thucydides.core.model.Story@11e807f1
10:30:53.563 [main] INFO  - Test Suite Started: User Information
10:30:53.563 [main] DEBUG io.cucumber.core.plugin.SerenityReporter - Running feature from file:///C:/Users/WINDOWS%2010/Documents/GitHub/MiniProject_QE/API/minpro/src/test/resources/features/4.%20Categories.feature
10:30:53.567 [main] DEBUG net.thucydides.core.steps.StepEventBus - Test suite started for story net.thucydides.core.model.Story@1b5f86d1
10:30:53.568 [main] INFO  - Test Suite Started: Categories
10:30:53.568 [main] DEBUG io.cucumber.core.plugin.SerenityReporter - Running feature from file:///C:/Users/WINDOWS%2010/Documents/GitHub/MiniProject_QE/API/minpro/src/test/resources/features/5.%20Product.feature
10:30:53.572 [main] DEBUG net.thucydides.core.steps.StepEventBus - Test suite started for story net.thucydides.core.model.Story@5c78189e
10:30:53.572 [main] INFO  - Test Suite Started: Product
10:30:53.573 [main] DEBUG io.cucumber.core.plugin.SerenityReporter - Running feature from file:///C:/Users/WINDOWS%2010/Documents/GitHub/MiniProject_QE/API/minpro/src/test/resources/features/6.%20Order.feature
10:30:53.576 [main] DEBUG net.thucydides.core.steps.StepEventBus - Test suite started for story net.thucydides.core.model.Story@421cad1d
10:30:53.577 [main] INFO  - Test Suite Started: Order
10:30:53.577 [main] DEBUG io.cucumber.core.plugin.SerenityReporter - Running feature from file:///C:/Users/WINDOWS%2010/Documents/GitHub/MiniProject_QE/API/minpro/src/test/resources/features/7.%20Rating.feature
10:30:53.580 [main] DEBUG net.thucydides.core.steps.StepEventBus - Test suite started for story net.thucydides.core.model.Story@a2cc97b4
10:30:53.580 [main] INFO  - Test Suite Started: Rating
10:30:53.581 [main] DEBUG io.cucumber.core.plugin.SerenityReporter - Running feature from file:///C:/Users/WINDOWS%2010/Documents/GitHub/MiniProject_QE/API/minpro/src/test/resources/features/8.%20Comment.feature
10:30:53.584 [main] DEBUG net.thucydides.core.steps.StepEventBus - Test suite started for story net.thucydides.core.model.Story@8ea159bb
10:30:53.585 [main] INFO  - Test Suite Started: Comment
10:30:53.585 [main] DEBUG io.cucumber.core.plugin.SerenityReporter - Running feature from file:///C:/Users/WINDOWS%2010/Documents/GitHub/MiniProject_QE/API/minpro/src/test/resources/features/1.%20Register.feature
10:30:53.588 [main] DEBUG net.thucydides.core.steps.StepEventBus - Test suite started for story net.thucydides.core.model.Story@773abe6e
10:30:53.588 [main] INFO  - Test Suite Started: Register

Scenario: POST - Register with valid data              &amp#27;[90m# src/test/resources/features/1. Register.feature:7&amp#27;[0m
10:30:53.665 [main] DEBUG io.cucumber.core.plugin.SerenityReporter - Running feature from file:///C:/Users/WINDOWS%2010/Documents/GitHub/MiniProject_QE/API/minpro/src/test/resources/features/1.%20Register.feature
10:30:53.764 [main] INFO  - 
  _____   ___   ___   _____     ___   _____     _     ___   _____   ___   ___  
 |_   _| | __| / __| |_   _|   / __| |_   _|   /_\   | _ \ |_   _| | __| |   \ 
   | |   | _|  \__ \   | |     \__ \   | |    / _ \  |   /   | |   | _|  | |) |
   |_|   |___| |___/   |_|     |___/   |_|   /_/ \_\ |_|_\   |_|   |___| |___/ 

POST - Register with valid data(register;post---register-with-valid-data)
--------------------------------------------------------------------------------
10:30:53.820 [main] DEBUG net.thucydides.core.requirements.model.cucumber.CucumberParser - Loading feature C:\Users\WINDOWS 10\Documents\GitHub\MiniProject_QE\API\minpro\src\test\resources\features\1. Register.feature
10:30:53.834 [main] DEBUG net.thucydides.core.requirements.model.cucumber.CucumberParser - Loading feature C:\Users\WINDOWS 10\Documents\GitHub\MiniProject_QE\API\minpro\src\test\resources\features\2. Login.feature
10:30:53.839 [main] DEBUG net.thucydides.core.requirements.model.cucumber.CucumberParser - Loading feature C:\Users\WINDOWS 10\Documents\GitHub\MiniProject_QE\API\minpro\src\test\resources\features\3. User.feature
10:30:53.843 [main] DEBUG net.thucydides.core.requirements.model.cucumber.CucumberParser - Loading feature C:\Users\WINDOWS 10\Documents\GitHub\MiniProject_QE\API\minpro\src\test\resources\features\4. Categories.feature
10:30:53.848 [main] DEBUG net.thucydides.core.requirements.model.cucumber.CucumberParser - Loading feature C:\Users\WINDOWS 10\Documents\GitHub\MiniProject_QE\API\minpro\src\test\resources\features\5. Product.feature
10:30:53.852 [main] DEBUG net.thucydides.core.requirements.model.cucumber.CucumberParser - Loading feature C:\Users\WINDOWS 10\Documents\GitHub\MiniProject_QE\API\minpro\src\test\resources\features\6. Order.feature
10:30:53.856 [main] DEBUG net.thucydides.core.requirements.model.cucumber.CucumberParser - Loading feature C:\Users\WINDOWS 10\Documents\GitHub\MiniProject_QE\API\minpro\src\test\resources\features\7. Rating.feature
10:30:53.861 [main] DEBUG net.thucydides.core.requirements.model.cucumber.CucumberParser - Loading feature C:\Users\WINDOWS 10\Documents\GitHub\MiniProject_QE\API\minpro\src\test\resources\features\8. Comment.feature
10:30:54.268 [main] DEBUG net.thucydides.core.steps.StepInterceptor - STARTING STEP: RegisterSteps.setPostApiEndpointsRegister - I set POST api endpoints register
10:30:54.271 [main] DEBUG net.thucydides.core.steps.StepInterceptor - STEP DONE: I set POST api endpoints register
  &amp#27;[32mGiven &amp#27;[0m&amp#27;[32mI set POST api endpoints register&amp#27;[0m              &amp#27;[90m# starter.stepdefinitions.RegisterSteps.setPostApiEndpointsRegister()&amp#27;[0m
10:30:54.281 [main] DEBUG net.thucydides.core.steps.StepInterceptor - STARTING STEP: RegisterSteps.sendPostHttpRequestRegister - I send POST HTTP request register
10:30:55.696 [main] DEBUG net.thucydides.core.steps.StepInterceptor - STARTING STEP: Register.sendPostHttpRequestRegister - I set POST api endpoints register
10:30:55.696 [main] DEBUG net.thucydides.core.steps.StepInterceptor - STEP DONE: I set POST api endpoints register
10:30:56.262 [main] DEBUG org.apache.http.impl.conn.BasicClientConnectionManager - Get connection for route {s}->https://altashop-api.fly.dev:443
10:30:56.275 [main] DEBUG org.apache.http.impl.conn.DefaultClientConnectionOperator - Connecting to altashop-api.fly.dev:443
10:30:56.471 [main] DEBUG org.apache.http.client.protocol.RequestAddCookies - CookieSpec selected: ignoreCookies
10:30:56.472 [main] DEBUG org.apache.http.client.protocol.RequestAuthCache - Auth cache not set in the context
10:30:56.472 [main] DEBUG org.apache.http.client.protocol.RequestTargetAuthentication - Target auth state: UNCHALLENGED
10:30:56.472 [main] DEBUG org.apache.http.client.protocol.RequestProxyAuthentication - Proxy auth state: UNCHALLENGED
10:30:56.472 [main] DEBUG org.apache.http.impl.client.DefaultHttpClient - Attempt 1 to execute request
10:30:56.472 [main] DEBUG org.apache.http.impl.conn.DefaultClientConnection - Sending request: POST /api/auth/register HTTP/1.1
10:30:56.473 [main] DEBUG org.apache.http.wire -  >> "POST /api/auth/register HTTP/1.1[\r][\n]"
10:30:56.473 [main] DEBUG org.apache.http.wire -  >> "Accept: */*[\r][\n]"
10:30:56.473 [main] DEBUG org.apache.http.wire -  >> "Content-Type: application/json[\r][\n]"
10:30:56.473 [main] DEBUG org.apache.http.wire -  >> "Content-Length: 93[\r][\n]"
10:30:56.473 [main] DEBUG org.apache.http.wire -  >> "Host: altashop-api.fly.dev[\r][\n]"
10:30:56.473 [main] DEBUG org.apache.http.wire -  >> "Connection: Keep-Alive[\r][\n]"
10:30:56.474 [main] DEBUG org.apache.http.wire -  >> "User-Agent: Apache-HttpClient/4.5.13 (Java/15)[\r][\n]"
10:30:56.474 [main] DEBUG org.apache.http.wire -  >> "Accept-Encoding: gzip,deflate[\r][\n]"
10:30:56.474 [main] DEBUG org.apache.http.wire -  >> "[\r][\n]"
10:30:56.474 [main] DEBUG org.apache.http.headers - >> POST /api/auth/register HTTP/1.1
10:30:56.474 [main] DEBUG org.apache.http.headers - >> Accept: */*
10:30:56.474 [main] DEBUG org.apache.http.headers - >> Content-Type: application/json
10:30:56.474 [main] DEBUG org.apache.http.headers - >> Content-Length: 93
10:30:56.474 [main] DEBUG org.apache.http.headers - >> Host: altashop-api.fly.dev
10:30:56.474 [main] DEBUG org.apache.http.headers - >> Connection: Keep-Alive
10:30:56.474 [main] DEBUG org.apache.http.headers - >> User-Agent: Apache-HttpClient/4.5.13 (Java/15)
10:30:56.474 [main] DEBUG org.apache.http.headers - >> Accept-Encoding: gzip,deflate
10:30:56.474 [main] DEBUG org.apache.http.wire -  >> "{"password":"123123123","fullname":"Firstname Lastname","email":"someoneitwww1122@gmail.com"}"
10:30:56.516 [main] DEBUG org.apache.http.wire -  << "HTTP/1.1 200 OK[\r][\n]"
10:30:56.518 [main] DEBUG org.apache.http.wire -  << "content-type: application/json[\r][\n]"
10:30:56.518 [main] DEBUG org.apache.http.wire -  << "date: Sun, 07 May 2023 03:31:01 GMT[\r][\n]"
10:30:56.518 [main] DEBUG org.apache.http.wire -  << "content-encoding: gzip[\r][\n]"
10:30:56.518 [main] DEBUG org.apache.http.wire -  << "transfer-encoding: chunked[\r][\n]"
10:30:56.518 [main] DEBUG org.apache.http.wire -  << "server: Fly/3f2597ca (2023-05-03)[\r][\n]"
10:30:56.518 [main] DEBUG org.apache.http.wire -  << "via: 1.1 fly.io[\r][\n]"
10:30:56.518 [main] DEBUG org.apache.http.wire -  << "fly-request-id: 01GZT46GJ1AXMWW8915WF10VMW-sin[\r][\n]"
10:30:56.518 [main] DEBUG org.apache.http.wire -  << "[\r][\n]"
10:30:56.519 [main] DEBUG org.apache.http.impl.conn.DefaultClientConnection - Receiving response: HTTP/1.1 200 OK
10:30:56.519 [main] DEBUG org.apache.http.headers - << HTTP/1.1 200 OK
10:30:56.519 [main] DEBUG org.apache.http.headers - << content-type: application/json
10:30:56.519 [main] DEBUG org.apache.http.headers - << date: Sun, 07 May 2023 03:31:01 GMT
10:30:56.519 [main] DEBUG org.apache.http.headers - << content-encoding: gzip
10:30:56.519 [main] DEBUG org.apache.http.headers - << transfer-encoding: chunked
10:30:56.519 [main] DEBUG org.apache.http.headers - << server: Fly/3f2597ca (2023-05-03)
10:30:56.519 [main] DEBUG org.apache.http.headers - << via: 1.1 fly.io
10:30:56.519 [main] DEBUG org.apache.http.headers - << fly-request-id: 01GZT46GJ1AXMWW8915WF10VMW-sin
10:30:56.525 [main] DEBUG org.apache.http.impl.client.DefaultHttpClient - Connection can be kept alive indefinitely
10:30:56.528 [main] DEBUG io.restassured.internal.RestAssuredHttpBuilder - Parsing response as: application/json
10:30:56.529 [main] DEBUG org.apache.http.wire -  << "79[\r][\n]"
10:30:56.529 [main] DEBUG org.apache.http.wire -  << "[0x1f][0x8b][0x8][0x0][0x0][0x0][0x0][0x0][0x4][0xff][0xab]VJI,IT[0xb2][0xaa]V[0xf2]tQ[0xb2]2[0xb4][0xb4]44[0xd4]Qr+[0xcd][0xc9][0xc9]K[0xcc]MU[0xb2]Rr[0xcb],*.[0x1][0xb1][0x15]|[0x12]![0xc]%[0x1d]%[0xd7][0xdc][0xc4][0xcc][0x1c]%+[0xa5][0xe2][0xfc][0xdc][0xd4][0xfc][0xbc][0xd4][0xcc][0x92][0xf2][0xf2]rCC##[0x87]t[0x90][0x84]^r~[0xae][0x92][0x8e]R@bqqy~Q[0x8a][0x92][0x95][0x92][0xa1][0x91]1[0x4])[0xd5][0xd6]r[0x1][0x0][0x80]U[0xb8]dr[0x0][0x0][0x0]"
10:30:56.529 [main] DEBUG org.apache.http.wire -  << "[\r][\n]"
10:30:56.529 [main] DEBUG org.apache.http.wire -  << "0[\r][\n]"
10:30:56.529 [main] DEBUG org.apache.http.wire -  << "[\r][\n]"
10:30:56.529 [main] DEBUG io.restassured.internal.RestAssuredHttpBuilder - Parsed data to instance of: class org.apache.http.conn.EofSensorInputStream
10:30:56.558 [main] DEBUG org.apache.http.impl.conn.BasicClientConnectionManager - Releasing connection org.apache.http.impl.conn.ManagedClientConnectionImpl@229cb4d8
10:30:56.558 [main] DEBUG org.apache.http.impl.conn.BasicClientConnectionManager - Connection can be kept alive indefinitely
10:30:56.561 [main] DEBUG net.thucydides.core.steps.StepInterceptor - STEP DONE: I send POST HTTP request register
  &amp#27;[32mWhen &amp#27;[0m&amp#27;[32mI send POST HTTP request register&amp#27;[0m               &amp#27;[90m# starter.stepdefinitions.RegisterSteps.sendPostHttpRequestRegister()&amp#27;[0m
10:30:56.566 [main] DEBUG net.thucydides.core.steps.StepInterceptor - STARTING STEP: RegisterSteps.receiveValidHttp200Register - I receive valid HTTP response code 200 register
10:30:56.585 [main] DEBUG net.thucydides.core.steps.StepInterceptor - STEP DONE: I receive valid HTTP response code 200 register
  &amp#27;[32mThen &amp#27;[0m&amp#27;[32mI receive valid HTTP response code 200 register&amp#27;[0m &amp#27;[90m# starter.stepdefinitions.RegisterSteps.receiveValidHttp200Register()&amp#27;[0m
10:30:56.590 [main] INFO  - 
  _____   ___   ___   _____     ___     _     ___   ___   ___   ___  
 |_   _| | __| / __| |_   _|   | _ \   /_\   / __| / __| | __| |   \ 
   | |   | _|  \__ \   | |     |  _/  / _ \  \__ \ \__ \ | _|  | |) |
   |_|   |___| |___/   |_|     |_|   /_/ \_\ |___/ |___/ |___| |___/ 

POST - Register with valid data
----------------------------------------------------------------------
]]></system-out>
  </testcase>
  <testcase name="POST - Register without fullname" classname="Register" time="0.202">
    <system-out><![CDATA[
Scenario: POST - Register without fullname             &amp#27;[90m# src/test/resources/features/1. Register.feature:12&amp#27;[0m
10:30:56.606 [main] DEBUG io.cucumber.core.plugin.SerenityReporter - Running feature from file:///C:/Users/WINDOWS%2010/Documents/GitHub/MiniProject_QE/API/minpro/src/test/resources/features/1.%20Register.feature
10:30:56.611 [main] INFO  - 
  _____   ___   ___   _____     ___   _____     _     ___   _____   ___   ___  
 |_   _| | __| / __| |_   _|   / __| |_   _|   /_\   | _ \ |_   _| | __| |   \ 
   | |   | _|  \__ \   | |     \__ \   | |    / _ \  |   /   | |   | _|  | |) |
   |_|   |___| |___/   |_|     |___/   |_|   /_/ \_\ |_|_\   |_|   |___| |___/ 

POST - Register without fullname(register;post---register-without-fullname)
--------------------------------------------------------------------------------
10:30:56.628 [main] DEBUG net.thucydides.core.steps.StepInterceptor - STARTING STEP: RegisterSteps.setPostApiEndpointsRegister - I set POST api endpoints register
10:30:56.629 [main] DEBUG net.thucydides.core.steps.StepInterceptor - STEP DONE: I set POST api endpoints register
  &amp#27;[32mGiven &amp#27;[0m&amp#27;[32mI set POST api endpoints register&amp#27;[0m              &amp#27;[90m# starter.stepdefinitions.RegisterSteps.setPostApiEndpointsRegister()&amp#27;[0m
10:30:56.633 [main] DEBUG net.thucydides.core.steps.StepInterceptor - STARTING STEP: RegisterSteps.sendPostHttpRequestRegister2 - I send POST HTTP request register2
10:30:56.636 [main] DEBUG net.thucydides.core.steps.StepInterceptor - STARTING STEP: Register.sendPostHttpRequestRegister2 - I set POST api endpoints register
10:30:56.636 [main] DEBUG net.thucydides.core.steps.StepInterceptor - STEP DONE: I set POST api endpoints register
10:30:56.660 [main] DEBUG org.apache.http.impl.conn.BasicClientConnectionManager - Get connection for route {s}->https://altashop-api.fly.dev:443
10:30:56.660 [main] DEBUG org.apache.http.impl.conn.DefaultClientConnectionOperator - Connecting to altashop-api.fly.dev:443
10:30:56.740 [main] DEBUG org.apache.http.client.protocol.RequestAddCookies - CookieSpec selected: ignoreCookies
10:30:56.741 [main] DEBUG org.apache.http.client.protocol.RequestAuthCache - Auth cache not set in the context
10:30:56.741 [main] DEBUG org.apache.http.client.protocol.RequestTargetAuthentication - Target auth state: UNCHALLENGED
10:30:56.741 [main] DEBUG org.apache.http.client.protocol.RequestProxyAuthentication - Proxy auth state: UNCHALLENGED
10:30:56.741 [main] DEBUG org.apache.http.impl.client.DefaultHttpClient - Attempt 1 to execute request
10:30:56.741 [main] DEBUG org.apache.http.impl.conn.DefaultClientConnection - Sending request: POST /api/auth/register HTTP/1.1
10:30:56.741 [main] DEBUG org.apache.http.wire -  >> "POST /api/auth/register HTTP/1.1[\r][\n]"
10:30:56.741 [main] DEBUG org.apache.http.wire -  >> "Accept: */*[\r][\n]"
10:30:56.741 [main] DEBUG org.apache.http.wire -  >> "Content-Type: application/json[\r][\n]"
10:30:56.741 [main] DEBUG org.apache.http.wire -  >> "Content-Length: 66[\r][\n]"
10:30:56.741 [main] DEBUG org.apache.http.wire -  >> "Host: altashop-api.fly.dev[\r][\n]"
10:30:56.741 [main] DEBUG org.apache.http.wire -  >> "Connection: Keep-Alive[\r][\n]"
10:30:56.741 [main] DEBUG org.apache.http.wire -  >> "User-Agent: Apache-HttpClient/4.5.13 (Java/15)[\r][\n]"
10:30:56.741 [main] DEBUG org.apache.http.wire -  >> "Accept-Encoding: gzip,deflate[\r][\n]"
10:30:56.741 [main] DEBUG org.apache.http.wire -  >> "[\r][\n]"
10:30:56.741 [main] DEBUG org.apache.http.headers - >> POST /api/auth/register HTTP/1.1
10:30:56.741 [main] DEBUG org.apache.http.headers - >> Accept: */*
10:30:56.742 [main] DEBUG org.apache.http.headers - >> Content-Type: application/json
10:30:56.742 [main] DEBUG org.apache.http.headers - >> Content-Length: 66
10:30:56.742 [main] DEBUG org.apache.http.headers - >> Host: altashop-api.fly.dev
10:30:56.742 [main] DEBUG org.apache.http.headers - >> Connection: Keep-Alive
10:30:56.742 [main] DEBUG org.apache.http.headers - >> User-Agent: Apache-HttpClient/4.5.13 (Java/15)
10:30:56.742 [main] DEBUG org.apache.http.headers - >> Accept-Encoding: gzip,deflate
10:30:56.742 [main] DEBUG org.apache.http.wire -  >> "{"password":"123123","fullname":"","email":"someoneitw@gmail.com"}"
10:30:56.780 [main] DEBUG org.apache.http.wire -  << "HTTP/1.1 400 Bad Request[\r][\n]"
10:30:56.780 [main] DEBUG org.apache.http.wire -  << "content-type: application/json[\r][\n]"
10:30:56.780 [main] DEBUG org.apache.http.wire -  << "date: Sun, 07 May 2023 03:31:01 GMT[\r][\n]"
10:30:56.780 [main] DEBUG org.apache.http.wire -  << "content-encoding: gzip[\r][\n]"
10:30:56.780 [main] DEBUG org.apache.http.wire -  << "transfer-encoding: chunked[\r][\n]"
10:30:56.780 [main] DEBUG org.apache.http.wire -  << "server: Fly/3f2597ca (2023-05-03)[\r][\n]"
10:30:56.780 [main] DEBUG org.apache.http.wire -  << "via: 1.1 fly.io[\r][\n]"
10:30:56.780 [main] DEBUG org.apache.http.wire -  << "fly-request-id: 01GZT46GTD6PE8TX6N307EW6XC-sin[\r][\n]"
10:30:56.780 [main] DEBUG org.apache.http.wire -  << "[\r][\n]"
10:30:56.780 [main] DEBUG org.apache.http.impl.conn.DefaultClientConnection - Receiving response: HTTP/1.1 400 Bad Request
10:30:56.780 [main] DEBUG org.apache.http.headers - << HTTP/1.1 400 Bad Request
10:30:56.780 [main] DEBUG org.apache.http.headers - << content-type: application/json
10:30:56.780 [main] DEBUG org.apache.http.headers - << date: Sun, 07 May 2023 03:31:01 GMT
10:30:56.780 [main] DEBUG org.apache.http.headers - << content-encoding: gzip
10:30:56.780 [main] DEBUG org.apache.http.headers - << transfer-encoding: chunked
10:30:56.780 [main] DEBUG org.apache.http.headers - << server: Fly/3f2597ca (2023-05-03)
10:30:56.780 [main] DEBUG org.apache.http.headers - << via: 1.1 fly.io
10:30:56.781 [main] DEBUG org.apache.http.headers - << fly-request-id: 01GZT46GTD6PE8TX6N307EW6XC-sin
10:30:56.781 [main] DEBUG org.apache.http.impl.client.DefaultHttpClient - Connection can be kept alive indefinitely
10:30:56.781 [main] DEBUG io.restassured.internal.RestAssuredHttpBuilder - Parsing response as: application/json
10:30:56.781 [main] DEBUG org.apache.http.wire -  << "35[\r][\n]"
10:30:56.781 [main] DEBUG org.apache.http.wire -  << "[0x1f][0x8b][0x8][0x0][0x0][0x0][0x0][0x0][0x4][0xff][0xab]VJ-*[0xca]/R[0xb2]RJ+[0xcd][0xc9][0xc9]K[0xcc]MU[0xc8],V(J-,[0xcd],JMQ[0xaa][0xe5][0x2][0x0]ok4[0xc9]![0x0][0x0][0x0]"
10:30:56.781 [main] DEBUG org.apache.http.wire -  << "[\r][\n]"
10:30:56.782 [main] DEBUG org.apache.http.wire -  << "0[\r][\n]"
10:30:56.782 [main] DEBUG org.apache.http.wire -  << "[\r][\n]"
10:30:56.782 [main] DEBUG io.restassured.internal.RestAssuredHttpBuilder - Parsed data to instance of: class org.apache.http.conn.EofSensorInputStream
10:30:56.784 [main] DEBUG org.apache.http.impl.conn.BasicClientConnectionManager - Releasing connection org.apache.http.impl.conn.ManagedClientConnectionImpl@687e561b
10:30:56.784 [main] DEBUG org.apache.http.impl.conn.BasicClientConnectionManager - Connection can be kept alive indefinitely
10:30:56.785 [main] DEBUG net.thucydides.core.steps.StepInterceptor - STEP DONE: I send POST HTTP request register2
  &amp#27;[32mWhen &amp#27;[0m&amp#27;[32mI send POST HTTP request register2&amp#27;[0m              &amp#27;[90m# starter.stepdefinitions.RegisterSteps.sendPostHttpRequestRegister2()&amp#27;[0m
10:30:56.791 [main] DEBUG net.thucydides.core.steps.StepInterceptor - STARTING STEP: RegisterSteps.receiveValidHttp400Register - I receive valid HTTP response code 400 register
10:30:56.792 [main] DEBUG net.thucydides.core.steps.StepInterceptor - STEP DONE: I receive valid HTTP response code 400 register
  &amp#27;[32mThen &amp#27;[0m&amp#27;[32mI receive valid HTTP response code 400 register&amp#27;[0m &amp#27;[90m# starter.stepdefinitions.RegisterSteps.receiveValidHttp400Register()&amp#27;[0m
10:30:56.796 [main] INFO  - 
  _____   ___   ___   _____     ___     _     ___   ___   ___   ___  
 |_   _| | __| / __| |_   _|   | _ \   /_\   / __| / __| | __| |   \ 
   | |   | _|  \__ \   | |     |  _/  / _ \  \__ \ \__ \ | _|  | |) |
   |_|   |___| |___/   |_|     |_|   /_/ \_\ |___/ |___/ |___| |___/ 

POST - Register without fullname
----------------------------------------------------------------------
]]></system-out>
  </testcase>
  <testcase name="POST - Register without email" classname="Register" time="0.235">
    <system-out><![CDATA[
Scenario: POST - Register without email                &amp#27;[90m# src/test/resources/features/1. Register.feature:17&amp#27;[0m
10:30:56.809 [main] DEBUG io.cucumber.core.plugin.SerenityReporter - Running feature from file:///C:/Users/WINDOWS%2010/Documents/GitHub/MiniProject_QE/API/minpro/src/test/resources/features/1.%20Register.feature
10:30:56.814 [main] INFO  - 
  _____   ___   ___   _____     ___   _____     _     ___   _____   ___   ___  
 |_   _| | __| / __| |_   _|   / __| |_   _|   /_\   | _ \ |_   _| | __| |   \ 
   | |   | _|  \__ \   | |     \__ \   | |    / _ \  |   /   | |   | _|  | |) |
   |_|   |___| |___/   |_|     |___/   |_|   /_/ \_\ |_|_\   |_|   |___| |___/ 

POST - Register without email(register;post---register-without-email)
--------------------------------------------------------------------------------
10:30:56.830 [main] DEBUG net.thucydides.core.steps.StepInterceptor - STARTING STEP: RegisterSteps.setPostApiEndpointsRegister - I set POST api endpoints register
10:30:56.831 [main] DEBUG net.thucydides.core.steps.StepInterceptor - STEP DONE: I set POST api endpoints register
  &amp#27;[32mGiven &amp#27;[0m&amp#27;[32mI set POST api endpoints register&amp#27;[0m              &amp#27;[90m# starter.stepdefinitions.RegisterSteps.setPostApiEndpointsRegister()&amp#27;[0m
10:30:56.835 [main] DEBUG net.thucydides.core.steps.StepInterceptor - STARTING STEP: RegisterSteps.sendPostHttpRequestRegister3 - I send POST HTTP request register3
10:30:56.837 [main] DEBUG net.thucydides.core.steps.StepInterceptor - STARTING STEP: Register.sendPostHttpRequestRegister3 - I set POST api endpoints register
10:30:56.837 [main] DEBUG net.thucydides.core.steps.StepInterceptor - STEP DONE: I set POST api endpoints register
10:30:56.858 [main] DEBUG org.apache.http.impl.conn.BasicClientConnectionManager - Get connection for route {s}->https://altashop-api.fly.dev:443
10:30:56.858 [main] DEBUG org.apache.http.impl.conn.DefaultClientConnectionOperator - Connecting to altashop-api.fly.dev:443
10:30:56.942 [main] DEBUG org.apache.http.client.protocol.RequestAddCookies - CookieSpec selected: ignoreCookies
10:30:56.943 [main] DEBUG org.apache.http.client.protocol.RequestAuthCache - Auth cache not set in the context
10:30:56.943 [main] DEBUG org.apache.http.client.protocol.RequestTargetAuthentication - Target auth state: UNCHALLENGED
10:30:56.943 [main] DEBUG org.apache.http.client.protocol.RequestProxyAuthentication - Proxy auth state: UNCHALLENGED
10:30:56.943 [main] DEBUG org.apache.http.impl.client.DefaultHttpClient - Attempt 1 to execute request
10:30:56.943 [main] DEBUG org.apache.http.impl.conn.DefaultClientConnection - Sending request: POST /api/auth/register HTTP/1.1
10:30:56.943 [main] DEBUG org.apache.http.wire -  >> "POST /api/auth/register HTTP/1.1[\r][\n]"
10:30:56.943 [main] DEBUG org.apache.http.wire -  >> "Accept: */*[\r][\n]"
10:30:56.943 [main] DEBUG org.apache.http.wire -  >> "Content-Type: application/json[\r][\n]"
10:30:56.943 [main] DEBUG org.apache.http.wire -  >> "Content-Length: 53[\r][\n]"
10:30:56.943 [main] DEBUG org.apache.http.wire -  >> "Host: altashop-api.fly.dev[\r][\n]"
10:30:56.943 [main] DEBUG org.apache.http.wire -  >> "Connection: Keep-Alive[\r][\n]"
10:30:56.943 [main] DEBUG org.apache.http.wire -  >> "User-Agent: Apache-HttpClient/4.5.13 (Java/15)[\r][\n]"
10:30:56.943 [main] DEBUG org.apache.http.wire -  >> "Accept-Encoding: gzip,deflate[\r][\n]"
10:30:56.943 [main] DEBUG org.apache.http.wire -  >> "[\r][\n]"
10:30:56.943 [main] DEBUG org.apache.http.headers - >> POST /api/auth/register HTTP/1.1
10:30:56.943 [main] DEBUG org.apache.http.headers - >> Accept: */*
10:30:56.943 [main] DEBUG org.apache.http.headers - >> Content-Type: application/json
10:30:56.943 [main] DEBUG org.apache.http.headers - >> Content-Length: 53
10:30:56.943 [main] DEBUG org.apache.http.headers - >> Host: altashop-api.fly.dev
10:30:56.943 [main] DEBUG org.apache.http.headers - >> Connection: Keep-Alive
10:30:56.943 [main] DEBUG org.apache.http.headers - >> User-Agent: Apache-HttpClient/4.5.13 (Java/15)
10:30:56.943 [main] DEBUG org.apache.http.headers - >> Accept-Encoding: gzip,deflate
10:30:56.943 [main] DEBUG org.apache.http.wire -  >> "{"password":"123456","fullname":"someone","email":""}"
10:30:57.018 [main] DEBUG org.apache.http.wire -  << "HTTP/1.1 400 Bad Request[\r][\n]"
10:30:57.018 [main] DEBUG org.apache.http.wire -  << "content-type: application/json[\r][\n]"
10:30:57.018 [main] DEBUG org.apache.http.wire -  << "date: Sun, 07 May 2023 03:31:01 GMT[\r][\n]"
10:30:57.018 [main] DEBUG org.apache.http.wire -  << "content-encoding: gzip[\r][\n]"
10:30:57.018 [main] DEBUG org.apache.http.wire -  << "transfer-encoding: chunked[\r][\n]"
10:30:57.018 [main] DEBUG org.apache.http.wire -  << "server: Fly/3f2597ca (2023-05-03)[\r][\n]"
10:30:57.018 [main] DEBUG org.apache.http.wire -  << "via: 1.1 fly.io[\r][\n]"
10:30:57.018 [main] DEBUG org.apache.http.wire -  << "fly-request-id: 01GZT46H1XV3HDME8ZRGH7NJCH-sin[\r][\n]"
10:30:57.018 [main] DEBUG org.apache.http.wire -  << "[\r][\n]"
10:30:57.018 [main] DEBUG org.apache.http.impl.conn.DefaultClientConnection - Receiving response: HTTP/1.1 400 Bad Request
10:30:57.019 [main] DEBUG org.apache.http.headers - << HTTP/1.1 400 Bad Request
10:30:57.019 [main] DEBUG org.apache.http.headers - << content-type: application/json
10:30:57.019 [main] DEBUG org.apache.http.headers - << date: Sun, 07 May 2023 03:31:01 GMT
10:30:57.019 [main] DEBUG org.apache.http.headers - << content-encoding: gzip
10:30:57.019 [main] DEBUG org.apache.http.headers - << transfer-encoding: chunked
10:30:57.019 [main] DEBUG org.apache.http.headers - << server: Fly/3f2597ca (2023-05-03)
10:30:57.019 [main] DEBUG org.apache.http.headers - << via: 1.1 fly.io
10:30:57.019 [main] DEBUG org.apache.http.headers - << fly-request-id: 01GZT46H1XV3HDME8ZRGH7NJCH-sin
10:30:57.019 [main] DEBUG org.apache.http.impl.client.DefaultHttpClient - Connection can be kept alive indefinitely
10:30:57.019 [main] DEBUG io.restassured.internal.RestAssuredHttpBuilder - Parsing response as: application/json
10:30:57.019 [main] DEBUG org.apache.http.wire -  << "32[\r][\n]"
10:30:57.020 [main] DEBUG org.apache.http.wire -  << "[0x1f][0x8b][0x8][0x0][0x0][0x0][0x0][0x0][0x4][0xff][0xab]VJ-*[0xca]/R[0xb2]RJ[0xcd]M[0xcc][0xcc]Q[0xc8],V(J-,[0xcd],JMQ[0xaa][0xe5][0x2][0x0]&[0xe3][0xaa]j[0x1e][0x0][0x0][0x0]"
10:30:57.020 [main] DEBUG org.apache.http.wire -  << "[\r][\n]"
10:30:57.020 [main] DEBUG org.apache.http.wire -  << "0[\r][\n]"
10:30:57.020 [main] DEBUG org.apache.http.wire -  << "[\r][\n]"
10:30:57.020 [main] DEBUG io.restassured.internal.RestAssuredHttpBuilder - Parsed data to instance of: class org.apache.http.conn.EofSensorInputStream
10:30:57.022 [main] DEBUG org.apache.http.impl.conn.BasicClientConnectionManager - Releasing connection org.apache.http.impl.conn.ManagedClientConnectionImpl@fb2c2f3
10:30:57.022 [main] DEBUG org.apache.http.impl.conn.BasicClientConnectionManager - Connection can be kept alive indefinitely
10:30:57.023 [main] DEBUG net.thucydides.core.steps.StepInterceptor - STEP DONE: I send POST HTTP request register3
  &amp#27;[32mWhen &amp#27;[0m&amp#27;[32mI send POST HTTP request register3&amp#27;[0m              &amp#27;[90m# starter.stepdefinitions.RegisterSteps.sendPostHttpRequestRegister3()&amp#27;[0m
10:30:57.028 [main] DEBUG net.thucydides.core.steps.StepInterceptor - STARTING STEP: RegisterSteps.receiveValidHttp400Register - I receive valid HTTP response code 400 register
10:30:57.029 [main] DEBUG net.thucydides.core.steps.StepInterceptor - STEP DONE: I receive valid HTTP response code 400 register
  &amp#27;[32mThen &amp#27;[0m&amp#27;[32mI receive valid HTTP response code 400 register&amp#27;[0m &amp#27;[90m# starter.stepdefinitions.RegisterSteps.receiveValidHttp400Register()&amp#27;[0m
10:30:57.032 [main] INFO  - 
  _____   ___   ___   _____     ___     _     ___   ___   ___   ___  
 |_   _| | __| / __| |_   _|   | _ \   /_\   / __| / __| | __| |   \ 
   | |   | _|  \__ \   | |     |  _/  / _ \  \__ \ \__ \ | _|  | |) |
   |_|   |___| |___/   |_|     |_|   /_/ \_\ |___/ |___/ |___| |___/ 

POST - Register without email
----------------------------------------------------------------------
]]></system-out>
  </testcase>
  <testcase name="POST - Register without password" classname="Register" time="0.479">
    <system-out><![CDATA[
Scenario: POST - Register without password             &amp#27;[90m# src/test/resources/features/1. Register.feature:22&amp#27;[0m
10:30:57.044 [main] DEBUG io.cucumber.core.plugin.SerenityReporter - Running feature from file:///C:/Users/WINDOWS%2010/Documents/GitHub/MiniProject_QE/API/minpro/src/test/resources/features/1.%20Register.feature
10:30:57.049 [main] INFO  - 
  _____   ___   ___   _____     ___   _____     _     ___   _____   ___   ___  
 |_   _| | __| / __| |_   _|   / __| |_   _|   /_\   | _ \ |_   _| | __| |   \ 
   | |   | _|  \__ \   | |     \__ \   | |    / _ \  |   /   | |   | _|  | |) |
   |_|   |___| |___/   |_|     |___/   |_|   /_/ \_\ |_|_\   |_|   |___| |___/ 

POST - Register without password(register;post---register-without-password)
--------------------------------------------------------------------------------
10:30:57.064 [main] DEBUG net.thucydides.core.steps.StepInterceptor - STARTING STEP: RegisterSteps.setPostApiEndpointsRegister - I set POST api endpoints register
10:30:57.064 [main] DEBUG net.thucydides.core.steps.StepInterceptor - STEP DONE: I set POST api endpoints register
  &amp#27;[32mGiven &amp#27;[0m&amp#27;[32mI set POST api endpoints register&amp#27;[0m              &amp#27;[90m# starter.stepdefinitions.RegisterSteps.setPostApiEndpointsRegister()&amp#27;[0m
10:30:57.068 [main] DEBUG net.thucydides.core.steps.StepInterceptor - STARTING STEP: RegisterSteps.sendPostHttpRequest4 - I send POST HTTP request register4
10:30:57.070 [main] DEBUG net.thucydides.core.steps.StepInterceptor - STARTING STEP: Register.sendPostHttpRequestRegister4 - I set POST api endpoints register
10:30:57.070 [main] DEBUG net.thucydides.core.steps.StepInterceptor - STEP DONE: I set POST api endpoints register
10:30:57.092 [main] DEBUG org.apache.http.impl.conn.BasicClientConnectionManager - Get connection for route {s}->https://altashop-api.fly.dev:443
10:30:57.093 [main] DEBUG org.apache.http.impl.conn.DefaultClientConnectionOperator - Connecting to altashop-api.fly.dev:443
10:30:57.093 [Finalizer] DEBUG org.apache.http.impl.conn.DefaultClientConnection - Connection 0.0.0.0:54019<->149.248.193.56:443 closed
10:30:57.093 [Finalizer] DEBUG org.apache.http.impl.conn.DefaultClientConnection - Connection 0.0.0.0:54021<->149.248.193.56:443 closed
10:30:57.182 [main] DEBUG org.apache.http.client.protocol.RequestAddCookies - CookieSpec selected: ignoreCookies
10:30:57.183 [main] DEBUG org.apache.http.client.protocol.RequestAuthCache - Auth cache not set in the context
10:30:57.183 [main] DEBUG org.apache.http.client.protocol.RequestTargetAuthentication - Target auth state: UNCHALLENGED
10:30:57.183 [main] DEBUG org.apache.http.client.protocol.RequestProxyAuthentication - Proxy auth state: UNCHALLENGED
10:30:57.183 [main] DEBUG org.apache.http.impl.client.DefaultHttpClient - Attempt 1 to execute request
10:30:57.183 [main] DEBUG org.apache.http.impl.conn.DefaultClientConnection - Sending request: POST /api/auth/register HTTP/1.1
10:30:57.183 [main] DEBUG org.apache.http.wire -  >> "POST /api/auth/register HTTP/1.1[\r][\n]"
10:30:57.183 [main] DEBUG org.apache.http.wire -  >> "Accept: */*[\r][\n]"
10:30:57.183 [main] DEBUG org.apache.http.wire -  >> "Content-Type: application/json[\r][\n]"
10:30:57.183 [main] DEBUG org.apache.http.wire -  >> "Content-Length: 78[\r][\n]"
10:30:57.183 [main] DEBUG org.apache.http.wire -  >> "Host: altashop-api.fly.dev[\r][\n]"
10:30:57.183 [main] DEBUG org.apache.http.wire -  >> "Connection: Keep-Alive[\r][\n]"
10:30:57.184 [main] DEBUG org.apache.http.wire -  >> "User-Agent: Apache-HttpClient/4.5.13 (Java/15)[\r][\n]"
10:30:57.184 [main] DEBUG org.apache.http.wire -  >> "Accept-Encoding: gzip,deflate[\r][\n]"
10:30:57.184 [main] DEBUG org.apache.http.wire -  >> "[\r][\n]"
10:30:57.184 [main] DEBUG org.apache.http.headers - >> POST /api/auth/register HTTP/1.1
10:30:57.184 [main] DEBUG org.apache.http.headers - >> Accept: */*
10:30:57.184 [main] DEBUG org.apache.http.headers - >> Content-Type: application/json
10:30:57.184 [main] DEBUG org.apache.http.headers - >> Content-Length: 78
10:30:57.184 [main] DEBUG org.apache.http.headers - >> Host: altashop-api.fly.dev
10:30:57.184 [main] DEBUG org.apache.http.headers - >> Connection: Keep-Alive
10:30:57.184 [main] DEBUG org.apache.http.headers - >> User-Agent: Apache-HttpClient/4.5.13 (Java/15)
10:30:57.184 [main] DEBUG org.apache.http.headers - >> Accept-Encoding: gzip,deflate
10:30:57.184 [main] DEBUG org.apache.http.wire -  >> "{"password":"","fullname":"Firstname Lastname","email":"someoneitw@gmail.com"}"
10:30:57.503 [main] DEBUG org.apache.http.wire -  << "HTTP/1.1 400 Bad Request[\r][\n]"
10:30:57.503 [main] DEBUG org.apache.http.wire -  << "content-type: application/json[\r][\n]"
10:30:57.503 [main] DEBUG org.apache.http.wire -  << "date: Sun, 07 May 2023 03:31:02 GMT[\r][\n]"
10:30:57.503 [main] DEBUG org.apache.http.wire -  << "content-encoding: gzip[\r][\n]"
10:30:57.503 [main] DEBUG org.apache.http.wire -  << "transfer-encoding: chunked[\r][\n]"
10:30:57.503 [main] DEBUG org.apache.http.wire -  << "server: Fly/3f2597ca (2023-05-03)[\r][\n]"
10:30:57.503 [main] DEBUG org.apache.http.wire -  << "via: 1.1 fly.io[\r][\n]"
10:30:57.503 [main] DEBUG org.apache.http.wire -  << "fly-request-id: 01GZT46HH30ESWSGG9CPGDCS1J-sin[\r][\n]"
10:30:57.503 [main] DEBUG org.apache.http.wire -  << "[\r][\n]"
10:30:57.503 [main] DEBUG org.apache.http.impl.conn.DefaultClientConnection - Receiving response: HTTP/1.1 400 Bad Request
10:30:57.503 [main] DEBUG org.apache.http.headers - << HTTP/1.1 400 Bad Request
10:30:57.503 [main] DEBUG org.apache.http.headers - << content-type: application/json
10:30:57.503 [main] DEBUG org.apache.http.headers - << date: Sun, 07 May 2023 03:31:02 GMT
10:30:57.503 [main] DEBUG org.apache.http.headers - << content-encoding: gzip
10:30:57.503 [main] DEBUG org.apache.http.headers - << transfer-encoding: chunked
10:30:57.503 [main] DEBUG org.apache.http.headers - << server: Fly/3f2597ca (2023-05-03)
10:30:57.503 [main] DEBUG org.apache.http.headers - << via: 1.1 fly.io
10:30:57.503 [main] DEBUG org.apache.http.headers - << fly-request-id: 01GZT46HH30ESWSGG9CPGDCS1J-sin
10:30:57.503 [main] DEBUG org.apache.http.impl.client.DefaultHttpClient - Connection can be kept alive indefinitely
10:30:57.503 [main] DEBUG io.restassured.internal.RestAssuredHttpBuilder - Parsing response as: application/json
10:30:57.503 [main] DEBUG org.apache.http.wire -  << "35[\r][\n]"
10:30:57.503 [main] DEBUG org.apache.http.wire -  << "[0x1f][0x8b][0x8][0x0][0x0][0x0][0x0][0x0][0x4][0xff][0xab]VJ-*[0xca]/R[0xb2]R*H,..[0xcf]/JQ[0xc8],V(J-,[0xcd],JMQ[0xaa][0xe5][0x2][0x0][0xb9][0x8f][0xe5][0xe0]![0x0][0x0][0x0]"
10:30:57.503 [main] DEBUG org.apache.http.wire -  << "[\r][\n]"
10:30:57.504 [main] DEBUG org.apache.http.wire -  << "0[\r][\n]"
10:30:57.504 [main] DEBUG org.apache.http.wire -  << "[\r][\n]"
10:30:57.504 [main] DEBUG io.restassured.internal.RestAssuredHttpBuilder - Parsed data to instance of: class org.apache.http.conn.EofSensorInputStream
10:30:57.506 [main] DEBUG org.apache.http.impl.conn.BasicClientConnectionManager - Releasing connection org.apache.http.impl.conn.ManagedClientConnectionImpl@5ac0bf84
10:30:57.506 [main] DEBUG org.apache.http.impl.conn.BasicClientConnectionManager - Connection can be kept alive indefinitely
10:30:57.506 [main] DEBUG net.thucydides.core.steps.StepInterceptor - STEP DONE: I send POST HTTP request register4
  &amp#27;[32mWhen &amp#27;[0m&amp#27;[32mI send POST HTTP request register4&amp#27;[0m              &amp#27;[90m# starter.stepdefinitions.RegisterSteps.sendPostHttpRequest4()&amp#27;[0m
10:30:57.510 [main] DEBUG net.thucydides.core.steps.StepInterceptor - STARTING STEP: RegisterSteps.receiveValidHttp400Register - I receive valid HTTP response code 400 register
10:30:57.511 [main] DEBUG net.thucydides.core.steps.StepInterceptor - STEP DONE: I receive valid HTTP response code 400 register
  &amp#27;[32mThen &amp#27;[0m&amp#27;[32mI receive valid HTTP response code 400 register&amp#27;[0m &amp#27;[90m# starter.stepdefinitions.RegisterSteps.receiveValidHttp400Register()&amp#27;[0m
10:30:57.513 [main] INFO  - 
  _____   ___   ___   _____     ___     _     ___   ___   ___   ___  
 |_   _| | __| / __| |_   _|   | _ \   /_\   / __| / __| | __| |   \ 
   | |   | _|  \__ \   | |     |  _/  / _ \  \__ \ \__ \ | _|  | |) |
   |_|   |___| |___/   |_|     |_|   /_/ \_\ |___/ |___/ |___| |___/ 

POST - Register without password
----------------------------------------------------------------------
]]></system-out>
  </testcase>
  <testcase name="POST - Register with existed account" classname="Register" time="0.18">
    <system-out><![CDATA[
Scenario: POST - Register with existed account         &amp#27;[90m# src/test/resources/features/1. Register.feature:27&amp#27;[0m
10:30:57.519 [main] DEBUG io.cucumber.core.plugin.SerenityReporter - Running feature from file:///C:/Users/WINDOWS%2010/Documents/GitHub/MiniProject_QE/API/minpro/src/test/resources/features/1.%20Register.feature
10:30:57.523 [main] INFO  - 
  _____   ___   ___   _____     ___   _____     _     ___   _____   ___   ___  
 |_   _| | __| / __| |_   _|   / __| |_   _|   /_\   | _ \ |_   _| | __| |   \ 
   | |   | _|  \__ \   | |     \__ \   | |    / _ \  |   /   | |   | _|  | |) |
   |_|   |___| |___/   |_|     |___/   |_|   /_/ \_\ |_|_\   |_|   |___| |___/ 

POST - Register with existed account(register;post---register-with-existed-account)
--------------------------------------------------------------------------------
10:30:57.536 [main] DEBUG net.thucydides.core.steps.StepInterceptor - STARTING STEP: RegisterSteps.setPostApiEndpointsRegister - I set POST api endpoints register
10:30:57.537 [main] DEBUG net.thucydides.core.steps.StepInterceptor - STEP DONE: I set POST api endpoints register
  &amp#27;[32mGiven &amp#27;[0m&amp#27;[32mI set POST api endpoints register&amp#27;[0m              &amp#27;[90m# starter.stepdefinitions.RegisterSteps.setPostApiEndpointsRegister()&amp#27;[0m
10:30:57.542 [main] DEBUG net.thucydides.core.steps.StepInterceptor - STARTING STEP: RegisterSteps.sendPostHttpRequest5 - I send POST HTTP request register5
10:30:57.544 [main] DEBUG net.thucydides.core.steps.StepInterceptor - STARTING STEP: Register.sendPostHttpRequestRegister5 - I set POST api endpoints register
10:30:57.545 [main] DEBUG net.thucydides.core.steps.StepInterceptor - STEP DONE: I set POST api endpoints register
10:30:57.561 [main] DEBUG org.apache.http.impl.conn.BasicClientConnectionManager - Get connection for route {s}->https://altashop-api.fly.dev:443
10:30:57.561 [main] DEBUG org.apache.http.impl.conn.DefaultClientConnectionOperator - Connecting to altashop-api.fly.dev:443
10:30:57.639 [main] DEBUG org.apache.http.client.protocol.RequestAddCookies - CookieSpec selected: ignoreCookies
10:30:57.639 [main] DEBUG org.apache.http.client.protocol.RequestAuthCache - Auth cache not set in the context
10:30:57.639 [main] DEBUG org.apache.http.client.protocol.RequestTargetAuthentication - Target auth state: UNCHALLENGED
10:30:57.639 [main] DEBUG org.apache.http.client.protocol.RequestProxyAuthentication - Proxy auth state: UNCHALLENGED
10:30:57.639 [main] DEBUG org.apache.http.impl.client.DefaultHttpClient - Attempt 1 to execute request
10:30:57.639 [main] DEBUG org.apache.http.impl.conn.DefaultClientConnection - Sending request: POST /api/auth/register HTTP/1.1
10:30:57.639 [main] DEBUG org.apache.http.wire -  >> "POST /api/auth/register HTTP/1.1[\r][\n]"
10:30:57.639 [main] DEBUG org.apache.http.wire -  >> "Accept: */*[\r][\n]"
10:30:57.639 [main] DEBUG org.apache.http.wire -  >> "Content-Type: application/json[\r][\n]"
10:30:57.639 [main] DEBUG org.apache.http.wire -  >> "Content-Length: 84[\r][\n]"
10:30:57.639 [main] DEBUG org.apache.http.wire -  >> "Host: altashop-api.fly.dev[\r][\n]"
10:30:57.639 [main] DEBUG org.apache.http.wire -  >> "Connection: Keep-Alive[\r][\n]"
10:30:57.639 [main] DEBUG org.apache.http.wire -  >> "User-Agent: Apache-HttpClient/4.5.13 (Java/15)[\r][\n]"
10:30:57.639 [main] DEBUG org.apache.http.wire -  >> "Accept-Encoding: gzip,deflate[\r][\n]"
10:30:57.639 [main] DEBUG org.apache.http.wire -  >> "[\r][\n]"
10:30:57.639 [main] DEBUG org.apache.http.headers - >> POST /api/auth/register HTTP/1.1
10:30:57.639 [main] DEBUG org.apache.http.headers - >> Accept: */*
10:30:57.639 [main] DEBUG org.apache.http.headers - >> Content-Type: application/json
10:30:57.639 [main] DEBUG org.apache.http.headers - >> Content-Length: 84
10:30:57.639 [main] DEBUG org.apache.http.headers - >> Host: altashop-api.fly.dev
10:30:57.639 [main] DEBUG org.apache.http.headers - >> Connection: Keep-Alive
10:30:57.639 [main] DEBUG org.apache.http.headers - >> User-Agent: Apache-HttpClient/4.5.13 (Java/15)
10:30:57.639 [main] DEBUG org.apache.http.headers - >> Accept-Encoding: gzip,deflate
10:30:57.639 [main] DEBUG org.apache.http.wire -  >> "{"password":"123123","fullname":"Firstname Lastname","email":"someoneitw@gmail.com"}"
10:30:57.682 [main] DEBUG org.apache.http.wire -  << "HTTP/1.1 400 Bad Request[\r][\n]"
10:30:57.682 [main] DEBUG org.apache.http.wire -  << "content-type: application/json[\r][\n]"
10:30:57.682 [main] DEBUG org.apache.http.wire -  << "date: Sun, 07 May 2023 03:31:02 GMT[\r][\n]"
10:30:57.682 [main] DEBUG org.apache.http.wire -  << "content-encoding: gzip[\r][\n]"
10:30:57.682 [main] DEBUG org.apache.http.wire -  << "transfer-encoding: chunked[\r][\n]"
10:30:57.682 [main] DEBUG org.apache.http.wire -  << "server: Fly/3f2597ca (2023-05-03)[\r][\n]"
10:30:57.682 [main] DEBUG org.apache.http.wire -  << "via: 1.1 fly.io[\r][\n]"
10:30:57.682 [main] DEBUG org.apache.http.wire -  << "fly-request-id: 01GZT46HPKVGPYVH02JGSFNHB3-sin[\r][\n]"
10:30:57.682 [main] DEBUG org.apache.http.wire -  << "[\r][\n]"
10:30:57.682 [main] DEBUG org.apache.http.impl.conn.DefaultClientConnection - Receiving response: HTTP/1.1 400 Bad Request
10:30:57.682 [main] DEBUG org.apache.http.headers - << HTTP/1.1 400 Bad Request
10:30:57.682 [main] DEBUG org.apache.http.headers - << content-type: application/json
10:30:57.682 [main] DEBUG org.apache.http.headers - << date: Sun, 07 May 2023 03:31:02 GMT
10:30:57.682 [main] DEBUG org.apache.http.headers - << content-encoding: gzip
10:30:57.682 [main] DEBUG org.apache.http.headers - << transfer-encoding: chunked
10:30:57.682 [main] DEBUG org.apache.http.headers - << server: Fly/3f2597ca (2023-05-03)
10:30:57.682 [main] DEBUG org.apache.http.headers - << via: 1.1 fly.io
10:30:57.682 [main] DEBUG org.apache.http.headers - << fly-request-id: 01GZT46HPKVGPYVH02JGSFNHB3-sin
10:30:57.683 [main] DEBUG org.apache.http.impl.client.DefaultHttpClient - Connection can be kept alive indefinitely
10:30:57.683 [main] DEBUG io.restassured.internal.RestAssuredHttpBuilder - Parsing response as: application/json
10:30:57.683 [main] DEBUG org.apache.http.wire -  << "7B[\r][\n]"
10:30:57.683 [main] DEBUG org.apache.http.wire -  << "[0x1f][0x8b][0x8][0x0][0x0][0x0][0x0][0x0][0x4][0xff][0xab]VJ-*[0xca]/R[0xb2]Rr[\r][\n]"
10:30:57.683 [main] DEBUG org.apache.http.wire -  << "[0xf2][0xf][0xb2]RH)-[0xc8][0xc9]LN,IU[0xc8]N[0xad]T(K[0xcc])MU([0xcb][0xcc][0xcf]I,I-V([0xcd][0xcb],,MUH[0xce][0xcf]+.)J[0xcc][0xcc]+Q[0x88]Q*-N-*[0x8e]O[0xcd]M[0xcc][0xcc][0x89][0xcf]N[0xad][0x8c]QR[0xd0][0x8][0xe][0xf4][0x9][0xe]q[0xc]qU02650[0xd5]T[0xaa][0xe5][0x2][0x0][0x1a]G[0x13]pg[0x0][0x0][0x0]"
10:30:57.683 [main] DEBUG org.apache.http.wire -  << "[\r][\n]"
10:30:57.683 [main] DEBUG org.apache.http.wire -  << "0[\r][\n]"
10:30:57.683 [main] DEBUG org.apache.http.wire -  << "[\r][\n]"
10:30:57.683 [main] DEBUG io.restassured.internal.RestAssuredHttpBuilder - Parsed data to instance of: class org.apache.http.conn.EofSensorInputStream
10:30:57.685 [main] DEBUG org.apache.http.impl.conn.BasicClientConnectionManager - Releasing connection org.apache.http.impl.conn.ManagedClientConnectionImpl@79e90571
10:30:57.685 [main] DEBUG org.apache.http.impl.conn.BasicClientConnectionManager - Connection can be kept alive indefinitely
10:30:57.685 [main] DEBUG net.thucydides.core.steps.StepInterceptor - STEP DONE: I send POST HTTP request register5
  &amp#27;[32mWhen &amp#27;[0m&amp#27;[32mI send POST HTTP request register5&amp#27;[0m              &amp#27;[90m# starter.stepdefinitions.RegisterSteps.sendPostHttpRequest5()&amp#27;[0m
10:30:57.691 [main] DEBUG net.thucydides.core.steps.StepInterceptor - STARTING STEP: RegisterSteps.receiveValidHttp400Register - I receive valid HTTP response code 400 register
10:30:57.691 [main] DEBUG net.thucydides.core.steps.StepInterceptor - STEP DONE: I receive valid HTTP response code 400 register
  &amp#27;[32mThen &amp#27;[0m&amp#27;[32mI receive valid HTTP response code 400 register&amp#27;[0m &amp#27;[90m# starter.stepdefinitions.RegisterSteps.receiveValidHttp400Register()&amp#27;[0m
10:30:57.694 [main] INFO  - 
  _____   ___   ___   _____     ___     _     ___   ___   ___   ___  
 |_   _| | __| / __| |_   _|   | _ \   /_\   / __| / __| | __| |   \ 
   | |   | _|  \__ \   | |     |  _/  / _ \  \__ \ \__ \ | _|  | |) |
   |_|   |___| |___/   |_|     |_|   /_/ \_\ |___/ |___/ |___| |___/ 

POST - Register with existed account
----------------------------------------------------------------------
]]></system-out>
  </testcase>
  <testcase name="POST - Login with valid credential" classname="Login" time="0.188">
    <system-out><![CDATA[10:30:57.695 [main] DEBUG io.cucumber.core.plugin.SerenityReporter - Running feature from file:///C:/Users/WINDOWS%2010/Documents/GitHub/MiniProject_QE/API/minpro/src/test/resources/features/2.%20Login.feature
10:30:57.700 [main] DEBUG net.thucydides.core.steps.StepEventBus - Test suite started for story net.thucydides.core.model.Story@86b1dd01
10:30:57.700 [main] INFO  - Test Suite Started: Login

Scenario: POST - Login with valid credential        &amp#27;[90m# src/test/resources/features/2. Login.feature:7&amp#27;[0m
10:30:57.709 [main] DEBUG io.cucumber.core.plugin.SerenityReporter - Running feature from file:///C:/Users/WINDOWS%2010/Documents/GitHub/MiniProject_QE/API/minpro/src/test/resources/features/2.%20Login.feature
10:30:57.713 [main] INFO  - 
  _____   ___   ___   _____     ___   _____     _     ___   _____   ___   ___  
 |_   _| | __| / __| |_   _|   / __| |_   _|   /_\   | _ \ |_   _| | __| |   \ 
   | |   | _|  \__ \   | |     \__ \   | |    / _ \  |   /   | |   | _|  | |) |
   |_|   |___| |___/   |_|     |___/   |_|   /_/ \_\ |_|_\   |_|   |___| |___/ 

POST - Login with valid credential(login;post---login-with-valid-credential)
--------------------------------------------------------------------------------
10:30:57.736 [main] DEBUG net.thucydides.core.steps.StepInterceptor - STARTING STEP: LoginSteps.setPostApiEndpointsLogin - I set POST api endpoints login
10:30:57.736 [main] DEBUG net.thucydides.core.steps.StepInterceptor - STEP DONE: I set POST api endpoints login
  &amp#27;[32mGiven &amp#27;[0m&amp#27;[32mI set POST api endpoints login&amp#27;[0m              &amp#27;[90m# starter.stepdefinitions.LoginSteps.setPostApiEndpointsLogin()&amp#27;[0m
10:30:57.740 [main] DEBUG net.thucydides.core.steps.StepInterceptor - STARTING STEP: LoginSteps.sendPostHttpRequestLogin - I send POST HTTP request login
10:30:57.741 [main] DEBUG net.thucydides.core.steps.StepInterceptor - STARTING STEP: Login.sendPostHttpRequestLogin - I set POST api endpoints login
10:30:57.742 [main] DEBUG net.thucydides.core.steps.StepInterceptor - STEP DONE: I set POST api endpoints login
10:30:57.755 [main] DEBUG org.apache.http.impl.conn.BasicClientConnectionManager - Get connection for route {s}->https://altashop-api.fly.dev:443
10:30:57.755 [main] DEBUG org.apache.http.impl.conn.DefaultClientConnectionOperator - Connecting to altashop-api.fly.dev:443
10:30:57.845 [main] DEBUG org.apache.http.client.protocol.RequestAddCookies - CookieSpec selected: ignoreCookies
10:30:57.845 [main] DEBUG org.apache.http.client.protocol.RequestAuthCache - Auth cache not set in the context
10:30:57.845 [main] DEBUG org.apache.http.client.protocol.RequestTargetAuthentication - Target auth state: UNCHALLENGED
10:30:57.845 [main] DEBUG org.apache.http.client.protocol.RequestProxyAuthentication - Proxy auth state: UNCHALLENGED
10:30:57.845 [main] DEBUG org.apache.http.impl.client.DefaultHttpClient - Attempt 1 to execute request
10:30:57.845 [main] DEBUG org.apache.http.impl.conn.DefaultClientConnection - Sending request: POST /api/auth/login HTTP/1.1
10:30:57.845 [main] DEBUG org.apache.http.wire -  >> "POST /api/auth/login HTTP/1.1[\r][\n]"
10:30:57.845 [main] DEBUG org.apache.http.wire -  >> "Accept: */*[\r][\n]"
10:30:57.845 [main] DEBUG org.apache.http.wire -  >> "Content-Type: application/json[\r][\n]"
10:30:57.845 [main] DEBUG org.apache.http.wire -  >> "Content-Length: 55[\r][\n]"
10:30:57.845 [main] DEBUG org.apache.http.wire -  >> "Host: altashop-api.fly.dev[\r][\n]"
10:30:57.845 [main] DEBUG org.apache.http.wire -  >> "Connection: Keep-Alive[\r][\n]"
10:30:57.845 [main] DEBUG org.apache.http.wire -  >> "User-Agent: Apache-HttpClient/4.5.13 (Java/15)[\r][\n]"
10:30:57.845 [main] DEBUG org.apache.http.wire -  >> "Accept-Encoding: gzip,deflate[\r][\n]"
10:30:57.845 [main] DEBUG org.apache.http.wire -  >> "[\r][\n]"
10:30:57.845 [main] DEBUG org.apache.http.headers - >> POST /api/auth/login HTTP/1.1
10:30:57.845 [main] DEBUG org.apache.http.headers - >> Accept: */*
10:30:57.845 [main] DEBUG org.apache.http.headers - >> Content-Type: application/json
10:30:57.845 [main] DEBUG org.apache.http.headers - >> Content-Length: 55
10:30:57.845 [main] DEBUG org.apache.http.headers - >> Host: altashop-api.fly.dev
10:30:57.845 [main] DEBUG org.apache.http.headers - >> Connection: Keep-Alive
10:30:57.846 [main] DEBUG org.apache.http.headers - >> User-Agent: Apache-HttpClient/4.5.13 (Java/15)
10:30:57.846 [main] DEBUG org.apache.http.headers - >> Accept-Encoding: gzip,deflate
10:30:57.846 [main] DEBUG org.apache.http.wire -  >> "{"password":"123123123","email":"someoneitw@gmail.com"}"
10:30:57.881 [main] DEBUG org.apache.http.wire -  << "HTTP/1.1 200 OK[\r][\n]"
10:30:57.881 [main] DEBUG org.apache.http.wire -  << "content-type: application/json[\r][\n]"
10:30:57.881 [main] DEBUG org.apache.http.wire -  << "date: Sun, 07 May 2023 03:31:02 GMT[\r][\n]"
10:30:57.881 [main] DEBUG org.apache.http.wire -  << "content-encoding: gzip[\r][\n]"
10:30:57.881 [main] DEBUG org.apache.http.wire -  << "transfer-encoding: chunked[\r][\n]"
10:30:57.881 [main] DEBUG org.apache.http.wire -  << "server: Fly/3f2597ca (2023-05-03)[\r][\n]"
10:30:57.881 [main] DEBUG org.apache.http.wire -  << "via: 1.1 fly.io[\r][\n]"
10:30:57.881 [main] DEBUG org.apache.http.wire -  << "fly-request-id: 01GZT46HWX8EBG8K7XV07H8P57-sin[\r][\n]"
10:30:57.882 [main] DEBUG org.apache.http.wire -  << "[\r][\n]"
10:30:57.882 [main] DEBUG org.apache.http.impl.conn.DefaultClientConnection - Receiving response: HTTP/1.1 200 OK
10:30:57.882 [main] DEBUG org.apache.http.headers - << HTTP/1.1 200 OK
10:30:57.882 [main] DEBUG org.apache.http.headers - << content-type: application/json
10:30:57.882 [main] DEBUG org.apache.http.headers - << date: Sun, 07 May 2023 03:31:02 GMT
10:30:57.882 [main] DEBUG org.apache.http.headers - << content-encoding: gzip
10:30:57.882 [main] DEBUG org.apache.http.headers - << transfer-encoding: chunked
10:30:57.882 [main] DEBUG org.apache.http.headers - << server: Fly/3f2597ca (2023-05-03)
10:30:57.882 [main] DEBUG org.apache.http.headers - << via: 1.1 fly.io
10:30:57.882 [main] DEBUG org.apache.http.headers - << fly-request-id: 01GZT46HWX8EBG8K7XV07H8P57-sin
10:30:57.882 [main] DEBUG org.apache.http.impl.client.DefaultHttpClient - Connection can be kept alive indefinitely
10:30:57.882 [main] DEBUG io.restassured.internal.RestAssuredHttpBuilder - Parsing response as: application/json
10:30:57.882 [main] DEBUG org.apache.http.wire -  << "BA[\r][\n]"
10:30:57.883 [main] DEBUG org.apache.http.wire -  << "[0x1f][0x8b][0x8][0x0][0x0][0x0][0x0][0x0][0x4][0xff][0xab]VJI,IT[0xb2]RJ[0xad][0xf4][0xca]HrO[0xce][0xf4][0xcf][0xf4][0xf2][0xc][0xad][0xf2]4[0xf4][0xcb][0xf4],[0xf6][0xcc][0xb]2Mv[0xf6]4[0xf3][0xcc].[0x88][0x8]s[0xf6][0xb2][0xd4]K[0xad][0xf4]rO[0x9][0xaf](N[0xca]u+[0x89][\n]"
10:30:57.883 [main] DEBUG org.apache.http.wire -  << "[0x6]ID[0x15]$[0xe7][0xf9][0x19]@[0xf8]N[0xbe][0x91][0x11]0[0xb6]g[0xb1]gvXIdxN[0xb1]gV~f[0xb2][0x91]eIT[0xb8]eiTx[0x8e]A[0x8a][0x81]S^R[0xb8][A[0x92][0xb3]iV[0x92][0x91]AfZ[0xa0][0x9e][0xa3]GyV[0xa5][0xb7]S[0x92]y[0x90]_Ph[0xa0]a[0xa8][0xbb]GT~|[0x96]_UR@YF[0x95]y[0x86][0x89][0x97]qn[0x92]Sb[0x89][0x91]gh[0xa0]R-[0x17][0x0][0x81][0xf2][0xc][0x86][0xb3][0x0][0x0][0x0]"
10:30:57.883 [main] DEBUG org.apache.http.wire -  << "[\r][\n]"
10:30:57.883 [main] DEBUG org.apache.http.wire -  << "0[\r][\n]"
10:30:57.883 [main] DEBUG org.apache.http.wire -  << "[\r][\n]"
10:30:57.883 [main] DEBUG io.restassured.internal.RestAssuredHttpBuilder - Parsed data to instance of: class org.apache.http.conn.EofSensorInputStream
10:30:57.884 [main] DEBUG org.apache.http.impl.conn.BasicClientConnectionManager - Releasing connection org.apache.http.impl.conn.ManagedClientConnectionImpl@e67d3b7
10:30:57.884 [main] DEBUG org.apache.http.impl.conn.BasicClientConnectionManager - Connection can be kept alive indefinitely
10:30:57.884 [main] DEBUG net.thucydides.core.steps.StepInterceptor - STEP DONE: I send POST HTTP request login
  &amp#27;[32mWhen &amp#27;[0m&amp#27;[32mI send POST HTTP request login&amp#27;[0m               &amp#27;[90m# starter.stepdefinitions.LoginSteps.sendPostHttpRequestLogin()&amp#27;[0m
10:30:57.887 [main] DEBUG net.thucydides.core.steps.StepInterceptor - STARTING STEP: LoginSteps.receiveValidHttp200Login - I receive valid HTTP response code 200 login
10:30:57.888 [main] DEBUG net.thucydides.core.steps.StepInterceptor - STEP DONE: I receive valid HTTP response code 200 login
  &amp#27;[32mThen &amp#27;[0m&amp#27;[32mI receive valid HTTP response code 200 login&amp#27;[0m &amp#27;[90m# starter.stepdefinitions.LoginSteps.receiveValidHttp200Login()&amp#27;[0m
10:30:57.890 [main] INFO  - 
  _____   ___   ___   _____     ___     _     ___   ___   ___   ___  
 |_   _| | __| / __| |_   _|   | _ \   /_\   / __| / __| | __| |   \ 
   | |   | _|  \__ \   | |     |  _/  / _ \  \__ \ \__ \ | _|  | |) |
   |_|   |___| |___/   |_|     |_|   /_/ \_\ |___/ |___/ |___| |___/ 

POST - Login with valid credential
----------------------------------------------------------------------
]]></system-out>
  </testcase>
  <testcase name="POST - Login wrong password" classname="Login" time="0.406">
    <system-out><![CDATA[
Scenario: POST - Login wrong password               &amp#27;[90m# src/test/resources/features/2. Login.feature:12&amp#27;[0m
10:30:57.895 [main] DEBUG io.cucumber.core.plugin.SerenityReporter - Running feature from file:///C:/Users/WINDOWS%2010/Documents/GitHub/MiniProject_QE/API/minpro/src/test/resources/features/2.%20Login.feature
10:30:57.899 [main] INFO  - 
  _____   ___   ___   _____     ___   _____     _     ___   _____   ___   ___  
 |_   _| | __| / __| |_   _|   / __| |_   _|   /_\   | _ \ |_   _| | __| |   \ 
   | |   | _|  \__ \   | |     \__ \   | |    / _ \  |   /   | |   | _|  | |) |
   |_|   |___| |___/   |_|     |___/   |_|   /_/ \_\ |_|_\   |_|   |___| |___/ 

POST - Login wrong password(login;post---login-wrong-password)
--------------------------------------------------------------------------------
10:30:57.915 [main] DEBUG net.thucydides.core.steps.StepInterceptor - STARTING STEP: LoginSteps.setPostApiEndpointsLogin - I set POST api endpoints login
10:30:57.916 [main] DEBUG net.thucydides.core.steps.StepInterceptor - STEP DONE: I set POST api endpoints login
  &amp#27;[32mGiven &amp#27;[0m&amp#27;[32mI set POST api endpoints login&amp#27;[0m              &amp#27;[90m# starter.stepdefinitions.LoginSteps.setPostApiEndpointsLogin()&amp#27;[0m
10:30:57.921 [main] DEBUG net.thucydides.core.steps.StepInterceptor - STARTING STEP: LoginSteps.sendPostHttpRequestLogin1 - I send POST HTTP request login1
10:30:57.923 [main] DEBUG net.thucydides.core.steps.StepInterceptor - STARTING STEP: Login.sendPostHttpRequestLogin1 - I set POST api endpoints login
10:30:57.923 [main] DEBUG net.thucydides.core.steps.StepInterceptor - STEP DONE: I set POST api endpoints login
10:30:57.936 [main] DEBUG org.apache.http.impl.conn.BasicClientConnectionManager - Get connection for route {s}->https://altashop-api.fly.dev:443
10:30:57.936 [main] DEBUG org.apache.http.impl.conn.DefaultClientConnectionOperator - Connecting to altashop-api.fly.dev:443
10:30:58.248 [main] DEBUG org.apache.http.client.protocol.RequestAddCookies - CookieSpec selected: ignoreCookies
10:30:58.248 [main] DEBUG org.apache.http.client.protocol.RequestAuthCache - Auth cache not set in the context
10:30:58.248 [main] DEBUG org.apache.http.client.protocol.RequestTargetAuthentication - Target auth state: UNCHALLENGED
10:30:58.248 [main] DEBUG org.apache.http.client.protocol.RequestProxyAuthentication - Proxy auth state: UNCHALLENGED
10:30:58.248 [main] DEBUG org.apache.http.impl.client.DefaultHttpClient - Attempt 1 to execute request
10:30:58.248 [main] DEBUG org.apache.http.impl.conn.DefaultClientConnection - Sending request: POST /api/auth/login HTTP/1.1
10:30:58.249 [main] DEBUG org.apache.http.wire -  >> "POST /api/auth/login HTTP/1.1[\r][\n]"
10:30:58.249 [main] DEBUG org.apache.http.wire -  >> "Accept: */*[\r][\n]"
10:30:58.249 [main] DEBUG org.apache.http.wire -  >> "Content-Type: application/json[\r][\n]"
10:30:58.249 [main] DEBUG org.apache.http.wire -  >> "Content-Length: 54[\r][\n]"
10:30:58.249 [main] DEBUG org.apache.http.wire -  >> "Host: altashop-api.fly.dev[\r][\n]"
10:30:58.249 [main] DEBUG org.apache.http.wire -  >> "Connection: Keep-Alive[\r][\n]"
10:30:58.249 [main] DEBUG org.apache.http.wire -  >> "User-Agent: Apache-HttpClient/4.5.13 (Java/15)[\r][\n]"
10:30:58.249 [main] DEBUG org.apache.http.wire -  >> "Accept-Encoding: gzip,deflate[\r][\n]"
10:30:58.249 [main] DEBUG org.apache.http.wire -  >> "[\r][\n]"
10:30:58.249 [main] DEBUG org.apache.http.headers - >> POST /api/auth/login HTTP/1.1
10:30:58.249 [main] DEBUG org.apache.http.headers - >> Accept: */*
10:30:58.249 [main] DEBUG org.apache.http.headers - >> Content-Type: application/json
10:30:58.249 [main] DEBUG org.apache.http.headers - >> Content-Length: 54
10:30:58.249 [main] DEBUG org.apache.http.headers - >> Host: altashop-api.fly.dev
10:30:58.249 [main] DEBUG org.apache.http.headers - >> Connection: Keep-Alive
10:30:58.249 [main] DEBUG org.apache.http.headers - >> User-Agent: Apache-HttpClient/4.5.13 (Java/15)
10:30:58.249 [main] DEBUG org.apache.http.headers - >> Accept-Encoding: gzip,deflate
10:30:58.249 [main] DEBUG org.apache.http.wire -  >> "{"password":"someone1","email":"someoneitw@gmail.com"}"
10:30:58.285 [main] DEBUG org.apache.http.wire -  << "HTTP/1.1 400 Bad Request[\r][\n]"
10:30:58.285 [main] DEBUG org.apache.http.wire -  << "content-type: application/json[\r][\n]"
10:30:58.285 [main] DEBUG org.apache.http.wire -  << "date: Sun, 07 May 2023 03:31:03 GMT[\r][\n]"
10:30:58.285 [main] DEBUG org.apache.http.wire -  << "content-encoding: gzip[\r][\n]"
10:30:58.285 [main] DEBUG org.apache.http.wire -  << "transfer-encoding: chunked[\r][\n]"
10:30:58.285 [main] DEBUG org.apache.http.wire -  << "server: Fly/3f2597ca (2023-05-03)[\r][\n]"
10:30:58.285 [main] DEBUG org.apache.http.wire -  << "via: 1.1 fly.io[\r][\n]"
10:30:58.285 [main] DEBUG org.apache.http.wire -  << "fly-request-id: 01GZT46J9GABACMM0Z6XBCD24R-sin[\r][\n]"
10:30:58.285 [main] DEBUG org.apache.http.wire -  << "[\r][\n]"
10:30:58.285 [main] DEBUG org.apache.http.impl.conn.DefaultClientConnection - Receiving response: HTTP/1.1 400 Bad Request
10:30:58.285 [main] DEBUG org.apache.http.headers - << HTTP/1.1 400 Bad Request
10:30:58.285 [main] DEBUG org.apache.http.headers - << content-type: application/json
10:30:58.285 [main] DEBUG org.apache.http.headers - << date: Sun, 07 May 2023 03:31:03 GMT
10:30:58.285 [main] DEBUG org.apache.http.headers - << content-encoding: gzip
10:30:58.285 [main] DEBUG org.apache.http.headers - << transfer-encoding: chunked
10:30:58.285 [main] DEBUG org.apache.http.headers - << server: Fly/3f2597ca (2023-05-03)
10:30:58.285 [main] DEBUG org.apache.http.headers - << via: 1.1 fly.io
10:30:58.285 [main] DEBUG org.apache.http.headers - << fly-request-id: 01GZT46J9GABACMM0Z6XBCD24R-sin
10:30:58.286 [main] DEBUG org.apache.http.impl.client.DefaultHttpClient - Connection can be kept alive indefinitely
10:30:58.286 [main] DEBUG io.restassured.internal.RestAssuredHttpBuilder - Parsing response as: application/json
10:30:58.286 [main] DEBUG org.apache.http.wire -  << "3D[\r][\n]"
10:30:58.286 [main] DEBUG org.apache.http.wire -  << "[0x1f][0x8b][0x8][0x0][0x0][0x0][0x0][0x0][0x4][0xff][0xab]VJ-*[0xca]/R[0xb2]RJ[0xcd]M[0xcc][0xcc]Q[0xc8]/R(H,..[0xcf]/JQ[0xc8],V[0xc8][0xcc]+K[0xcc][0xc9]LQ[0xaa][0xe5][0x2][0x0][0xc0][0xad][0xff][0xb])[0x0][0x0][0x0]"
10:30:58.286 [main] DEBUG org.apache.http.wire -  << "[\r][\n]"
10:30:58.286 [main] DEBUG org.apache.http.wire -  << "0[\r][\n]"
10:30:58.286 [main] DEBUG org.apache.http.wire -  << "[\r][\n]"
10:30:58.286 [main] DEBUG io.restassured.internal.RestAssuredHttpBuilder - Parsed data to instance of: class org.apache.http.conn.EofSensorInputStream
10:30:58.287 [main] DEBUG org.apache.http.impl.conn.BasicClientConnectionManager - Releasing connection org.apache.http.impl.conn.ManagedClientConnectionImpl@7c56c911
10:30:58.287 [main] DEBUG org.apache.http.impl.conn.BasicClientConnectionManager - Connection can be kept alive indefinitely
10:30:58.288 [main] DEBUG net.thucydides.core.steps.StepInterceptor - STEP DONE: I send POST HTTP request login1
  &amp#27;[32mWhen &amp#27;[0m&amp#27;[32mI send POST HTTP request login1&amp#27;[0m              &amp#27;[90m# starter.stepdefinitions.LoginSteps.sendPostHttpRequestLogin1()&amp#27;[0m
10:30:58.292 [main] DEBUG net.thucydides.core.steps.StepInterceptor - STARTING STEP: LoginSteps.receiveValidHttp400Login - I receive valid HTTP response code 400 login
10:30:58.293 [main] DEBUG net.thucydides.core.steps.StepInterceptor - STEP DONE: I receive valid HTTP response code 400 login
  &amp#27;[32mThen &amp#27;[0m&amp#27;[32mI receive valid HTTP response code 400 login&amp#27;[0m &amp#27;[90m# starter.stepdefinitions.LoginSteps.receiveValidHttp400Login()&amp#27;[0m
10:30:58.296 [main] INFO  - 
  _____   ___   ___   _____     ___     _     ___   ___   ___   ___  
 |_   _| | __| / __| |_   _|   | _ \   /_\   / __| / __| | __| |   \ 
   | |   | _|  \__ \   | |     |  _/  / _ \  \__ \ \__ \ | _|  | |) |
   |_|   |___| |___/   |_|     |_|   /_/ \_\ |___/ |___/ |___| |___/ 

POST - Login wrong password
----------------------------------------------------------------------
]]></system-out>
  </testcase>
  <testcase name="POST - Login with empty email" classname="Login" time="0.203">
    <system-out><![CDATA[
Scenario: POST - Login with empty email             &amp#27;[90m# src/test/resources/features/2. Login.feature:17&amp#27;[0m
10:30:58.305 [main] DEBUG io.cucumber.core.plugin.SerenityReporter - Running feature from file:///C:/Users/WINDOWS%2010/Documents/GitHub/MiniProject_QE/API/minpro/src/test/resources/features/2.%20Login.feature
10:30:58.309 [main] INFO  - 
  _____   ___   ___   _____     ___   _____     _     ___   _____   ___   ___  
 |_   _| | __| / __| |_   _|   / __| |_   _|   /_\   | _ \ |_   _| | __| |   \ 
   | |   | _|  \__ \   | |     \__ \   | |    / _ \  |   /   | |   | _|  | |) |
   |_|   |___| |___/   |_|     |___/   |_|   /_/ \_\ |_|_\   |_|   |___| |___/ 

POST - Login with empty email(login;post---login-with-empty-email)
--------------------------------------------------------------------------------
10:30:58.321 [main] DEBUG net.thucydides.core.steps.StepInterceptor - STARTING STEP: LoginSteps.setPostApiEndpointsLogin - I set POST api endpoints login
10:30:58.321 [main] DEBUG net.thucydides.core.steps.StepInterceptor - STEP DONE: I set POST api endpoints login
  &amp#27;[32mGiven &amp#27;[0m&amp#27;[32mI set POST api endpoints login&amp#27;[0m              &amp#27;[90m# starter.stepdefinitions.LoginSteps.setPostApiEndpointsLogin()&amp#27;[0m
10:30:58.324 [main] DEBUG net.thucydides.core.steps.StepInterceptor - STARTING STEP: LoginSteps.sendPostHttpRequestLogin2 - I send POST HTTP request login2
10:30:58.325 [main] DEBUG net.thucydides.core.steps.StepInterceptor - STARTING STEP: Login.sendPostHttpRequestLogin2 - I set POST api endpoints login
10:30:58.326 [main] DEBUG net.thucydides.core.steps.StepInterceptor - STEP DONE: I set POST api endpoints login
10:30:58.341 [main] DEBUG org.apache.http.impl.conn.BasicClientConnectionManager - Get connection for route {s}->https://altashop-api.fly.dev:443
10:30:58.341 [main] DEBUG org.apache.http.impl.conn.DefaultClientConnectionOperator - Connecting to altashop-api.fly.dev:443
10:30:58.368 [Finalizer] DEBUG org.apache.http.impl.conn.DefaultClientConnection - Connection 0.0.0.0:54027<->149.248.193.56:443 closed
10:30:58.368 [Finalizer] DEBUG org.apache.http.impl.conn.DefaultClientConnection - Connection 0.0.0.0:54022<->149.248.193.56:443 closed
10:30:58.368 [Finalizer] DEBUG org.apache.http.impl.conn.DefaultClientConnection - Connection 0.0.0.0:54025<->149.248.193.56:443 closed
10:30:58.368 [Finalizer] DEBUG org.apache.http.impl.conn.DefaultClientConnection - Connection 0.0.0.0:54026<->149.248.193.56:443 closed
10:30:58.430 [main] DEBUG org.apache.http.client.protocol.RequestAddCookies - CookieSpec selected: ignoreCookies
10:30:58.430 [main] DEBUG org.apache.http.client.protocol.RequestAuthCache - Auth cache not set in the context
10:30:58.430 [main] DEBUG org.apache.http.client.protocol.RequestTargetAuthentication - Target auth state: UNCHALLENGED
10:30:58.430 [main] DEBUG org.apache.http.client.protocol.RequestProxyAuthentication - Proxy auth state: UNCHALLENGED
10:30:58.430 [main] DEBUG org.apache.http.impl.client.DefaultHttpClient - Attempt 1 to execute request
10:30:58.430 [main] DEBUG org.apache.http.impl.conn.DefaultClientConnection - Sending request: POST /api/auth/login HTTP/1.1
10:30:58.430 [main] DEBUG org.apache.http.wire -  >> "POST /api/auth/login HTTP/1.1[\r][\n]"
10:30:58.430 [main] DEBUG org.apache.http.wire -  >> "Accept: */*[\r][\n]"
10:30:58.430 [main] DEBUG org.apache.http.wire -  >> "Content-Type: application/json[\r][\n]"
10:30:58.430 [main] DEBUG org.apache.http.wire -  >> "Content-Length: 37[\r][\n]"
10:30:58.431 [main] DEBUG org.apache.http.wire -  >> "Host: altashop-api.fly.dev[\r][\n]"
10:30:58.431 [main] DEBUG org.apache.http.wire -  >> "Connection: Keep-Alive[\r][\n]"
10:30:58.431 [main] DEBUG org.apache.http.wire -  >> "User-Agent: Apache-HttpClient/4.5.13 (Java/15)[\r][\n]"
10:30:58.431 [main] DEBUG org.apache.http.wire -  >> "Accept-Encoding: gzip,deflate[\r][\n]"
10:30:58.431 [main] DEBUG org.apache.http.wire -  >> "[\r][\n]"
10:30:58.431 [main] DEBUG org.apache.http.headers - >> POST /api/auth/login HTTP/1.1
10:30:58.431 [main] DEBUG org.apache.http.headers - >> Accept: */*
10:30:58.431 [main] DEBUG org.apache.http.headers - >> Content-Type: application/json
10:30:58.431 [main] DEBUG org.apache.http.headers - >> Content-Length: 37
10:30:58.431 [main] DEBUG org.apache.http.headers - >> Host: altashop-api.fly.dev
10:30:58.431 [main] DEBUG org.apache.http.headers - >> Connection: Keep-Alive
10:30:58.431 [main] DEBUG org.apache.http.headers - >> User-Agent: Apache-HttpClient/4.5.13 (Java/15)
10:30:58.431 [main] DEBUG org.apache.http.headers - >> Accept-Encoding: gzip,deflate
10:30:58.431 [main] DEBUG org.apache.http.wire -  >> "{"password":"someone123","email":" "}"
10:30:58.480 [main] DEBUG org.apache.http.wire -  << "HTTP/1.1 400 Bad Request[\r][\n]"
10:30:58.481 [main] DEBUG org.apache.http.wire -  << "content-type: application/json[\r][\n]"
10:30:58.481 [main] DEBUG org.apache.http.wire -  << "date: Sun, 07 May 2023 03:31:03 GMT[\r][\n]"
10:30:58.481 [main] DEBUG org.apache.http.wire -  << "content-encoding: gzip[\r][\n]"
10:30:58.481 [main] DEBUG org.apache.http.wire -  << "transfer-encoding: chunked[\r][\n]"
10:30:58.481 [main] DEBUG org.apache.http.wire -  << "server: Fly/3f2597ca (2023-05-03)[\r][\n]"
10:30:58.481 [main] DEBUG org.apache.http.wire -  << "via: 1.1 fly.io[\r][\n]"
10:30:58.481 [main] DEBUG org.apache.http.wire -  << "fly-request-id: 01GZT46JF5A2BAQEVS72GXQ6N8-sin[\r][\n]"
10:30:58.481 [main] DEBUG org.apache.http.wire -  << "[\r][\n]"
10:30:58.481 [main] DEBUG org.apache.http.impl.conn.DefaultClientConnection - Receiving response: HTTP/1.1 400 Bad Request
10:30:58.481 [main] DEBUG org.apache.http.headers - << HTTP/1.1 400 Bad Request
10:30:58.481 [main] DEBUG org.apache.http.headers - << content-type: application/json
10:30:58.481 [main] DEBUG org.apache.http.headers - << date: Sun, 07 May 2023 03:31:03 GMT
10:30:58.481 [main] DEBUG org.apache.http.headers - << content-encoding: gzip
10:30:58.481 [main] DEBUG org.apache.http.headers - << transfer-encoding: chunked
10:30:58.481 [main] DEBUG org.apache.http.headers - << server: Fly/3f2597ca (2023-05-03)
10:30:58.481 [main] DEBUG org.apache.http.headers - << via: 1.1 fly.io
10:30:58.481 [main] DEBUG org.apache.http.headers - << fly-request-id: 01GZT46JF5A2BAQEVS72GXQ6N8-sin
10:30:58.481 [main] DEBUG org.apache.http.impl.client.DefaultHttpClient - Connection can be kept alive indefinitely
10:30:58.481 [main] DEBUG io.restassured.internal.RestAssuredHttpBuilder - Parsing response as: application/json
10:30:58.481 [main] DEBUG org.apache.http.wire -  << "3D[\r][\n]"
10:30:58.481 [main] DEBUG org.apache.http.wire -  << "[0x1f][0x8b][0x8][0x0][0x0][0x0][0x0][0x0][0x4][0xff][0xab]VJ-*[0xca]/R[0xb2]RJ[0xcd]M[0xcc][0xcc]Q[0xc8]/R(H,..[0xcf]/JQ[0xc8],V[0xc8][0xcc]+K[0xcc][0xc9]LQ[0xaa][0xe5][0x2][0x0][0xc0][0xad][0xff][0xb])[0x0][0x0][0x0]"
10:30:58.481 [main] DEBUG org.apache.http.wire -  << "[\r][\n]"
10:30:58.493 [main] DEBUG org.apache.http.wire -  << "0[\r][\n]"
10:30:58.494 [main] DEBUG org.apache.http.wire -  << "[\r][\n]"
10:30:58.494 [main] DEBUG io.restassured.internal.RestAssuredHttpBuilder - Parsed data to instance of: class org.apache.http.conn.EofSensorInputStream
10:30:58.495 [main] DEBUG org.apache.http.impl.conn.BasicClientConnectionManager - Releasing connection org.apache.http.impl.conn.ManagedClientConnectionImpl@3b4f1eb
10:30:58.495 [main] DEBUG org.apache.http.impl.conn.BasicClientConnectionManager - Connection can be kept alive indefinitely
10:30:58.495 [main] DEBUG net.thucydides.core.steps.StepInterceptor - STEP DONE: I send POST HTTP request login2
  &amp#27;[32mWhen &amp#27;[0m&amp#27;[32mI send POST HTTP request login2&amp#27;[0m              &amp#27;[90m# starter.stepdefinitions.LoginSteps.sendPostHttpRequestLogin2()&amp#27;[0m
10:30:58.498 [main] DEBUG net.thucydides.core.steps.StepInterceptor - STARTING STEP: LoginSteps.receiveValidHttp400Login - I receive valid HTTP response code 400 login
10:30:58.499 [main] DEBUG net.thucydides.core.steps.StepInterceptor - STEP DONE: I receive valid HTTP response code 400 login
  &amp#27;[32mThen &amp#27;[0m&amp#27;[32mI receive valid HTTP response code 400 login&amp#27;[0m &amp#27;[90m# starter.stepdefinitions.LoginSteps.receiveValidHttp400Login()&amp#27;[0m
10:30:58.501 [main] INFO  - 
  _____   ___   ___   _____     ___     _     ___   ___   ___   ___  
 |_   _| | __| / __| |_   _|   | _ \   /_\   / __| / __| | __| |   \ 
   | |   | _|  \__ \   | |     |  _/  / _ \  \__ \ \__ \ | _|  | |) |
   |_|   |___| |___/   |_|     |_|   /_/ \_\ |___/ |___/ |___| |___/ 

POST - Login with empty email
----------------------------------------------------------------------
]]></system-out>
  </testcase>
  <testcase name="POST - Login with empty password" classname="Login" time="0.224">
    <system-out><![CDATA[
Scenario: POST - Login with empty password          &amp#27;[90m# src/test/resources/features/2. Login.feature:22&amp#27;[0m
10:30:58.505 [main] DEBUG io.cucumber.core.plugin.SerenityReporter - Running feature from file:///C:/Users/WINDOWS%2010/Documents/GitHub/MiniProject_QE/API/minpro/src/test/resources/features/2.%20Login.feature
10:30:58.508 [main] INFO  - 
  _____   ___   ___   _____     ___   _____     _     ___   _____   ___   ___  
 |_   _| | __| / __| |_   _|   / __| |_   _|   /_\   | _ \ |_   _| | __| |   \ 
   | |   | _|  \__ \   | |     \__ \   | |    / _ \  |   /   | |   | _|  | |) |
   |_|   |___| |___/   |_|     |___/   |_|   /_/ \_\ |_|_\   |_|   |___| |___/ 

POST - Login with empty password(login;post---login-with-empty-password)
--------------------------------------------------------------------------------
10:30:58.520 [main] DEBUG net.thucydides.core.steps.StepInterceptor - STARTING STEP: LoginSteps.setPostApiEndpointsLogin - I set POST api endpoints login
10:30:58.521 [main] DEBUG net.thucydides.core.steps.StepInterceptor - STEP DONE: I set POST api endpoints login
  &amp#27;[32mGiven &amp#27;[0m&amp#27;[32mI set POST api endpoints login&amp#27;[0m              &amp#27;[90m# starter.stepdefinitions.LoginSteps.setPostApiEndpointsLogin()&amp#27;[0m
10:30:58.524 [main] DEBUG net.thucydides.core.steps.StepInterceptor - STARTING STEP: LoginSteps.sendPostHttpRequestLogin3 - I send POST HTTP request login3
10:30:58.525 [main] DEBUG net.thucydides.core.steps.StepInterceptor - STARTING STEP: Login.sendPostHttpRequestLogin3 - I set POST api endpoints login
10:30:58.525 [main] DEBUG net.thucydides.core.steps.StepInterceptor - STEP DONE: I set POST api endpoints login
10:30:58.534 [main] DEBUG org.apache.http.impl.conn.BasicClientConnectionManager - Get connection for route {s}->https://altashop-api.fly.dev:443
10:30:58.534 [main] DEBUG org.apache.http.impl.conn.DefaultClientConnectionOperator - Connecting to altashop-api.fly.dev:443
10:30:58.673 [main] DEBUG org.apache.http.client.protocol.RequestAddCookies - CookieSpec selected: ignoreCookies
10:30:58.673 [main] DEBUG org.apache.http.client.protocol.RequestAuthCache - Auth cache not set in the context
10:30:58.673 [main] DEBUG org.apache.http.client.protocol.RequestTargetAuthentication - Target auth state: UNCHALLENGED
10:30:58.673 [main] DEBUG org.apache.http.client.protocol.RequestProxyAuthentication - Proxy auth state: UNCHALLENGED
10:30:58.673 [main] DEBUG org.apache.http.impl.client.DefaultHttpClient - Attempt 1 to execute request
10:30:58.673 [main] DEBUG org.apache.http.impl.conn.DefaultClientConnection - Sending request: POST /api/auth/login HTTP/1.1
10:30:58.673 [main] DEBUG org.apache.http.wire -  >> "POST /api/auth/login HTTP/1.1[\r][\n]"
10:30:58.673 [main] DEBUG org.apache.http.wire -  >> "Accept: */*[\r][\n]"
10:30:58.673 [main] DEBUG org.apache.http.wire -  >> "Content-Type: application/json[\r][\n]"
10:30:58.673 [main] DEBUG org.apache.http.wire -  >> "Content-Length: 43[\r][\n]"
10:30:58.673 [main] DEBUG org.apache.http.wire -  >> "Host: altashop-api.fly.dev[\r][\n]"
10:30:58.673 [main] DEBUG org.apache.http.wire -  >> "Connection: Keep-Alive[\r][\n]"
[...]
10:31:03.959 [main] DEBUG org.apache.http.impl.conn.BasicClientConnectionManager - Get connection for route {s}->https://altashop-api.fly.dev:443
10:31:03.959 [main] DEBUG org.apache.http.impl.conn.DefaultClientConnectionOperator - Connecting to altashop-api.fly.dev:443
10:31:04.036 [main] DEBUG org.apache.http.client.protocol.RequestAddCookies - CookieSpec selected: ignoreCookies
10:31:04.036 [main] DEBUG org.apache.http.client.protocol.RequestAuthCache - Auth cache not set in the context
10:31:04.036 [main] DEBUG org.apache.http.client.protocol.RequestTargetAuthentication - Target auth state: UNCHALLENGED
10:31:04.036 [main] DEBUG org.apache.http.client.protocol.RequestProxyAuthentication - Proxy auth state: UNCHALLENGED
10:31:04.036 [main] DEBUG org.apache.http.impl.client.DefaultHttpClient - Attempt 1 to execute request
10:31:04.036 [main] DEBUG org.apache.http.impl.conn.DefaultClientConnection - Sending request: GET /api/products/2/comments HTTP/1.1
10:31:04.037 [main] DEBUG org.apache.http.wire -  >> "GET /api/products/2/comments HTTP/1.1[\r][\n]"
10:31:04.037 [main] DEBUG org.apache.http.wire -  >> "Accept: */*[\r][\n]"
10:31:04.037 [main] DEBUG org.apache.http.wire -  >> "Host: altashop-api.fly.dev[\r][\n]"
10:31:04.037 [main] DEBUG org.apache.http.wire -  >> "Connection: Keep-Alive[\r][\n]"
10:31:04.037 [main] DEBUG org.apache.http.wire -  >> "User-Agent: Apache-HttpClient/4.5.13 (Java/15)[\r][\n]"
10:31:04.037 [main] DEBUG org.apache.http.wire -  >> "Accept-Encoding: gzip,deflate[\r][\n]"
10:31:04.037 [main] DEBUG org.apache.http.wire -  >> "[\r][\n]"
10:31:04.037 [main] DEBUG org.apache.http.headers - >> GET /api/products/2/comments HTTP/1.1
10:31:04.037 [main] DEBUG org.apache.http.headers - >> Accept: */*
10:31:04.037 [main] DEBUG org.apache.http.headers - >> Host: altashop-api.fly.dev
10:31:04.037 [main] DEBUG org.apache.http.headers - >> Connection: Keep-Alive
10:31:04.037 [main] DEBUG org.apache.http.headers - >> User-Agent: Apache-HttpClient/4.5.13 (Java/15)
10:31:04.037 [main] DEBUG org.apache.http.headers - >> Accept-Encoding: gzip,deflate
10:31:04.075 [main] DEBUG org.apache.http.wire -  << "HTTP/1.1 200 OK[\r][\n]"
10:31:04.075 [main] DEBUG org.apache.http.wire -  << "content-type: application/json[\r][\n]"
10:31:04.075 [main] DEBUG org.apache.http.wire -  << "date: Sun, 07 May 2023 03:31:08 GMT[\r][\n]"
10:31:04.075 [main] DEBUG org.apache.http.wire -  << "transfer-encoding: chunked[\r][\n]"
10:31:04.075 [main] DEBUG org.apache.http.wire -  << "content-encoding: gzip[\r][\n]"
10:31:04.075 [main] DEBUG org.apache.http.wire -  << "server: Fly/3f2597ca (2023-05-03)[\r][\n]"
10:31:04.075 [main] DEBUG org.apache.http.wire -  << "via: 1.1 fly.io[\r][\n]"
10:31:04.075 [main] DEBUG org.apache.http.wire -  << "fly-request-id: 01GZT46QYBYXPQNC0GNF1K41N6-sin[\r][\n]"
10:31:04.075 [main] DEBUG org.apache.http.wire -  << "[\r][\n]"
10:31:04.075 [main] DEBUG org.apache.http.impl.conn.DefaultClientConnection - Receiving response: HTTP/1.1 200 OK
10:31:04.075 [main] DEBUG org.apache.http.headers - << HTTP/1.1 200 OK
10:31:04.075 [main] DEBUG org.apache.http.headers - << content-type: application/json
10:31:04.075 [main] DEBUG org.apache.http.headers - << date: Sun, 07 May 2023 03:31:08 GMT
10:31:04.075 [main] DEBUG org.apache.http.headers - << transfer-encoding: chunked
10:31:04.075 [main] DEBUG org.apache.http.headers - << content-encoding: gzip
10:31:04.075 [main] DEBUG org.apache.http.headers - << server: Fly/3f2597ca (2023-05-03)
10:31:04.075 [main] DEBUG org.apache.http.headers - << via: 1.1 fly.io
10:31:04.075 [main] DEBUG org.apache.http.headers - << fly-request-id: 01GZT46QYBYXPQNC0GNF1K41N6-sin
10:31:04.075 [main] DEBUG org.apache.http.impl.client.DefaultHttpClient - Connection can be kept alive indefinitely
10:31:04.076 [main] DEBUG io.restassured.internal.RestAssuredHttpBuilder - Parsing response as: application/json
10:31:04.076 [main] DEBUG org.apache.http.wire -  << "153[\r][\n]"
10:31:04.076 [main] DEBUG org.apache.http.wire -  << "[0x1f][0x8b][0x8][0x0][0x0][0x0][0x0][0x0][0x4][0xff][0xaa]VJI,IT[0xb2][0x8a][0xae]V[0xf2]tQ[0xb2]24056[0xd6]Qr[0xce][0xcf]+I[0xcd]+Q[0xb2]Rr[0xcc][0xc9]L,V[0xc8]LQH[0xc9],.[0xc9][0xcc]K.[0xc9][0xcc]W(N-,[0xcd]T(K-[0xca],I,[0xc9],[0xd6]S[0xd2]Q[\n]"
10:31:04.076 [main] DEBUG org.apache.http.wire -  << "-N-R[0xb2][0xca]+[0xcd][0xc9][0xd1]Q[\n]"
10:31:04.076 [main] DEBUG org.apache.http.wire -  << "([0xca]O)M.[0x81]q[0x9d][0xf3]ss[0xc1]f[0x81]dku[0x10][0xf6][0x98] [0xdb][0xe3][0x9c][0x9f][0x7]26[0xb1][0xa4][0xb4]H!'[0xb1]4%1[0xaf]$[0xb3]4W!7?'[0xb5][0xb8]$31U!1E![0xb5][0x84]\[0xab]L[0x91][0xad]*[0xc9]HUHO[0xcc]M-VH,JUH/JM,Q[0xc8][0xcc]K[0xce])M[0xc9][0xcc]KWp/J[0xcc]S[0x8])-[0xca],[0xce][0xcd]W0WH*-Q(NL[0xc9][0xa9]Tp[0xf]1Q[0xc8],V[0xc8]-M[0xce]PHJ-)I-"[0xd3][0xdf][0xe6][0x83][0xc9]1[0x16][0x83][0xc8]1&[0x6][0x83][0xc9]1[0x86][0x83][0xc9]1F[0xc8][0x8e][0xc9]T/)Vp+[0xca]LI[0xac]$/[0x9][0x9a][0xa0]d[0xf1][0x1][0xce][0xf]&[0x83])s[0x9a][0xa1][0x14]J[0x14][0x7][0xb4][0xd9]`[0xf2][0x9b][0xf9]`[0xca]^[0xe6][0x83])[0x9][0x9a][0xf][0xa6]h[0xb2][0xb0]D[0xce][0xeb][0x3][0x9c]9-[0x7]Q)hf0[0x88][0x12][0xb0][0x99][0xc1] [0x8a]&3c[0x94][0xfa][0x81][0xf6]i[0x6][0x0][0x0][0x0][0xff][0xff]"
10:31:04.076 [main] DEBUG org.apache.http.wire -  << "[\r][\n]"
10:31:04.076 [main] DEBUG org.apache.http.wire -  << "2F8[\r][\n]"
10:31:04.076 [main] DEBUG org.apache.http.wire -  << "[0x2][0xb7][0xf3]p4[0xec][0xcc][0xcc][0x6]S4[0x99][\r][0xa6][0x4]l<[0x88][0xca][0x19]3S[0x14][0xc7]PZ[0xd5][0x99][0x99][0x9a]![0x17][[0x94][0x1b][0x87][0xd2]Jv-QH-QH[0xad]HN-()-[0xca]T(,ML-J,Q[0xc8][0xcb][0xcc][0xc8][0xcc]Q[0xc8]O[0xc9],[0x81][0xb][0x81]z[0x11][0x99][0xe4][0xf5][0x13][0xcc]L[0x7]Qk[0xd8][0xcc]t0[0x15]0[0xa8][0xf5][0x80][0x9e][0x9e][0x9e]B[0xa2]Bnf^[0x8a]B^jjJ[0xb1]BR~~v[0xb1]Bb[0xb1]B[0xa2]Bqy~[0x11]L8Q[0xa1]<#[0xb5][0xa4][0xb8]$?/UG!3M![0xb3][0x4][0xd4][0x83]*[0xc9]W[0xc8]NM-P[0xc8],)VHMIO%3[0xb2],Q[0xca][0xbc][0xf0][0xcc][0xbc][0x92][0xd4]"[0x90][0xf1][0xc9][0xf9][0xb9][0x99]y[0xe9][0xe4][0x1a]J[0xdd]Tl[0x89][0x92][0x8a][0x1d][0xf3]R[0x14][0x8a][0xf3][0x15]2R[0x15][0x8a][0xb][0xf2][0xb3]Su[0x14][0x12][0xd1][0x5]J2[0x12]K[0x14]|@[0x1][0x98][0x9f][0xa6][0xe0][0x9c]X\[0x92][0x98][0x9b]Z[0x94][0xaa][0x3][0xee][0x85][0xe6][0xe5][0x97]+[0x80]J[0xf6][0xa2][0xc4][0xcc][0xbc]b[0x85]rP[0x8][0xe6][0xab][0xa7][0x16])dd[0x16]+d$[0xe6][0xe4][0xe8]([0x94]g[0x96]d([0xe4][0xe5]+[0xe4][0xe7][0xa5][0x82]T[0x16][0xa5]*[0x94][0x80]lK,[0xd2]S[0x88]L-[0xd6]Q l[0x2][0xc8]Ay[0xf9]%[0xa0]h[0xcc]/[0xcd][0x81]k'[0xab][0x97]af[0x89][0x92][0x80][0xa9][0x13]A[0xe6][0xa8]m[0x0]P[0x88]z*d$[0x96][0xa5]*$*[0x94][0xa4][0xe6][0xa5][0xa4][0x16][0x81][0xc2][0x16][0xd4][0x9f]W[0xc8][0xad]T[0xc8]HM,*QH[0xcb]/RH.[0xca],([0xc8][0x1]u[0xf9][0xf3]R[0x14][0x92]@[0x1][[0x94]R[0xc][0xe][0xff][0xa4][0xa2][0xfc][0xec][0xd4]<[0x85][0x92][0x8c][0xcc][0xbc]t2[0x87]2[0xcc][\r]P*[0x99][0x90][0x8c]T[0x5][0xbf][0xfc][0xa2][0x92][0xc][0x85][0xa2][0xd4][0xdc][0xd4][0xdc][0xa4][0xd4]"r[0xcd]5D)[0xa2]A[0x91]?p[0xe3][0x16][0xe6][0x86]([0xd1]9[0xc0][0x8e]1A[0xc9][0xfc][0x3][0xed][0x18][0x94]N[0xe3]@;[0x6][0xa5][0x4][0x1b]h[0xc7][0xc][0xa2][\n]"
10:31:04.076 [main] DEBUG org.apache.http.wire -  << "[0xd5][0xdc]t[0x10][0xb5]K[0xcd]M[0x7]S[0x2]6[0x1d]D[0x9d]qs[0xd3][0xc1][0x94][0x9b]P[0x1b][0xc9][0x3][0x9c][0x9b]P[0x9b][0xd8][0x3][0xed][0x18][0x94][0xa6][0xcd]@;f0[0xd5]M[0x83][0xa9][0xff]kn6[0x98][0xca][0x19][0xb3][0xc1]T[0xce][0xa0][0xe][0xf5][0xe]p[0x2]6[0x1b]L[0xb5][0xb6][0xd9]`[0xaa][0xb5][0x7][0xd3][0xa8][0xb5]9[0xea][0xa8][0xb5]Obiz[0x6][0xb4][0xd7]Y[0x90][0x9f]Y[0x9c][0x9f][0x7][0xea]1[0xa5][0xa5]&[0x16][0x91][0xd7][0xfb]4[0x1f]L[0xe3][0xd0][0xe6][0xe6](I211[0x91][0xac]^[0xa0][0xb9][0xf9]`[0xaa]',P[0x9a][0x80][0xc1]%[0xa5][0x5][0xa9]i[0xe4][0xcd][0xa1][0x99][[0xa0][0xf5][0xf9]JA[0x9d][0xcf][0xa4][0xcc][0xa2][0x14][0xf2][0x82][0xc9][0x2][0xa5][0x9c][0xe]J,K[0xcd]K[0xce]I,'[0xd3]0[0x94]r[0xd6][0xbd][0xa8]2--3/%[0x9f][0xbc][0x9]ks[0x8b][0xc1][0xd4] [0xb3]@I[0x95][0x3]\j[[0xc][0xa6][0x82][0xd2][0x12]%m[0xf]p[0xc8][0xa0][0x8e][0x17][0xe][0xb4]c[0x6]Q[0xeb][0xd0][0xc2][0x0]%[0xa3][0xf]l[0xc8]X[0x18][0xc][0xa2][0xac]ma0[0x88]F[0xbb],[0xc][0x6]Q[0xb5]ea8[0x88][0xb2][0xb6][0x85]!J[0xc5]7[0xc0][0x9][0xd8]p0[0xe5]&[0xc3][0xc1][0x94][0x9b][0x6][0xd3][0xd8][0xb1][0x85][0xe1][0xa0][0xca]M[0x83][0xa9]:0[0x1a]L[0xb9][0xc9][0x8]%[0x9a][0x2]J[0xb3][0xcb]KS[0xd2]3S1[0x1b][0xa1][0x0][0x0][0x0][0x0][0xff][0xff]"
10:31:04.076 [main] DEBUG org.apache.http.wire -  << "[\r][\n]"
10:31:04.076 [main] DEBUG org.apache.http.wire -  << "118[\r][\n]"
10:31:04.076 [main] DEBUG org.apache.http.wire -  << ""b}[0xa7][0x85][0xd1] j[0x1c]Y[0x18][0xf][0xa6][0x12]t0[0xad][0xd6][0xb0]0[0x1e]L[0x85][0x96][0xf1] j[0xdd][[0x18][0xf][0xa6][0x4]<[0x98][0xd6][0xc6]Z[0xc][0xa6][0xd9]7[0xb][0x93][0xc1][0x94][0x80]M[0x6]S[0x2]6[0x19]L[0x9]x0[0xcd][0xbe]Y[0xc][0xa6][0xd9]7[0x8b][0xc1]4[0xe1]e1[0x98][0xe6][0x98],[0x6][0xd3]z,[0x8b][0xc1][0xb4][0x1e][0xcb]b0[0xcd][0xa4]X[0x98][0xa1]4[0x1b][0x7][0xb8]Gh6[0x98]Z[0xf7][0xe6][0x83][0xa9]u[0x8f]:y1[0xc0][0xd1]d>[0x98]j[0xed][0xc1]4[0xef]b1[0x98]&L,[0xcc][0x7]SnB[0x9d]r[0x19][0xe0][0x4]l[0x81]2[0xc7]2[0xd0][0x8e][0x19]LC[0xa7][0x16][0x83][0xa9]:[0x18]L[0xbb]i,[0x6][0xd3][0xac][0x88][0x5][0xea][0xfa]i[0xff][0xe4][0xe4][0xc4][0xd4][0xe4][0xc4][0x92]L[0x85][0xd4][0xc4]"[0x94][0x8d][0xb7][0x85][0xa5][0x99][0x89][\n]"
10:31:04.076 [main] DEBUG org.apache.http.wire -  << "e[0xf9]9[0xa5][0x5]%[0x89][0xc5][\n]"
10:31:04.076 [main] DEBUG org.apache.http.wire -  << "`[0x1e]h[0xfb]o^jn>y[0xd3][0xdc][0x16][0x96][0x83][0xa9][0xec][0xb7][0x1c]L[0x9d]$[0xd4]%[0xd3][0x3][[0xa8]X[0xa2].[0xb5][0x1e]h[0xc7][0xc][0xa2][0x96][0x94][0xa5][0xc1] *[0xfb]-[\r][0x6]Q[0x2][0xb6][0x1c]L3U[0x96][0x83]i[0xc5][0xba][0xa5][0xd1] [0x1a][0x81][0xb6][0x1c]L[0xb3][0xe][0x96]F[0x83]h[0xe][0xcf][0xd2]h[0xe0][0xb3]vl-[0x17][0x0][0x0][0x0][0xff][0xff]"
10:31:04.076 [main] DEBUG org.apache.http.wire -  << "[\r][\n]"
10:31:04.076 [main] DEBUG org.apache.http.wire -  << "A[\r][\n]"
10:31:04.076 [main] DEBUG org.apache.http.wire -  << "[0x3][0x0][0xb7][0x8b][0xfe][0x92][0x96]C[0x0][0x0]"
10:31:04.076 [main] DEBUG org.apache.http.wire -  << "[\r][\n]"
10:31:04.076 [main] DEBUG org.apache.http.wire -  << "0[\r][\n]"
10:31:04.076 [main] DEBUG org.apache.http.wire -  << "[\r][\n]"
10:31:04.076 [main] DEBUG io.restassured.internal.RestAssuredHttpBuilder - Parsed data to instance of: class org.apache.http.conn.EofSensorInputStream
10:31:04.077 [main] DEBUG org.apache.http.impl.conn.BasicClientConnectionManager - Releasing connection org.apache.http.impl.conn.ManagedClientConnectionImpl@2b370ca9
10:31:04.077 [main] DEBUG org.apache.http.impl.conn.BasicClientConnectionManager - Connection can be kept alive indefinitely
10:31:04.082 [main] DEBUG net.thucydides.core.steps.StepInterceptor - STEP DONE: I send GET HTTP request comment
  &amp#27;[32mWhen &amp#27;[0m&amp#27;[32mI send GET HTTP request comment&amp#27;[0m                &amp#27;[90m# starter.stepdefinitions.CommentSteps.sendGetHttpRequestComment()&amp#27;[0m
10:31:04.085 [main] DEBUG net.thucydides.core.steps.StepInterceptor - STARTING STEP: CommentSteps.receiveValidHttp200Rating - I receive valid HTTP response code 200 comment
10:31:04.085 [main] DEBUG net.thucydides.core.steps.StepInterceptor - STEP DONE: I receive valid HTTP response code 200 comment
  &amp#27;[32mThen &amp#27;[0m&amp#27;[32mI receive valid HTTP response code 200 comment&amp#27;[0m &amp#27;[90m# starter.stepdefinitions.CommentSteps.receiveValidHttp200Rating()&amp#27;[0m
10:31:04.087 [main] INFO  - 
  _____   ___   ___   _____     ___     _     ___   ___   ___   ___  
 |_   _| | __| / __| |_   _|   | _ \   /_\   / __| / __| | __| |   \ 
   | |   | _|  \__ \   | |     |  _/  / _ \  \__ \ \__ \ | _|  | |) |
   |_|   |___| |___/   |_|     |_|   /_/ \_\ |___/ |___/ |___| |___/ 

GET - Get comment with correct endpoints
----------------------------------------------------------------------
]]></system-out>
  </testcase>
  <testcase name="Get comment with incorrect endpoints" classname="Comment" time="0.212">
    <system-out><![CDATA[
Scenario: Get comment with incorrect endpoints        &amp#27;[90m# src/test/resources/features/8. Comment.feature:17&amp#27;[0m
10:31:04.091 [main] DEBUG io.cucumber.core.plugin.SerenityReporter - Running feature from file:///C:/Users/WINDOWS%2010/Documents/GitHub/MiniProject_QE/API/minpro/src/test/resources/features/8.%20Comment.feature
10:31:04.094 [main] INFO  - 
  _____   ___   ___   _____     ___   _____     _     ___   _____   ___   ___  
 |_   _| | __| / __| |_   _|   / __| |_   _|   /_\   | _ \ |_   _| | __| |   \ 
   | |   | _|  \__ \   | |     \__ \   | |    / _ \  |   /   | |   | _|  | |) |
   |_|   |___| |___/   |_|     |___/   |_|   /_/ \_\ |_|_\   |_|   |___| |___/ 

Get comment with incorrect endpoints(comment;get-comment-with-incorrect-endpoints)
--------------------------------------------------------------------------------
10:31:04.109 [main] DEBUG net.thucydides.core.steps.StepInterceptor - STARTING STEP: CommentSteps.setGetApiEndpointComment2 - I set GET api endpoints comment2
10:31:04.109 [main] DEBUG net.thucydides.core.steps.StepInterceptor - STEP DONE: I set GET api endpoints comment2
  &amp#27;[32mGiven &amp#27;[0m&amp#27;[32mI set GET api endpoints comment2&amp#27;[0m              &amp#27;[90m# starter.stepdefinitions.CommentSteps.setGetApiEndpointComment2()&amp#27;[0m
10:31:04.114 [main] DEBUG net.thucydides.core.steps.StepInterceptor - STARTING STEP: CommentSteps.sendGetHttpRequestComment2 - I send GET HTTP request comment2
10:31:04.115 [main] DEBUG net.thucydides.core.steps.StepInterceptor - STARTING STEP: Comment.sendGetHttpRequestComment2 - I set GET api endpoints comment2
10:31:04.116 [main] DEBUG net.thucydides.core.steps.StepInterceptor - STEP DONE: I set GET api endpoints comment2
10:31:04.121 [main] DEBUG org.apache.http.impl.conn.BasicClientConnectionManager - Get connection for route {s}->https://altashop-api.fly.dev:443
10:31:04.122 [main] DEBUG org.apache.http.impl.conn.DefaultClientConnectionOperator - Connecting to altashop-api.fly.dev:443
10:31:04.209 [main] DEBUG org.apache.http.client.protocol.RequestAddCookies - CookieSpec selected: ignoreCookies
10:31:04.209 [main] DEBUG org.apache.http.client.protocol.RequestAuthCache - Auth cache not set in the context
10:31:04.209 [main] DEBUG org.apache.http.client.protocol.RequestTargetAuthentication - Target auth state: UNCHALLENGED
10:31:04.209 [main] DEBUG org.apache.http.client.protocol.RequestProxyAuthentication - Proxy auth state: UNCHALLENGED
10:31:04.209 [main] DEBUG org.apache.http.impl.client.DefaultHttpClient - Attempt 1 to execute request
10:31:04.209 [main] DEBUG org.apache.http.impl.conn.DefaultClientConnection - Sending request: GET /api/products/2/comment HTTP/1.1
10:31:04.209 [main] DEBUG org.apache.http.wire -  >> "GET /api/products/2/comment HTTP/1.1[\r][\n]"
10:31:04.209 [main] DEBUG org.apache.http.wire -  >> "Accept: */*[\r][\n]"
10:31:04.209 [main] DEBUG org.apache.http.wire -  >> "Host: altashop-api.fly.dev[\r][\n]"
10:31:04.209 [main] DEBUG org.apache.http.wire -  >> "Connection: Keep-Alive[\r][\n]"
10:31:04.209 [main] DEBUG org.apache.http.wire -  >> "User-Agent: Apache-HttpClient/4.5.13 (Java/15)[\r][\n]"
10:31:04.209 [main] DEBUG org.apache.http.wire -  >> "Accept-Encoding: gzip,deflate[\r][\n]"
10:31:04.209 [main] DEBUG org.apache.http.wire -  >> "[\r][\n]"
10:31:04.209 [main] DEBUG org.apache.http.headers - >> GET /api/products/2/comment HTTP/1.1
10:31:04.209 [main] DEBUG org.apache.http.headers - >> Accept: */*
10:31:04.209 [main] DEBUG org.apache.http.headers - >> Host: altashop-api.fly.dev
10:31:04.209 [main] DEBUG org.apache.http.headers - >> Connection: Keep-Alive
10:31:04.209 [main] DEBUG org.apache.http.headers - >> User-Agent: Apache-HttpClient/4.5.13 (Java/15)
10:31:04.209 [main] DEBUG org.apache.http.headers - >> Accept-Encoding: gzip,deflate
10:31:04.291 [main] DEBUG org.apache.http.wire -  << "HTTP/1.1 404 Not Found[\r][\n]"
10:31:04.291 [main] DEBUG org.apache.http.wire -  << "date: Sun, 07 May 2023 03:31:09 GMT[\r][\n]"
10:31:04.291 [main] DEBUG org.apache.http.wire -  << "content-encoding: gzip[\r][\n]"
10:31:04.291 [main] DEBUG org.apache.http.wire -  << "content-type: text/plain; charset=utf-8[\r][\n]"
10:31:04.291 [main] DEBUG org.apache.http.wire -  << "transfer-encoding: chunked[\r][\n]"
10:31:04.291 [main] DEBUG org.apache.http.wire -  << "server: Fly/3f2597ca (2023-05-03)[\r][\n]"
10:31:04.291 [main] DEBUG org.apache.http.wire -  << "via: 1.1 fly.io[\r][\n]"
10:31:04.291 [main] DEBUG org.apache.http.wire -  << "fly-request-id: 01GZT46R56NRTD37RJ1ABPF1B7-sin[\r][\n]"
10:31:04.291 [main] DEBUG org.apache.http.wire -  << "[\r][\n]"
10:31:04.291 [main] DEBUG org.apache.http.impl.conn.DefaultClientConnection - Receiving response: HTTP/1.1 404 Not Found
10:31:04.291 [main] DEBUG org.apache.http.headers - << HTTP/1.1 404 Not Found
10:31:04.291 [main] DEBUG org.apache.http.headers - << date: Sun, 07 May 2023 03:31:09 GMT
10:31:04.291 [main] DEBUG org.apache.http.headers - << content-encoding: gzip
10:31:04.291 [main] DEBUG org.apache.http.headers - << content-type: text/plain; charset=utf-8
10:31:04.291 [main] DEBUG org.apache.http.headers - << transfer-encoding: chunked
10:31:04.291 [main] DEBUG org.apache.http.headers - << server: Fly/3f2597ca (2023-05-03)
10:31:04.291 [main] DEBUG org.apache.http.headers - << via: 1.1 fly.io
10:31:04.291 [main] DEBUG org.apache.http.headers - << fly-request-id: 01GZT46R56NRTD37RJ1ABPF1B7-sin
10:31:04.291 [main] DEBUG org.apache.http.impl.client.DefaultHttpClient - Connection can be kept alive indefinitely
10:31:04.291 [main] DEBUG io.restassured.internal.RestAssuredHttpBuilder - Parsing response as: text/plain; charset=utf-8
10:31:04.291 [main] DEBUG org.apache.http.wire -  << "1E[\r][\n]"
10:31:04.291 [main] DEBUG org.apache.http.wire -  << "[0x1f][0x8b][0x8][0x0][0x0][0x0][0x0][0x0][0x4][0xff][0xcb][0xcb]/QH[0xcb]/[0xcd]K[0xe1][0x2][0x0][0xd4]I[0xfa]r[\n]"
10:31:04.291 [main] DEBUG org.apache.http.wire -  << "[0x0][0x0][0x0]"
10:31:04.291 [main] DEBUG org.apache.http.wire -  << "[\r][\n]"
10:31:04.291 [main] DEBUG org.apache.http.wire -  << "0[\r][\n]"
10:31:04.292 [main] DEBUG org.apache.http.wire -  << "[\r][\n]"
10:31:04.292 [main] DEBUG io.restassured.internal.RestAssuredHttpBuilder - Parsed data to instance of: class org.apache.http.conn.EofSensorInputStream
10:31:04.293 [main] DEBUG org.apache.http.impl.conn.BasicClientConnectionManager - Releasing connection org.apache.http.impl.conn.ManagedClientConnectionImpl@797ca322
10:31:04.293 [main] DEBUG org.apache.http.impl.conn.BasicClientConnectionManager - Connection can be kept alive indefinitely
10:31:04.293 [main] DEBUG net.thucydides.core.steps.StepInterceptor - STEP DONE: I send GET HTTP request comment2
  &amp#27;[32mWhen &amp#27;[0m&amp#27;[32mI send GET HTTP request comment2&amp#27;[0m               &amp#27;[90m# starter.stepdefinitions.CommentSteps.sendGetHttpRequestComment2()&amp#27;[0m
10:31:04.296 [main] DEBUG net.thucydides.core.steps.StepInterceptor - STARTING STEP: CommentSteps.receiveValidHttp404Rating - Then I receive valid HTTP response code 404 comment
10:31:04.297 [main] DEBUG net.thucydides.core.steps.StepInterceptor - STEP DONE: Then I receive valid HTTP response code 404 comment
  &amp#27;[32mThen &amp#27;[0m&amp#27;[32mI receive valid HTTP response code 404 comment&amp#27;[0m &amp#27;[90m# starter.stepdefinitions.CommentSteps.receiveValidHttp404Rating()&amp#27;[0m
10:31:04.299 [main] INFO  - 
  _____   ___   ___   _____     ___     _     ___   ___   ___   ___  
 |_   _| | __| / __| |_   _|   | _ \   /_\   / __| / __| | __| |   \ 
   | |   | _|  \__ \   | |     |  _/  / _ \  \__ \ \__ \ | _|  | |) |
   |_|   |___| |___/   |_|     |_|   /_/ \_\ |___/ |___/ |___| |___/ 

Get comment with incorrect endpoints
----------------------------------------------------------------------
]]></system-out>
  </testcase>
</testsuite>