<?xml version="1.0" encoding="UTF-8"?>
<testsuite xmlns:xsi="http://www.w3.org/2001/XMLSchema-instance" xsi:noNamespaceSchemaLocation="https://maven.apache.org/surefire/maven-failsafe-plugin/xsd/failsafe-test-report-3.0.xsd" version="3.0" name="starter.CucumberTestSuite" time="104.069" tests="5" errors="0" skipped="0" failures="0">
  <properties>
[...]
</properties>
  <testcase name="Register with valid data" classname="Register to Alta-shop Account" time="32.561">
    <system-out><![CDATA[19:03:58.920 [main] DEBUG net.thucydides.core.guice.Injectors - Created injector for module net.thucydides.core.guice.ThucydidesModule
19:03:59.199 [main] DEBUG io.cucumber.core.plugin.SerenityReporter - Running feature from file:///C:/Users/WINDOWS%2010/Documents/GitHub/MiniProject_QE/Web/code/minpro/src/test/resources/features/1.%20Register.feature
19:03:59.348 [main] DEBUG net.thucydides.core.guice.Injectors - Created injector for module net.thucydides.core.guice.webdriver.WebDriverModule
19:03:59.362 [main] INFO  - 

-------------------------------------------------------------------------------------
     _______. _______ .______       _______ .__   __.  __  .___________.____    ____ 
    /       ||   ____||   _  \     |   ____||  \ |  | |  | |           |\   \  /   / 
   |   (----`|  |__   |  |_)  |    |  |__   |   \|  | |  | `---|  |----` \   \/   /  
    \   \    |   __|  |      /     |   __|  |  . `  | |  |     |  |       \_    _/   
.----)   |   |  |____ |  |\  \----.|  |____ |  |\   | |  |     |  |         |  |     
|_______/    |_______|| _| `._____||_______||__| \__| |__|     |__|         |__|    
                                                                                     
 News and tutorials at http://www.serenity-bdd.info                                  
 Documentation at https://wakaleo.gitbooks.io/the-serenity-book/content/             
 Join the Serenity Community on Gitter: https://gitter.im/serenity-bdd/serenity-core 
 Serenity BDD Support and Training at http://serenity-bdd.info/#/trainingandsupport  
-------------------------------------------------------------------------------------

19:03:59.366 [main] DEBUG net.thucydides.core.steps.StepEventBus - Test suite started for story net.thucydides.core.model.Story@529b74ce
19:03:59.368 [main] INFO  - Test Suite Started: Register to Alta-shop Account
19:03:59.383 [main] DEBUG io.cucumber.core.plugin.SerenityReporter - Running feature from file:///C:/Users/WINDOWS%2010/Documents/GitHub/MiniProject_QE/Web/code/minpro/src/test/resources/features/1.%20Register.feature
19:03:59.387 [main] DEBUG net.thucydides.core.steps.StepEventBus - Test suite started for story net.thucydides.core.model.Story@529b74ce
19:03:59.388 [main] INFO  - Test Suite Started: Register to Alta-shop Account

Scenario: Register with valid data          &amp#27;[90m# src/test/resources/features/1. Register.feature:7&amp#27;[0m
19:03:59.484 [main] DEBUG io.cucumber.core.plugin.SerenityReporter - Running feature from file:///C:/Users/WINDOWS%2010/Documents/GitHub/MiniProject_QE/Web/code/minpro/src/test/resources/features/1.%20Register.feature
19:03:59.649 [main] INFO  - 
  _____   ___   ___   _____     ___   _____     _     ___   _____   ___   ___  
 |_   _| | __| / __| |_   _|   / __| |_   _|   /_\   | _ \ |_   _| | __| |   \ 
   | |   | _|  \__ \   | |     \__ \   | |    / _ \  |   /   | |   | _|  | |) |
   |_|   |___| |___/   |_|     |___/   |_|   /_/ \_\ |_|_\   |_|   |___| |___/ 

Register with valid data(register-to-alta-shop-account;register-with-valid-data)
--------------------------------------------------------------------------------
19:03:59.714 [main] DEBUG net.thucydides.core.requirements.model.cucumber.CucumberParser - Loading feature C:\Users\WINDOWS 10\Documents\GitHub\MiniProject_QE\Web\code\minpro\src\test\resources\features\1. Register.feature
19:03:59.735 [main] DEBUG net.thucydides.core.requirements.model.cucumber.CucumberParser - Loading feature C:\Users\WINDOWS 10\Documents\GitHub\MiniProject_QE\Web\code\minpro\src\test\resources\features\2. Login.feature
19:03:59.741 [main] DEBUG net.thucydides.core.requirements.model.cucumber.CucumberParser - Loading feature C:\Users\WINDOWS 10\Documents\GitHub\MiniProject_QE\Web\code\minpro\src\test\resources\features\3. Product.feature
19:03:59.746 [main] DEBUG net.thucydides.core.requirements.model.cucumber.CucumberParser - Loading feature C:\Users\WINDOWS 10\Documents\GitHub\MiniProject_QE\Web\code\minpro\src\test\resources\features\4. Category.feature
19:03:59.750 [main] DEBUG net.thucydides.core.requirements.model.cucumber.CucumberParser - Loading feature C:\Users\WINDOWS 10\Documents\GitHub\MiniProject_QE\Web\code\minpro\src\test\resources\features\5. Transaction.feature
19:03:59.754 [main] DEBUG net.thucydides.core.requirements.model.cucumber.CucumberParser - Loading feature C:\Users\WINDOWS 10\Documents\GitHub\MiniProject_QE\Web\code\minpro\src\test\resources\features\6. Logout.feature
19:04:00.497 [main] DEBUG net.thucydides.core.steps.StepInterceptor - STARTING STEP: LoginSteps.onTheLoginPage - openPage
19:04:00.594 [main] INFO net.serenitybdd.core.webdriver.driverproviders.ChromeDriverProvider - Starting Chrome driver instance with capabilities:
19:04:00.596 [main] INFO net.serenitybdd.core.webdriver.driverproviders.ChromeDriverProvider - Capabilities {acceptInsecureCerts: false, browserName: chrome, goog:chromeOptions: {args: [remote-allow-origins=*], extensions: []}}
19:04:00.675 [main] DEBUG io.netty.util.internal.logging.InternalLoggerFactory - Using SLF4J as the default logging framework
19:04:00.677 [main] DEBUG io.netty.util.ResourceLeakDetector - -Dio.netty.leakDetection.level: simple
19:04:00.677 [main] DEBUG io.netty.util.ResourceLeakDetector - -Dio.netty.leakDetection.targetRecords: 4
19:04:00.681 [main] DEBUG io.netty.util.ResourceLeakDetectorFactory - Loaded default ResourceLeakDetector: io.netty.util.ResourceLeakDetector@1373e3ee
19:04:00.695 [main] DEBUG io.netty.util.internal.PlatformDependent0 - -Dio.netty.noUnsafe: false
19:04:00.695 [main] DEBUG io.netty.util.internal.PlatformDependent0 - Java version: 15
19:04:00.696 [main] DEBUG io.netty.util.internal.PlatformDependent0 - sun.misc.Unsafe.theUnsafe: available
19:04:00.697 [main] DEBUG io.netty.util.internal.PlatformDependent0 - sun.misc.Unsafe.copyMemory: available
19:04:00.697 [main] DEBUG io.netty.util.internal.PlatformDependent0 - sun.misc.Unsafe.storeFence: available
19:04:00.698 [main] DEBUG io.netty.util.internal.PlatformDependent0 - java.nio.Buffer.address: available
19:04:00.699 [main] DEBUG io.netty.util.internal.PlatformDependent0 - direct buffer constructor: unavailable: Reflective setAccessible(true) disabled
19:04:00.700 [main] DEBUG io.netty.util.internal.PlatformDependent0 - java.nio.Bits.unaligned: available, true
19:04:00.700 [main] DEBUG io.netty.util.internal.PlatformDependent0 - jdk.internal.misc.Unsafe.allocateUninitializedArray(int): unavailable: class io.netty.util.internal.PlatformDependent0$7 cannot access class jdk.internal.misc.Unsafe (in module java.base) because module java.base does not export jdk.internal.misc to unnamed module @36ac8a63
19:04:00.703 [main] DEBUG io.netty.util.internal.PlatformDependent0 - java.nio.DirectByteBuffer.<init>(long, int): unavailable
19:04:00.703 [main] DEBUG io.netty.util.internal.PlatformDependent - sun.misc.Unsafe: available
19:04:00.704 [main] DEBUG io.netty.util.internal.PlatformDependent - maxDirectMemory: 4133486592 bytes (maybe)
19:04:00.704 [main] DEBUG io.netty.util.internal.PlatformDependent - -Dio.netty.tmpdir: C:\Users\WINDOW~1\AppData\Local\Temp (java.io.tmpdir)
19:04:00.704 [main] DEBUG io.netty.util.internal.PlatformDependent - -Dio.netty.bitMode: 64 (sun.arch.data.model)
19:04:00.704 [main] DEBUG io.netty.util.internal.PlatformDependent - Platform: Windows
19:04:00.705 [main] DEBUG io.netty.util.internal.PlatformDependent - -Dio.netty.maxDirectMemory: -1 bytes
19:04:00.705 [main] DEBUG io.netty.util.internal.PlatformDependent - -Dio.netty.uninitializedArrayAllocationThreshold: -1
19:04:00.706 [main] DEBUG io.netty.util.internal.CleanerJava9 - java.nio.ByteBuffer.cleaner(): available
19:04:00.706 [main] DEBUG io.netty.util.internal.PlatformDependent - -Dio.netty.noPreferDirect: false
19:04:00.717 [main] DEBUG io.netty.util.internal.PlatformDependent - org.jctools-core.MpscChunkedArrayQueue: available
19:04:00.741 [main] DEBUG io.netty.util.internal.InternalThreadLocalMap - -Dio.netty.threadLocalMap.stringBuilder.initialSize: 1024
19:04:00.741 [main] DEBUG io.netty.util.internal.InternalThreadLocalMap - -Dio.netty.threadLocalMap.stringBuilder.maxSize: 4096
19:04:00.936 [main] DEBUG io.netty.handler.ssl.JdkSslContext - Default protocols (JDK): [TLSv1.3, TLSv1.2, TLSv1.1, TLSv1] 
19:04:00.937 [main] DEBUG io.netty.handler.ssl.JdkSslContext - Default cipher suites (JDK): [TLS_ECDHE_ECDSA_WITH_AES_256_GCM_SHA384, TLS_ECDHE_ECDSA_WITH_AES_128_GCM_SHA256, TLS_ECDHE_RSA_WITH_AES_128_GCM_SHA256, TLS_ECDHE_RSA_WITH_AES_256_GCM_SHA384, TLS_ECDHE_RSA_WITH_AES_128_CBC_SHA, TLS_ECDHE_RSA_WITH_AES_256_CBC_SHA, TLS_RSA_WITH_AES_128_GCM_SHA256, TLS_RSA_WITH_AES_128_CBC_SHA, TLS_RSA_WITH_AES_256_CBC_SHA, TLS_AES_128_GCM_SHA256, TLS_AES_256_GCM_SHA384]
19:04:00.958 [main] DEBUG io.netty.channel.MultithreadEventLoopGroup - -Dio.netty.eventLoopThreads: 32
19:04:00.966 [main] DEBUG io.netty.channel.nio.NioEventLoop - -Dio.netty.noKeySetOptimization: false
19:04:00.966 [main] DEBUG io.netty.channel.nio.NioEventLoop - -Dio.netty.selectorAutoRebuildThreshold: 512
19:04:01.026 [main] DEBUG io.netty.buffer.PooledByteBufAllocator - -Dio.netty.allocator.numHeapArenas: 32
19:04:01.027 [main] DEBUG io.netty.buffer.PooledByteBufAllocator - -Dio.netty.allocator.numDirectArenas: 32
19:04:01.027 [main] DEBUG io.netty.buffer.PooledByteBufAllocator - -Dio.netty.allocator.pageSize: 8192
19:04:01.027 [main] DEBUG io.netty.buffer.PooledByteBufAllocator - -Dio.netty.allocator.maxOrder: 9
19:04:01.027 [main] DEBUG io.netty.buffer.PooledByteBufAllocator - -Dio.netty.allocator.chunkSize: 4194304
19:04:01.027 [main] DEBUG io.netty.buffer.PooledByteBufAllocator - -Dio.netty.allocator.smallCacheSize: 256
19:04:01.027 [main] DEBUG io.netty.buffer.PooledByteBufAllocator - -Dio.netty.allocator.normalCacheSize: 64
19:04:01.027 [main] DEBUG io.netty.buffer.PooledByteBufAllocator - -Dio.netty.allocator.maxCachedBufferCapacity: 32768
19:04:01.027 [main] DEBUG io.netty.buffer.PooledByteBufAllocator - -Dio.netty.allocator.cacheTrimInterval: 8192
19:04:01.027 [main] DEBUG io.netty.buffer.PooledByteBufAllocator - -Dio.netty.allocator.cacheTrimIntervalMillis: 0
19:04:01.027 [main] DEBUG io.netty.buffer.PooledByteBufAllocator - -Dio.netty.allocator.useCacheForAllThreads: false
19:04:01.027 [main] DEBUG io.netty.buffer.PooledByteBufAllocator - -Dio.netty.allocator.maxCachedByteBuffersPerChunk: 1023
19:04:01.037 [main] DEBUG io.netty.buffer.ByteBufUtil - -Dio.netty.allocator.type: pooled
19:04:01.038 [main] DEBUG io.netty.buffer.ByteBufUtil - -Dio.netty.threadLocalDirectBufferSize: 0
19:04:01.038 [main] DEBUG io.netty.buffer.ByteBufUtil - -Dio.netty.maxThreadLocalCharBufferSize: 16384
19:04:01.265 [Forwarding newSession on session null to remote] DEBUG io.netty.channel.DefaultChannelId - -Dio.netty.processId: 18176 (auto-detected)
19:04:01.267 [Forwarding newSession on session null to remote] DEBUG io.netty.util.NetUtil - -Djava.net.preferIPv4Stack: false
19:04:01.267 [Forwarding newSession on session null to remote] DEBUG io.netty.util.NetUtil - -Djava.net.preferIPv6Addresses: false
19:04:01.288 [Forwarding newSession on session null to remote] DEBUG io.netty.util.NetUtilInitializations - Loopback interface: lo (Software Loopback Interface 1, 127.0.0.1)
19:04:01.289 [Forwarding newSession on session null to remote] DEBUG io.netty.util.NetUtil - Failed to get SOMAXCONN from sysctl and file \proc\sys\net\core\somaxconn. Default: 200
19:04:01.340 [Forwarding newSession on session null to remote] DEBUG io.netty.channel.DefaultChannelId - -Dio.netty.machineId: 34:cf:f6:ff:fe:2b:0c:19 (auto-detected)
19:04:01.378 [AsyncHttpClient-1-2] DEBUG io.netty.buffer.AbstractByteBuf - -Dio.netty.buffer.checkAccessible: true
19:04:01.378 [AsyncHttpClient-1-2] DEBUG io.netty.buffer.AbstractByteBuf - -Dio.netty.buffer.checkBounds: true
19:04:01.378 [AsyncHttpClient-1-2] DEBUG io.netty.util.ResourceLeakDetectorFactory - Loaded default ResourceLeakDetector: io.netty.util.ResourceLeakDetector@693f7549
19:04:01.388 [AsyncHttpClient-1-2] DEBUG org.asynchttpclient.netty.channel.NettyConnectListener - Using new Channel '[id: 0x5bb68fbe, L:/127.0.0.1:61445 - R:localhost/127.0.0.1:7996]' for 'POST' to '/session'
19:04:01.401 [AsyncHttpClient-1-2] DEBUG io.netty.util.Recycler - -Dio.netty.recycler.maxCapacityPerThread: 4096
19:04:01.401 [AsyncHttpClient-1-2] DEBUG io.netty.util.Recycler - -Dio.netty.recycler.ratio: 8
19:04:01.401 [AsyncHttpClient-1-2] DEBUG io.netty.util.Recycler - -Dio.netty.recycler.chunkSize: 32
19:04:01.401 [AsyncHttpClient-1-2] DEBUG io.netty.util.Recycler - -Dio.netty.recycler.blocking: false
19:04:02.078 [AsyncHttpClient-1-2] DEBUG io.netty.handler.codec.compression.Brotli - brotli4j not in the classpath; Brotli support will be unavailable.
19:04:02.078 [AsyncHttpClient-1-2] DEBUG org.asynchttpclient.netty.handler.HttpHandler - 

Request DefaultHttpRequest(decodeResult: success, version: HTTP/1.1)
POST /session HTTP/1.1
User-Agent: selenium/4.8.1 (java windows)
Content-Length: 507
Content-Type: application/json; charset=utf-8
host: localhost:7996
accept: */*

Response DefaultHttpResponse(decodeResult: success, version: HTTP/1.1)
HTTP/1.1 200 OK
Content-Length: 863
Content-Type: application/json; charset=utf-8
cache-control: no-cache

19:04:02.085 [AsyncHttpClient-1-2] DEBUG org.asynchttpclient.netty.channel.ChannelManager - Adding key: http://localhost:7996 for channel [id: 0x5bb68fbe, L:/127.0.0.1:61445 - R:localhost/127.0.0.1:7996]
19:04:02.147 [AsyncHttpClient-1-3] DEBUG org.asynchttpclient.netty.channel.NettyConnectListener - Using new Channel '[id: 0xeba73963, L:/127.0.0.1:61453 - R:localhost/127.0.0.1:61447]' for 'GET' to '/json/version'
19:04:02.150 [AsyncHttpClient-1-3] DEBUG org.asynchttpclient.netty.handler.HttpHandler - 

Request DefaultFullHttpRequest(decodeResult: success, version: HTTP/1.1, content: EmptyByteBufBE)
GET /json/version HTTP/1.1
User-Agent: selenium/4.8.1 (java windows)
host: localhost:61447
accept: */*

Response DefaultHttpResponse(decodeResult: success, version: HTTP/1.1)
HTTP/1.1 200 OK
Content-Security-Policy: frame-ancestors 'none'
Content-Length: 424
Content-Type: application/json; charset=UTF-8

19:04:02.151 [AsyncHttpClient-1-3] DEBUG org.asynchttpclient.netty.channel.ChannelManager - Adding key: http://localhost:61447 for channel [id: 0xeba73963, L:/127.0.0.1:61453 - R:localhost/127.0.0.1:61447]
19:04:02.157 [main] DEBUG io.netty.util.internal.ThreadLocalRandom - -Dio.netty.initialSeedUniquifier: 0x77eb211fcfcf3da2
19:04:02.160 [AsyncHttpClient-1-4] DEBUG org.asynchttpclient.netty.channel.NettyConnectListener - Using new Channel '[id: 0x0f0a0526, L:/127.0.0.1:61454 - R:localhost/127.0.0.1:61447]' for 'GET' to '/devtools/browser/9a08c10e-ebe9-4c2e-bb44-081d317af911'
19:04:02.162 [AsyncHttpClient-1-4] DEBUG org.asynchttpclient.netty.handler.WebSocketHandler - 

Request DefaultFullHttpRequest(decodeResult: success, version: HTTP/1.1, content: EmptyByteBufBE)
GET /devtools/browser/9a08c10e-ebe9-4c2e-bb44-081d317af911 HTTP/1.1
upgrade: websocket
connection: upgrade
sec-websocket-key: IN0ACtZ/gvc5m1zdka/OPA==
sec-websocket-version: 13
origin: http://localhost:61447
host: localhost:61447
accept: */*
user-agent: AHC/2.1

Response DefaultHttpResponse(decodeResult: success, version: HTTP/1.1)
HTTP/1.1 101 WebSocket Protocol Handshake
Upgrade: WebSocket
Connection: Upgrade
Sec-WebSocket-Accept: Xj/UdLP9ZZRpvEgYSM7A3s/9/x4=

19:04:02.243 [Forwarding get on session b87234453080d97d371b7a992190bcfb to remote] DEBUG org.asynchttpclient.netty.request.NettyRequestSender - Using pooled Channel '[id: 0x5bb68fbe, L:/127.0.0.1:61445 - R:localhost/127.0.0.1:7996]' for 'POST' to 'http://localhost:7996/session/b87234453080d97d371b7a992190bcfb/url'
19:04:02.244 [Forwarding get on session b87234453080d97d371b7a992190bcfb to remote] DEBUG org.asynchttpclient.netty.request.NettyRequestSender - Using open Channel [id: 0x5bb68fbe, L:/127.0.0.1:61445 - R:localhost/127.0.0.1:7996] for POST '/session/b87234453080d97d371b7a992190bcfb/url'
19:04:03.130 [AsyncHttpClient-1-1] DEBUG org.asynchttpclient.netty.channel.DefaultChannelPool - Entry count for : http://localhost:61447 : 1
19:04:04.229 [AsyncHttpClient-1-1] DEBUG org.asynchttpclient.netty.channel.DefaultChannelPool - Entry count for : http://localhost:61447 : 1
19:04:05.329 [AsyncHttpClient-1-1] DEBUG org.asynchttpclient.netty.channel.DefaultChannelPool - Entry count for : http://localhost:61447 : 1
19:04:06.436 [AsyncHttpClient-1-1] DEBUG org.asynchttpclient.netty.channel.DefaultChannelPool - Entry count for : http://localhost:61447 : 1
19:04:07.531 [AsyncHttpClient-1-1] DEBUG org.asynchttpclient.netty.channel.DefaultChannelPool - Entry count for : http://localhost:61447 : 1
19:04:08.632 [AsyncHttpClient-1-1] DEBUG org.asynchttpclient.netty.channel.DefaultChannelPool - Entry count for : http://localhost:61447 : 1
19:04:09.729 [AsyncHttpClient-1-1] DEBUG org.asynchttpclient.netty.channel.DefaultChannelPool - Entry count for : http://localhost:61447 : 1
19:04:10.832 [AsyncHttpClient-1-1] DEBUG org.asynchttpclient.netty.channel.DefaultChannelPool - Entry count for : http://localhost:61447 : 1
19:04:11.928 [AsyncHttpClient-1-1] DEBUG org.asynchttpclient.netty.channel.DefaultChannelPool - Entry count for : http://localhost:61447 : 1
19:04:13.030 [AsyncHttpClient-1-1] DEBUG org.asynchttpclient.netty.channel.DefaultChannelPool - Entry count for : http://localhost:61447 : 1
19:04:14.131 [AsyncHttpClient-1-1] DEBUG org.asynchttpclient.netty.channel.DefaultChannelPool - Entry count for : http://localhost:61447 : 1
19:04:15.228 [AsyncHttpClient-1-1] DEBUG org.asynchttpclient.netty.channel.DefaultChannelPool - Entry count for : http://localhost:61447 : 1
19:04:16.329 [AsyncHttpClient-1-1] DEBUG org.asynchttpclient.netty.channel.DefaultChannelPool - Entry count for : http://localhost:61447 : 1
19:04:17.431 [AsyncHttpClient-1-1] DEBUG org.asynchttpclient.netty.channel.DefaultChannelPool - Entry count for : http://localhost:61447 : 1
19:04:18.534 [AsyncHttpClient-1-1] DEBUG org.asynchttpclient.netty.channel.DefaultChannelPool - Entry count for : http://localhost:61447 : 1
19:04:19.632 [AsyncHttpClient-1-1] DEBUG org.asynchttpclient.netty.channel.DefaultChannelPool - Entry count for : http://localhost:61447 : 1
19:04:20.729 [AsyncHttpClient-1-1] DEBUG org.asynchttpclient.netty.channel.DefaultChannelPool - Entry count for : http://localhost:61447 : 1
19:04:21.834 [AsyncHttpClient-1-1] DEBUG org.asynchttpclient.netty.channel.DefaultChannelPool - Entry count for : http://localhost:61447 : 1
19:04:22.929 [AsyncHttpClient-1-1] DEBUG org.asynchttpclient.netty.channel.DefaultChannelPool - Entry count for : http://localhost:61447 : 1
19:04:24.032 [AsyncHttpClient-1-1] DEBUG org.asynchttpclient.netty.channel.DefaultChannelPool - Entry count for : http://localhost:61447 : 1
19:04:25.134 [AsyncHttpClient-1-1] DEBUG org.asynchttpclient.netty.channel.DefaultChannelPool - Entry count for : http://localhost:61447 : 1
19:04:26.229 [AsyncHttpClient-1-1] DEBUG org.asynchttpclient.netty.channel.DefaultChannelPool - Entry count for : http://localhost:61447 : 1
19:04:27.331 [AsyncHttpClient-1-1] DEBUG org.asynchttpclient.netty.channel.DefaultChannelPool - Entry count for : http://localhost:61447 : 1
19:04:27.773 [AsyncHttpClient-1-2] DEBUG org.asynchttpclient.netty.handler.HttpHandler - 

Request DefaultHttpRequest(decodeResult: success, version: HTTP/1.1)
POST /session/b87234453080d97d371b7a992190bcfb/url HTTP/1.1
User-Agent: selenium/4.8.1 (java windows)
Content-Length: 74
Content-Type: application/json; charset=utf-8
host: localhost:7996
accept: */*

Response DefaultHttpResponse(decodeResult: success, version: HTTP/1.1)
HTTP/1.1 200 OK
Content-Length: 14
Content-Type: application/json; charset=utf-8
cache-control: no-cache

19:04:27.774 [AsyncHttpClient-1-2] DEBUG org.asynchttpclient.netty.channel.ChannelManager - Adding key: http://localhost:7996 for channel [id: 0x5bb68fbe, L:/127.0.0.1:61445 - R:localhost/127.0.0.1:7996]
19:04:27.778 [Forwarding setTimeout on session b87234453080d97d371b7a992190bcfb to remote] DEBUG org.asynchttpclient.netty.request.NettyRequestSender - Using pooled Channel '[id: 0x5bb68fbe, L:/127.0.0.1:61445 - R:localhost/127.0.0.1:7996]' for 'POST' to 'http://localhost:7996/session/b87234453080d97d371b7a992190bcfb/timeouts'
19:04:27.778 [Forwarding setTimeout on session b87234453080d97d371b7a992190bcfb to remote] DEBUG org.asynchttpclient.netty.request.NettyRequestSender - Using open Channel [id: 0x5bb68fbe, L:/127.0.0.1:61445 - R:localhost/127.0.0.1:7996] for POST '/session/b87234453080d97d371b7a992190bcfb/timeouts'
19:04:27.779 [AsyncHttpClient-1-2] DEBUG org.asynchttpclient.netty.handler.HttpHandler - 

Request DefaultHttpRequest(decodeResult: success, version: HTTP/1.1)
POST /session/b87234453080d97d371b7a992190bcfb/timeouts HTTP/1.1
User-Agent: selenium/4.8.1 (java windows)
Content-Length: 22
Content-Type: application/json; charset=utf-8
host: localhost:7996
accept: */*

Response DefaultHttpResponse(decodeResult: success, version: HTTP/1.1)
HTTP/1.1 200 OK
Content-Length: 14
Content-Type: application/json; charset=utf-8
cache-control: no-cache

19:04:27.780 [AsyncHttpClient-1-2] DEBUG org.asynchttpclient.netty.channel.ChannelManager - Adding key: http://localhost:7996 for channel [id: 0x5bb68fbe, L:/127.0.0.1:61445 - R:localhost/127.0.0.1:7996]
19:04:27.805 [main] DEBUG net.serenitybdd.core.photography.Darkroom - Opening darkroom
19:04:27.806 [Darkroom Processing Line] DEBUG net.serenitybdd.core.photography.DarkroomProcessingLine - Darkroom processing line starting up
19:04:27.823 [Forwarding getAlertText on session b87234453080d97d371b7a992190bcfb to remote] DEBUG org.asynchttpclient.netty.request.NettyRequestSender - Using pooled Channel '[id: 0x5bb68fbe, L:/127.0.0.1:61445 - R:localhost/127.0.0.1:7996]' for 'GET' to 'http://localhost:7996/session/b87234453080d97d371b7a992190bcfb/alert/text'
19:04:27.823 [Forwarding getAlertText on session b87234453080d97d371b7a992190bcfb to remote] DEBUG org.asynchttpclient.netty.request.NettyRequestSender - Using open Channel [id: 0x5bb68fbe, L:/127.0.0.1:61445 - R:localhost/127.0.0.1:7996] for GET '/session/b87234453080d97d371b7a992190bcfb/alert/text'
19:04:27.824 [AsyncHttpClient-1-2] DEBUG org.asynchttpclient.netty.handler.HttpHandler - 

Request DefaultFullHttpRequest(decodeResult: success, version: HTTP/1.1, content: EmptyByteBufBE)
GET /session/b87234453080d97d371b7a992190bcfb/alert/text HTTP/1.1
User-Agent: selenium/4.8.1 (java windows)
Cache-Control: no-cache
Content-Type: application/json; charset=utf-8
host: localhost:7996
accept: */*

Response DefaultHttpResponse(decodeResult: success, version: HTTP/1.1)
HTTP/1.1 404 Not Found
Content-Length: 836
Content-Type: application/json; charset=utf-8
cache-control: no-cache

19:04:27.825 [AsyncHttpClient-1-2] DEBUG org.asynchttpclient.netty.channel.ChannelManager - Adding key: http://localhost:7996 for channel [id: 0x5bb68fbe, L:/127.0.0.1:61445 - R:localhost/127.0.0.1:7996]
19:04:27.831 [Forwarding getCurrentUrl on session b87234453080d97d371b7a992190bcfb to remote] DEBUG org.asynchttpclient.netty.request.NettyRequestSender - Using pooled Channel '[id: 0x5bb68fbe, L:/127.0.0.1:61445 - R:localhost/127.0.0.1:7996]' for 'GET' to 'http://localhost:7996/session/b87234453080d97d371b7a992190bcfb/url'
19:04:27.831 [Forwarding getCurrentUrl on session b87234453080d97d371b7a992190bcfb to remote] DEBUG org.asynchttpclient.netty.request.NettyRequestSender - Using open Channel [id: 0x5bb68fbe, L:/127.0.0.1:61445 - R:localhost/127.0.0.1:7996] for GET '/session/b87234453080d97d371b7a992190bcfb/url'
19:04:27.834 [AsyncHttpClient-1-2] DEBUG org.asynchttpclient.netty.handler.HttpHandler - 

Request DefaultFullHttpRequest(decodeResult: success, version: HTTP/1.1, content: EmptyByteBufBE)
GET /session/b87234453080d97d371b7a992190bcfb/url HTTP/1.1
User-Agent: selenium/4.8.1 (java windows)
Cache-Control: no-cache
Content-Type: application/json; charset=utf-8
host: localhost:7996
accept: */*

Response DefaultHttpResponse(decodeResult: success, version: HTTP/1.1)
HTTP/1.1 200 OK
Content-Length: 51
Content-Type: application/json; charset=utf-8
cache-control: no-cache

19:04:27.834 [AsyncHttpClient-1-2] DEBUG org.asynchttpclient.netty.channel.ChannelManager - Adding key: http://localhost:7996 for channel [id: 0x5bb68fbe, L:/127.0.0.1:61445 - R:localhost/127.0.0.1:7996]
19:04:27.836 [Forwarding screenshot on session b87234453080d97d371b7a992190bcfb to remote] DEBUG org.asynchttpclient.netty.request.NettyRequestSender - Using pooled Channel '[id: 0x5bb68fbe, L:/127.0.0.1:61445 - R:localhost/127.0.0.1:7996]' for 'GET' to 'http://localhost:7996/session/b87234453080d97d371b7a992190bcfb/screenshot'
19:04:27.837 [Forwarding screenshot on session b87234453080d97d371b7a992190bcfb to remote] DEBUG org.asynchttpclient.netty.request.NettyRequestSender - Using open Channel [id: 0x5bb68fbe, L:/127.0.0.1:61445 - R:localhost/127.0.0.1:7996] for GET '/session/b87234453080d97d371b7a992190bcfb/screenshot'
19:04:27.906 [AsyncHttpClient-1-2] DEBUG org.asynchttpclient.netty.handler.HttpHandler - 

Request DefaultFullHttpRequest(decodeResult: success, version: HTTP/1.1, content: EmptyByteBufBE)
GET /session/b87234453080d97d371b7a992190bcfb/screenshot HTTP/1.1
User-Agent: selenium/4.8.1 (java windows)
Cache-Control: no-cache
Content-Type: application/json; charset=utf-8
host: localhost:7996
accept: */*

Response DefaultHttpResponse(decodeResult: success, version: HTTP/1.1)
HTTP/1.1 200 OK
Content-Length: 25208
Content-Type: application/json; charset=utf-8
cache-control: no-cache

19:04:27.907 [AsyncHttpClient-1-2] DEBUG org.asynchttpclient.netty.channel.ChannelManager - Adding key: http://localhost:7996 for channel [id: 0x5bb68fbe, L:/127.0.0.1:61445 - R:localhost/127.0.0.1:7996]
19:04:27.957 [main] DEBUG net.serenitybdd.core.photography.Darkroom - Send negative for processing for target\site\serenity\edb14d4aab401efa0e4fb99861e6ffcafebc86a67b69f7828890b9910ed2ddbd.png
19:04:27.957 [Darkroom Processing Line] DEBUG net.serenitybdd.core.photography.DarkroomProcessingLine - Processing screenshot image in /var/screenshots/screenshot-8056329948400483509
19:04:27.958 [Darkroom Processing Line] DEBUG net.serenitybdd.core.photography.DarkroomProcessingLine - Saving screenshot to target\site\serenity\edb14d4aab401efa0e4fb99861e6ffcafebc86a67b69f7828890b9910ed2ddbd.png
19:04:27.961 [main] DEBUG net.thucydides.core.steps.StepInterceptor - STEP DONE: openPage
  &amp#27;[32mGiven &amp#27;[0m&amp#27;[32mI am on the alta-shop login page&amp#27;[0m    &amp#27;[90m# starter.stepdefinitions.LoginSteps.onTheLoginPage()&amp#27;[0m
19:04:27.992 [Forwarding getPageSource on session b87234453080d97d371b7a992190bcfb to remote] DEBUG org.asynchttpclient.netty.request.NettyRequestSender - Using pooled Channel '[id: 0x5bb68fbe, L:/127.0.0.1:61445 - R:localhost/127.0.0.1:7996]' for 'POST' to 'http://localhost:7996/session/b87234453080d97d371b7a992190bcfb/execute/sync'
19:04:27.993 [Forwarding getPageSource on session b87234453080d97d371b7a992190bcfb to remote] DEBUG org.asynchttpclient.netty.request.NettyRequestSender - Using open Channel [id: 0x5bb68fbe, L:/127.0.0.1:61445 - R:localhost/127.0.0.1:7996] for POST '/session/b87234453080d97d371b7a992190bcfb/execute/sync'
19:04:27.999 [AsyncHttpClient-1-2] DEBUG org.asynchttpclient.netty.handler.HttpHandler - 

Request DefaultHttpRequest(decodeResult: success, version: HTTP/1.1)
POST /session/b87234453080d97d371b7a992190bcfb/execute/sync HTTP/1.1
User-Agent: selenium/4.8.1 (java windows)
Content-Length: 176
Content-Type: application/json; charset=utf-8
host: localhost:7996
accept: */*

Response DefaultHttpResponse(decodeResult: success, version: HTTP/1.1)
HTTP/1.1 200 OK
Content-Length: 21659
Content-Type: application/json; charset=utf-8
cache-control: no-cache

19:04:28.000 [AsyncHttpClient-1-2] DEBUG org.asynchttpclient.netty.channel.ChannelManager - Adding key: http://localhost:7996 for channel [id: 0x5bb68fbe, L:/127.0.0.1:61445 - R:localhost/127.0.0.1:7996]
19:04:28.111 [Forwarding getCurrentUrl on session b87234453080d97d371b7a992190bcfb to remote] DEBUG org.asynchttpclient.netty.request.NettyRequestSender - Using pooled Channel '[id: 0x5bb68fbe, L:/127.0.0.1:61445 - R:localhost/127.0.0.1:7996]' for 'GET' to 'http://localhost:7996/session/b87234453080d97d371b7a992190bcfb/url'
19:04:28.111 [Forwarding getCurrentUrl on session b87234453080d97d371b7a992190bcfb to remote] DEBUG org.asynchttpclient.netty.request.NettyRequestSender - Using open Channel [id: 0x5bb68fbe, L:/127.0.0.1:61445 - R:localhost/127.0.0.1:7996] for GET '/session/b87234453080d97d371b7a992190bcfb/url'
19:04:28.114 [AsyncHttpClient-1-2] DEBUG org.asynchttpclient.netty.handler.HttpHandler - 

Request DefaultFullHttpRequest(decodeResult: success, version: HTTP/1.1, content: EmptyByteBufBE)
GET /session/b87234453080d97d371b7a992190bcfb/url HTTP/1.1
User-Agent: selenium/4.8.1 (java windows)
Cache-Control: no-cache
Content-Type: application/json; charset=utf-8
host: localhost:7996
accept: */*

Response DefaultHttpResponse(decodeResult: success, version: HTTP/1.1)
HTTP/1.1 200 OK
Content-Length: 51
Content-Type: application/json; charset=utf-8
cache-control: no-cache

19:04:28.114 [AsyncHttpClient-1-2] DEBUG org.asynchttpclient.netty.channel.ChannelManager - Adding key: http://localhost:7996 for channel [id: 0x5bb68fbe, L:/127.0.0.1:61445 - R:localhost/127.0.0.1:7996]
19:04:28.194 [Forwarding getAlertText on session b87234453080d97d371b7a992190bcfb to remote] DEBUG org.asynchttpclient.netty.request.NettyRequestSender - Using pooled Channel '[id: 0x5bb68fbe, L:/127.0.0.1:61445 - R:localhost/127.0.0.1:7996]' for 'GET' to 'http://localhost:7996/session/b87234453080d97d371b7a992190bcfb/alert/text'
19:04:28.194 [Forwarding getAlertText on session b87234453080d97d371b7a992190bcfb to remote] DEBUG org.asynchttpclient.netty.request.NettyRequestSender - Using open Channel [id: 0x5bb68fbe, L:/127.0.0.1:61445 - R:localhost/127.0.0.1:7996] for GET '/session/b87234453080d97d371b7a992190bcfb/alert/text'
19:04:28.195 [AsyncHttpClient-1-2] DEBUG org.asynchttpclient.netty.handler.HttpHandler - 

Request DefaultFullHttpRequest(decodeResult: success, version: HTTP/1.1, content: EmptyByteBufBE)
GET /session/b87234453080d97d371b7a992190bcfb/alert/text HTTP/1.1
User-Agent: selenium/4.8.1 (java windows)
Cache-Control: no-cache
Content-Type: application/json; charset=utf-8
host: localhost:7996
accept: */*

Response DefaultHttpResponse(decodeResult: success, version: HTTP/1.1)
HTTP/1.1 404 Not Found
Content-Length: 836
Content-Type: application/json; charset=utf-8
cache-control: no-cache

19:04:28.195 [AsyncHttpClient-1-2] DEBUG org.asynchttpclient.netty.channel.ChannelManager - Adding key: http://localhost:7996 for channel [id: 0x5bb68fbe, L:/127.0.0.1:61445 - R:localhost/127.0.0.1:7996]
19:04:28.199 [Forwarding getCurrentUrl on session b87234453080d97d371b7a992190bcfb to remote] DEBUG org.asynchttpclient.netty.request.NettyRequestSender - Using pooled Channel '[id: 0x5bb68fbe, L:/127.0.0.1:61445 - R:localhost/127.0.0.1:7996]' for 'GET' to 'http://localhost:7996/session/b87234453080d97d371b7a992190bcfb/url'
19:04:28.200 [Forwarding getCurrentUrl on session b87234453080d97d371b7a992190bcfb to remote] DEBUG org.asynchttpclient.netty.request.NettyRequestSender - Using open Channel [id: 0x5bb68fbe, L:/127.0.0.1:61445 - R:localhost/127.0.0.1:7996] for GET '/session/b87234453080d97d371b7a992190bcfb/url'
19:04:28.202 [AsyncHttpClient-1-2] DEBUG org.asynchttpclient.netty.handler.HttpHandler - 

Request DefaultFullHttpRequest(decodeResult: success, version: HTTP/1.1, content: EmptyByteBufBE)
GET /session/b87234453080d97d371b7a992190bcfb/url HTTP/1.1
User-Agent: selenium/4.8.1 (java windows)
Cache-Control: no-cache
Content-Type: application/json; charset=utf-8
host: localhost:7996
accept: */*

Response DefaultHttpResponse(decodeResult: success, version: HTTP/1.1)
HTTP/1.1 200 OK
Content-Length: 51
Content-Type: application/json; charset=utf-8
cache-control: no-cache

19:04:28.203 [AsyncHttpClient-1-2] DEBUG org.asynchttpclient.netty.channel.ChannelManager - Adding key: http://localhost:7996 for channel [id: 0x5bb68fbe, L:/127.0.0.1:61445 - R:localhost/127.0.0.1:7996]
19:04:28.204 [Forwarding screenshot on session b87234453080d97d371b7a992190bcfb to remote] DEBUG org.asynchttpclient.netty.request.NettyRequestSender - Using pooled Channel '[id: 0x5bb68fbe, L:/127.0.0.1:61445 - R:localhost/127.0.0.1:7996]' for 'GET' to 'http://localhost:7996/session/b87234453080d97d371b7a992190bcfb/screenshot'
19:04:28.204 [Forwarding screenshot on session b87234453080d97d371b7a992190bcfb to remote] DEBUG org.asynchttpclient.netty.request.NettyRequestSender - Using open Channel [id: 0x5bb68fbe, L:/127.0.0.1:61445 - R:localhost/127.0.0.1:7996] for GET '/session/b87234453080d97d371b7a992190bcfb/screenshot'
19:04:28.274 [AsyncHttpClient-1-2] DEBUG org.asynchttpclient.netty.handler.HttpHandler - 

Request DefaultFullHttpRequest(decodeResult: success, version: HTTP/1.1, content: EmptyByteBufBE)
GET /session/b87234453080d97d371b7a992190bcfb/screenshot HTTP/1.1
User-Agent: selenium/4.8.1 (java windows)
Cache-Control: no-cache
Content-Type: application/json; charset=utf-8
host: localhost:7996
accept: */*

Response DefaultHttpResponse(decodeResult: success, version: HTTP/1.1)
HTTP/1.1 200 OK
Content-Length: 25208
Content-Type: application/json; charset=utf-8
cache-control: no-cache

19:04:28.275 [AsyncHttpClient-1-2] DEBUG org.asynchttpclient.netty.channel.ChannelManager - Adding key: http://localhost:7996 for channel [id: 0x5bb68fbe, L:/127.0.0.1:61445 - R:localhost/127.0.0.1:7996]
19:04:28.277 [main] DEBUG net.serenitybdd.core.photography.Darkroom - Send negative for processing for target\site\serenity\edb14d4aab401efa0e4fb99861e6ffcafebc86a67b69f7828890b9910ed2ddbd.png
19:04:28.279 [Forwarding getPageSource on session b87234453080d97d371b7a992190bcfb to remote] DEBUG org.asynchttpclient.netty.request.NettyRequestSender - Using pooled Channel '[id: 0x5bb68fbe, L:/127.0.0.1:61445 - R:localhost/127.0.0.1:7996]' for 'POST' to 'http://localhost:7996/session/b87234453080d97d371b7a992190bcfb/execute/sync'
19:04:28.279 [Forwarding getPageSource on session b87234453080d97d371b7a992190bcfb to remote] DEBUG org.asynchttpclient.netty.request.NettyRequestSender - Using open Channel [id: 0x5bb68fbe, L:/127.0.0.1:61445 - R:localhost/127.0.0.1:7996] for POST '/session/b87234453080d97d371b7a992190bcfb/execute/sync'
19:04:28.284 [AsyncHttpClient-1-2] DEBUG org.asynchttpclient.netty.handler.HttpHandler - 

Request DefaultHttpRequest(decodeResult: success, version: HTTP/1.1)
POST /session/b87234453080d97d371b7a992190bcfb/execute/sync HTTP/1.1
User-Agent: selenium/4.8.1 (java windows)
Content-Length: 176
Content-Type: application/json; charset=utf-8
host: localhost:7996
accept: */*

Response DefaultHttpResponse(decodeResult: success, version: HTTP/1.1)
HTTP/1.1 200 OK
Content-Length: 21659
Content-Type: application/json; charset=utf-8
cache-control: no-cache

19:04:28.284 [AsyncHttpClient-1-2] DEBUG org.asynchttpclient.netty.channel.ChannelManager - Adding key: http://localhost:7996 for channel [id: 0x5bb68fbe, L:/127.0.0.1:61445 - R:localhost/127.0.0.1:7996]
19:04:28.293 [Forwarding getCurrentUrl on session b87234453080d97d371b7a992190bcfb to remote] DEBUG org.asynchttpclient.netty.request.NettyRequestSender - Using pooled Channel '[id: 0x5bb68fbe, L:/127.0.0.1:61445 - R:localhost/127.0.0.1:7996]' for 'GET' to 'http://localhost:7996/session/b87234453080d97d371b7a992190bcfb/url'
19:04:28.293 [Forwarding getCurrentUrl on session b87234453080d97d371b7a992190bcfb to remote] DEBUG org.asynchttpclient.netty.request.NettyRequestSender - Using open Channel [id: 0x5bb68fbe, L:/127.0.0.1:61445 - R:localhost/127.0.0.1:7996] for GET '/session/b87234453080d97d371b7a992190bcfb/url'
19:04:28.297 [AsyncHttpClient-1-2] DEBUG org.asynchttpclient.netty.handler.HttpHandler - 

Request DefaultFullHttpRequest(decodeResult: success, version: HTTP/1.1, content: EmptyByteBufBE)
GET /session/b87234453080d97d371b7a992190bcfb/url HTTP/1.1
User-Agent: selenium/4.8.1 (java windows)
Cache-Control: no-cache
Content-Type: application/json; charset=utf-8
host: localhost:7996
accept: */*

Response DefaultHttpResponse(decodeResult: success, version: HTTP/1.1)
HTTP/1.1 200 OK
Content-Length: 51
Content-Type: application/json; charset=utf-8
cache-control: no-cache

19:04:28.297 [AsyncHttpClient-1-2] DEBUG org.asynchttpclient.netty.channel.ChannelManager - Adding key: http://localhost:7996 for channel [id: 0x5bb68fbe, L:/127.0.0.1:61445 - R:localhost/127.0.0.1:7996]
19:04:28.301 [main] DEBUG net.thucydides.core.steps.StepInterceptor - STARTING STEP: RegisterSteps.clickLoginButton - clickRegisterLink
19:04:28.314 [Forwarding findElement on session b87234453080d97d371b7a992190bcfb to remote] DEBUG org.asynchttpclient.netty.request.NettyRequestSender - Using pooled Channel '[id: 0x5bb68fbe, L:/127.0.0.1:61445 - R:localhost/127.0.0.1:7996]' for 'POST' to 'http://localhost:7996/session/b87234453080d97d371b7a992190bcfb/element'
19:04:28.314 [Forwarding findElement on session b87234453080d97d371b7a992190bcfb to remote] DEBUG org.asynchttpclient.netty.request.NettyRequestSender - Using open Channel [id: 0x5bb68fbe, L:/127.0.0.1:61445 - R:localhost/127.0.0.1:7996] for POST '/session/b87234453080d97d371b7a992190bcfb/element'
19:04:28.323 [AsyncHttpClient-1-2] DEBUG org.asynchttpclient.netty.handler.HttpHandler - 

Request DefaultHttpRequest(decodeResult: success, version: HTTP/1.1)
POST /session/b87234453080d97d371b7a992190bcfb/element HTTP/1.1
User-Agent: selenium/4.8.1 (java windows)
Content-Length: 84
Content-Type: application/json; charset=utf-8
host: localhost:7996
accept: */*

Response DefaultHttpResponse(decodeResult: success, version: HTTP/1.1)
HTTP/1.1 200 OK
Content-Length: 88
Content-Type: application/json; charset=utf-8
cache-control: no-cache

19:04:28.323 [AsyncHttpClient-1-2] DEBUG org.asynchttpclient.netty.channel.ChannelManager - Adding key: http://localhost:7996 for channel [id: 0x5bb68fbe, L:/127.0.0.1:61445 - R:localhost/127.0.0.1:7996]
19:04:28.326 [Forwarding getElementTagName on session b87234453080d97d371b7a992190bcfb to remote] DEBUG org.asynchttpclient.netty.request.NettyRequestSender - Using pooled Channel '[id: 0x5bb68fbe, L:/127.0.0.1:61445 - R:localhost/127.0.0.1:7996]' for 'GET' to 'http://localhost:7996/session/b87234453080d97d371b7a992190bcfb/element/b55b237a-e542-4378-b99e-41cf24fa780e/name'
19:04:28.326 [Forwarding getElementTagName on session b87234453080d97d371b7a992190bcfb to remote] DEBUG org.asynchttpclient.netty.request.NettyRequestSender - Using open Channel [id: 0x5bb68fbe, L:/127.0.0.1:61445 - R:localhost/127.0.0.1:7996] for GET '/session/b87234453080d97d371b7a992190bcfb/element/b55b237a-e542-4378-b99e-41cf24fa780e/name'
19:04:28.331 [AsyncHttpClient-1-2] DEBUG org.asynchttpclient.netty.handler.HttpHandler - 

Request DefaultFullHttpRequest(decodeResult: success, version: HTTP/1.1, content: EmptyByteBufBE)
GET /session/b87234453080d97d371b7a992190bcfb/element/b55b237a-e542-4378-b99e-41cf24fa780e/name HTTP/1.1
User-Agent: selenium/4.8.1 (java windows)
Cache-Control: no-cache
Content-Type: application/json; charset=utf-8
host: localhost:7996
accept: */*

Response DefaultHttpResponse(decodeResult: success, version: HTTP/1.1)
HTTP/1.1 200 OK
Content-Length: 13
Content-Type: application/json; charset=utf-8
cache-control: no-cache

19:04:28.331 [AsyncHttpClient-1-2] DEBUG org.asynchttpclient.netty.channel.ChannelManager - Adding key: http://localhost:7996 for channel [id: 0x5bb68fbe, L:/127.0.0.1:61445 - R:localhost/127.0.0.1:7996]
19:04:28.332 [Forwarding getElementTagName on session b87234453080d97d371b7a992190bcfb to remote] DEBUG org.asynchttpclient.netty.request.NettyRequestSender - Using pooled Channel '[id: 0x5bb68fbe, L:/127.0.0.1:61445 - R:localhost/127.0.0.1:7996]' for 'GET' to 'http://localhost:7996/session/b87234453080d97d371b7a992190bcfb/element/b55b237a-e542-4378-b99e-41cf24fa780e/name'
19:04:28.332 [Forwarding getElementTagName on session b87234453080d97d371b7a992190bcfb to remote] DEBUG org.asynchttpclient.netty.request.NettyRequestSender - Using open Channel [id: 0x5bb68fbe, L:/127.0.0.1:61445 - R:localhost/127.0.0.1:7996] for GET '/session/b87234453080d97d371b7a992190bcfb/element/b55b237a-e542-4378-b99e-41cf24fa780e/name'
19:04:28.335 [AsyncHttpClient-1-2] DEBUG org.asynchttpclient.netty.handler.HttpHandler - 

Request DefaultFullHttpRequest(decodeResult: success, version: HTTP/1.1, content: EmptyByteBufBE)
GET /session/b87234453080d97d371b7a992190bcfb/element/b55b237a-e542-4378-b99e-41cf24fa780e/name HTTP/1.1
User-Agent: selenium/4.8.1 (java windows)
Cache-Control: no-cache
Content-Type: application/json; charset=utf-8
host: localhost:7996
accept: */*

Response DefaultHttpResponse(decodeResult: success, version: HTTP/1.1)
HTTP/1.1 200 OK
Content-Length: 13
Content-Type: application/json; charset=utf-8
cache-control: no-cache

19:04:28.336 [AsyncHttpClient-1-2] DEBUG org.asynchttpclient.netty.channel.ChannelManager - Adding key: http://localhost:7996 for channel [id: 0x5bb68fbe, L:/127.0.0.1:61445 - R:localhost/127.0.0.1:7996]
19:04:28.338 [Forwarding findElement on session b87234453080d97d371b7a992190bcfb to remote] DEBUG org.asynchttpclient.netty.request.NettyRequestSender - Using pooled Channel '[id: 0x5bb68fbe, L:/127.0.0.1:61445 - R:localhost/127.0.0.1:7996]' for 'POST' to 'http://localhost:7996/session/b87234453080d97d371b7a992190bcfb/element'
19:04:28.338 [Forwarding findElement on session b87234453080d97d371b7a992190bcfb to remote] DEBUG org.asynchttpclient.netty.request.NettyRequestSender - Using open Channel [id: 0x5bb68fbe, L:/127.0.0.1:61445 - R:localhost/127.0.0.1:7996] for POST '/session/b87234453080d97d371b7a992190bcfb/element'
19:04:28.344 [AsyncHttpClient-1-2] DEBUG org.asynchttpclient.netty.handler.HttpHandler - 

Request DefaultHttpRequest(decodeResult: success, version: HTTP/1.1)
POST /session/b87234453080d97d371b7a992190bcfb/element HTTP/1.1
User-Agent: selenium/4.8.1 (java windows)
Content-Length: 84
Content-Type: application/json; charset=utf-8
host: localhost:7996
accept: */*

Response DefaultHttpResponse(decodeResult: success, version: HTTP/1.1)
HTTP/1.1 200 OK
Content-Length: 88
Content-Type: application/json; charset=utf-8
cache-control: no-cache

19:04:28.344 [AsyncHttpClient-1-2] DEBUG org.asynchttpclient.netty.channel.ChannelManager - Adding key: http://localhost:7996 for channel [id: 0x5bb68fbe, L:/127.0.0.1:61445 - R:localhost/127.0.0.1:7996]
19:04:28.345 [Forwarding clickElement on session b87234453080d97d371b7a992190bcfb to remote] DEBUG org.asynchttpclient.netty.request.NettyRequestSender - Using pooled Channel '[id: 0x5bb68fbe, L:/127.0.0.1:61445 - R:localhost/127.0.0.1:7996]' for 'POST' to 'http://localhost:7996/session/b87234453080d97d371b7a992190bcfb/element/b55b237a-e542-4378-b99e-41cf24fa780e/click'
19:04:28.345 [Forwarding clickElement on session b87234453080d97d371b7a992190bcfb to remote] DEBUG org.asynchttpclient.netty.request.NettyRequestSender - Using open Channel [id: 0x5bb68fbe, L:/127.0.0.1:61445 - R:localhost/127.0.0.1:7996] for POST '/session/b87234453080d97d371b7a992190bcfb/element/b55b237a-e542-4378-b99e-41cf24fa780e/click'
19:04:28.386 [AsyncHttpClient-1-2] DEBUG org.asynchttpclient.netty.handler.HttpHandler - 

Request DefaultHttpRequest(decodeResult: success, version: HTTP/1.1)
POST /session/b87234453080d97d371b7a992190bcfb/element/b55b237a-e542-4378-b99e-41cf24fa780e/click HTTP/1.1
User-Agent: selenium/4.8.1 (java windows)
Content-Length: 50
Content-Type: application/json; charset=utf-8
host: localhost:7996
accept: */*

Response DefaultHttpResponse(decodeResult: success, version: HTTP/1.1)
HTTP/1.1 200 OK
Content-Length: 14
Content-Type: application/json; charset=utf-8
cache-control: no-cache

19:04:28.386 [AsyncHttpClient-1-2] DEBUG org.asynchttpclient.netty.channel.ChannelManager - Adding key: http://localhost:7996 for channel [id: 0x5bb68fbe, L:/127.0.0.1:61445 - R:localhost/127.0.0.1:7996]
19:04:28.399 [Forwarding getAlertText on session b87234453080d97d371b7a992190bcfb to remote] DEBUG org.asynchttpclient.netty.request.NettyRequestSender - Using pooled Channel '[id: 0x5bb68fbe, L:/127.0.0.1:61445 - R:localhost/127.0.0.1:7996]' for 'GET' to 'http://localhost:7996/session/b87234453080d97d371b7a992190bcfb/alert/text'
19:04:28.399 [Forwarding getAlertText on session b87234453080d97d371b7a992190bcfb to remote] DEBUG org.asynchttpclient.netty.request.NettyRequestSender - Using open Channel [id: 0x5bb68fbe, L:/127.0.0.1:61445 - R:localhost/127.0.0.1:7996] for GET '/session/b87234453080d97d371b7a992190bcfb/alert/text'
19:04:28.401 [AsyncHttpClient-1-2] DEBUG org.asynchttpclient.netty.handler.HttpHandler - 

Request DefaultFullHttpRequest(decodeResult: success, version: HTTP/1.1, content: EmptyByteBufBE)
GET /session/b87234453080d97d371b7a992190bcfb/alert/text HTTP/1.1
User-Agent: selenium/4.8.1 (java windows)
Cache-Control: no-cache
Content-Type: application/json; charset=utf-8
host: localhost:7996
accept: */*

Response DefaultHttpResponse(decodeResult: success, version: HTTP/1.1)
HTTP/1.1 404 Not Found
Content-Length: 836
Content-Type: application/json; charset=utf-8
cache-control: no-cache

19:04:28.401 [AsyncHttpClient-1-2] DEBUG org.asynchttpclient.netty.channel.ChannelManager - Adding key: http://localhost:7996 for channel [id: 0x5bb68fbe, L:/127.0.0.1:61445 - R:localhost/127.0.0.1:7996]
19:04:28.403 [Forwarding getCurrentUrl on session b87234453080d97d371b7a992190bcfb to remote] DEBUG org.asynchttpclient.netty.request.NettyRequestSender - Using pooled Channel '[id: 0x5bb68fbe, L:/127.0.0.1:61445 - R:localhost/127.0.0.1:7996]' for 'GET' to 'http://localhost:7996/session/b87234453080d97d371b7a992190bcfb/url'
19:04:28.403 [Forwarding getCurrentUrl on session b87234453080d97d371b7a992190bcfb to remote] DEBUG org.asynchttpclient.netty.request.NettyRequestSender - Using open Channel [id: 0x5bb68fbe, L:/127.0.0.1:61445 - R:localhost/127.0.0.1:7996] for GET '/session/b87234453080d97d371b7a992190bcfb/url'
19:04:28.408 [AsyncHttpClient-1-2] DEBUG org.asynchttpclient.netty.handler.HttpHandler - 

Request DefaultFullHttpRequest(decodeResult: success, version: HTTP/1.1, content: EmptyByteBufBE)
GET /session/b87234453080d97d371b7a992190bcfb/url HTTP/1.1
User-Agent: selenium/4.8.1 (java windows)
Cache-Control: no-cache
Content-Type: application/json; charset=utf-8
host: localhost:7996
accept: */*

Response DefaultHttpResponse(decodeResult: success, version: HTTP/1.1)
HTTP/1.1 200 OK
Content-Length: 54
Content-Type: application/json; charset=utf-8
cache-control: no-cache

19:04:28.408 [AsyncHttpClient-1-2] DEBUG org.asynchttpclient.netty.channel.ChannelManager - Adding key: http://localhost:7996 for channel [id: 0x5bb68fbe, L:/127.0.0.1:61445 - R:localhost/127.0.0.1:7996]
19:04:28.409 [Forwarding screenshot on session b87234453080d97d371b7a992190bcfb to remote] DEBUG org.asynchttpclient.netty.request.NettyRequestSender - Using pooled Channel '[id: 0x5bb68fbe, L:/127.0.0.1:61445 - R:localhost/127.0.0.1:7996]' for 'GET' to 'http://localhost:7996/session/b87234453080d97d371b7a992190bcfb/screenshot'
19:04:28.409 [Forwarding screenshot on session b87234453080d97d371b7a992190bcfb to remote] DEBUG org.asynchttpclient.netty.request.NettyRequestSender - Using open Channel [id: 0x5bb68fbe, L:/127.0.0.1:61445 - R:localhost/127.0.0.1:7996] for GET '/session/b87234453080d97d371b7a992190bcfb/screenshot'
19:04:28.428 [AsyncHttpClient-1-1] DEBUG org.asynchttpclient.netty.channel.DefaultChannelPool - Entry count for : http://localhost:61447 : 1
19:04:28.523 [AsyncHttpClient-1-2] DEBUG org.asynchttpclient.netty.handler.HttpHandler - 

Request DefaultFullHttpRequest(decodeResult: success, version: HTTP/1.1, content: EmptyByteBufBE)
GET /session/b87234453080d97d371b7a992190bcfb/screenshot HTTP/1.1
User-Agent: selenium/4.8.1 (java windows)
Cache-Control: no-cache
Content-Type: application/json; charset=utf-8
host: localhost:7996
accept: */*

Response DefaultHttpResponse(decodeResult: success, version: HTTP/1.1)
HTTP/1.1 200 OK
Content-Length: 30264
Content-Type: application/json; charset=utf-8
cache-control: no-cache

19:04:28.524 [AsyncHttpClient-1-2] DEBUG org.asynchttpclient.netty.channel.ChannelManager - Adding key: http://localhost:7996 for channel [id: 0x5bb68fbe, L:/127.0.0.1:61445 - R:localhost/127.0.0.1:7996]
19:04:28.527 [main] DEBUG net.serenitybdd.core.photography.Darkroom - Send negative for processing for target\site\serenity\68663cdfdfe8d213c3ea0bfde49806113bf16d19445f8adf4d3949104da1f7be.png
19:04:28.527 [Darkroom Processing Line] DEBUG net.serenitybdd.core.photography.DarkroomProcessingLine - Processing screenshot image in /var/screenshots/screenshot-1272400938437324088
19:04:28.527 [main] DEBUG net.thucydides.core.steps.StepInterceptor - STEP DONE: clickRegisterLink
19:04:28.527 [Darkroom Processing Line] DEBUG net.serenitybdd.core.photography.DarkroomProcessingLine - Saving screenshot to target\site\serenity\68663cdfdfe8d213c3ea0bfde49806113bf16d19445f8adf4d3949104da1f7be.png
  &amp#27;[32mWhen &amp#27;[0m&amp#27;[32mI go to the alta-shop register page&amp#27;[0m  &amp#27;[90m# starter.stepdefinitions.RegisterSteps.clickLoginButton()&amp#27;[0m
19:04:28.536 [Forwarding getPageSource on session b87234453080d97d371b7a992190bcfb to remote] DEBUG org.asynchttpclient.netty.request.NettyRequestSender - Using pooled Channel '[id: 0x5bb68fbe, L:/127.0.0.1:61445 - R:localhost/127.0.0.1:7996]' for 'POST' to 'http://localhost:7996/session/b87234453080d97d371b7a992190bcfb/execute/sync'
19:04:28.536 [Forwarding getPageSource on session b87234453080d97d371b7a992190bcfb to remote] DEBUG org.asynchttpclient.netty.request.NettyRequestSender - Using open Channel [id: 0x5bb68fbe, L:/127.0.0.1:61445 - R:localhost/127.0.0.1:7996] for POST '/session/b87234453080d97d371b7a992190bcfb/execute/sync'
19:04:28.541 [AsyncHttpClient-1-2] DEBUG org.asynchttpclient.netty.handler.HttpHandler - 

Request DefaultHttpRequest(decodeResult: success, version: HTTP/1.1)
POST /session/b87234453080d97d371b7a992190bcfb/execute/sync HTTP/1.1
User-Agent: selenium/4.8.1 (java windows)
Content-Length: 176
Content-Type: application/json; charset=utf-8
host: localhost:7996
accept: */*

Response DefaultHttpResponse(decodeResult: success, version: HTTP/1.1)
HTTP/1.1 200 OK
Content-Length: 22314
Content-Type: application/json; charset=utf-8
cache-control: no-cache

19:04:28.542 [AsyncHttpClient-1-2] DEBUG org.asynchttpclient.netty.channel.ChannelManager - Adding key: http://localhost:7996 for channel [id: 0x5bb68fbe, L:/127.0.0.1:61445 - R:localhost/127.0.0.1:7996]
19:04:28.553 [Forwarding getCurrentUrl on session b87234453080d97d371b7a992190bcfb to remote] DEBUG org.asynchttpclient.netty.request.NettyRequestSender - Using pooled Channel '[id: 0x5bb68fbe, L:/127.0.0.1:61445 - R:localhost/127.0.0.1:7996]' for 'GET' to 'http://localhost:7996/session/b87234453080d97d371b7a992190bcfb/url'
19:04:28.553 [Forwarding getCurrentUrl on session b87234453080d97d371b7a992190bcfb to remote] DEBUG org.asynchttpclient.netty.request.NettyRequestSender - Using open Channel [id: 0x5bb68fbe, L:/127.0.0.1:61445 - R:localhost/127.0.0.1:7996] for GET '/session/b87234453080d97d371b7a992190bcfb/url'
19:04:28.555 [AsyncHttpClient-1-2] DEBUG org.asynchttpclient.netty.handler.HttpHandler - 

Request DefaultFullHttpRequest(decodeResult: success, version: HTTP/1.1, content: EmptyByteBufBE)
GET /session/b87234453080d97d371b7a992190bcfb/url HTTP/1.1
User-Agent: selenium/4.8.1 (java windows)
Cache-Control: no-cache
Content-Type: application/json; charset=utf-8
host: localhost:7996
accept: */*

Response DefaultHttpResponse(decodeResult: success, version: HTTP/1.1)
HTTP/1.1 200 OK
Content-Length: 54
Content-Type: application/json; charset=utf-8
cache-control: no-cache

19:04:28.556 [AsyncHttpClient-1-2] DEBUG org.asynchttpclient.netty.channel.ChannelManager - Adding key: http://localhost:7996 for channel [id: 0x5bb68fbe, L:/127.0.0.1:61445 - R:localhost/127.0.0.1:7996]
19:04:28.567 [Forwarding getPageSource on session b87234453080d97d371b7a992190bcfb to remote] DEBUG org.asynchttpclient.netty.request.NettyRequestSender - Using pooled Channel '[id: 0x5bb68fbe, L:/127.0.0.1:61445 - R:localhost/127.0.0.1:7996]' for 'POST' to 'http://localhost:7996/session/b87234453080d97d371b7a992190bcfb/execute/sync'
19:04:28.567 [Forwarding getPageSource on session b87234453080d97d371b7a992190bcfb to remote] DEBUG org.asynchttpclient.netty.request.NettyRequestSender - Using open Channel [id: 0x5bb68fbe, L:/127.0.0.1:61445 - R:localhost/127.0.0.1:7996] for POST '/session/b87234453080d97d371b7a992190bcfb/execute/sync'
19:04:28.572 [AsyncHttpClient-1-2] DEBUG org.asynchttpclient.netty.handler.HttpHandler - 

Request DefaultHttpRequest(decodeResult: success, version: HTTP/1.1)
POST /session/b87234453080d97d371b7a992190bcfb/execute/sync HTTP/1.1
User-Agent: selenium/4.8.1 (java windows)
Content-Length: 176
Content-Type: application/json; charset=utf-8
host: localhost:7996
accept: */*

Response DefaultHttpResponse(decodeResult: success, version: HTTP/1.1)
HTTP/1.1 200 OK
Content-Length: 22314
Content-Type: application/json; charset=utf-8
cache-control: no-cache

19:04:28.572 [AsyncHttpClient-1-2] DEBUG org.asynchttpclient.netty.channel.ChannelManager - Adding key: http://localhost:7996 for channel [id: 0x5bb68fbe, L:/127.0.0.1:61445 - R:localhost/127.0.0.1:7996]
19:04:28.577 [Forwarding getCurrentUrl on session b87234453080d97d371b7a992190bcfb to remote] DEBUG org.asynchttpclient.netty.request.NettyRequestSender - Using pooled Channel '[id: 0x5bb68fbe, L:/127.0.0.1:61445 - R:localhost/127.0.0.1:7996]' for 'GET' to 'http://localhost:7996/session/b87234453080d97d371b7a992190bcfb/url'
19:04:28.577 [Forwarding getCurrentUrl on session b87234453080d97d371b7a992190bcfb to remote] DEBUG org.asynchttpclient.netty.request.NettyRequestSender - Using open Channel [id: 0x5bb68fbe, L:/127.0.0.1:61445 - R:localhost/127.0.0.1:7996] for GET '/session/b87234453080d97d371b7a992190bcfb/url'
19:04:28.581 [AsyncHttpClient-1-2] DEBUG org.asynchttpclient.netty.handler.HttpHandler - 

Request DefaultFullHttpRequest(decodeResult: success, version: HTTP/1.1, content: EmptyByteBufBE)
GET /session/b87234453080d97d371b7a992190bcfb/url HTTP/1.1
User-Agent: selenium/4.8.1 (java windows)
Cache-Control: no-cache
Content-Type: application/json; charset=utf-8
host: localhost:7996
accept: */*

Response DefaultHttpResponse(decodeResult: success, version: HTTP/1.1)
HTTP/1.1 200 OK
Content-Length: 54
Content-Type: application/json; charset=utf-8
cache-control: no-cache

19:04:28.581 [AsyncHttpClient-1-2] DEBUG org.asynchttpclient.netty.channel.ChannelManager - Adding key: http://localhost:7996 for channel [id: 0x5bb68fbe, L:/127.0.0.1:61445 - R:localhost/127.0.0.1:7996]
19:04:28.585 [main] DEBUG net.thucydides.core.steps.StepInterceptor - STARTING STEP: RegisterSteps.inputFullnameReg - inputFullnameReg
19:04:28.588 [Forwarding findElement on session b87234453080d97d371b7a992190bcfb to remote] DEBUG org.asynchttpclient.netty.request.NettyRequestSender - Using pooled Channel '[id: 0x5bb68fbe, L:/127.0.0.1:61445 - R:localhost/127.0.0.1:7996]' for 'POST' to 'http://localhost:7996/session/b87234453080d97d371b7a992190bcfb/element'
19:04:28.588 [Forwarding findElement on session b87234453080d97d371b7a992190bcfb to remote] DEBUG org.asynchttpclient.netty.request.NettyRequestSender - Using open Channel [id: 0x5bb68fbe, L:/127.0.0.1:61445 - R:localhost/127.0.0.1:7996] for POST '/session/b87234453080d97d371b7a992190bcfb/element'
19:04:28.596 [AsyncHttpClient-1-2] DEBUG org.asynchttpclient.netty.handler.HttpHandler - 

Request DefaultHttpRequest(decodeResult: success, version: HTTP/1.1)
POST /session/b87234453080d97d371b7a992190bcfb/element HTTP/1.1
User-Agent: selenium/4.8.1 (java windows)
Content-Length: 55
Content-Type: application/json; charset=utf-8
host: localhost:7996
accept: */*

Response DefaultHttpResponse(decodeResult: success, version: HTTP/1.1)
HTTP/1.1 200 OK
Content-Length: 88
Content-Type: application/json; charset=utf-8
cache-control: no-cache

19:04:28.597 [AsyncHttpClient-1-2] DEBUG org.asynchttpclient.netty.channel.ChannelManager - Adding key: http://localhost:7996 for channel [id: 0x5bb68fbe, L:/127.0.0.1:61445 - R:localhost/127.0.0.1:7996]
19:04:28.598 [Forwarding clearElement on session b87234453080d97d371b7a992190bcfb to remote] DEBUG org.asynchttpclient.netty.request.NettyRequestSender - Using pooled Channel '[id: 0x5bb68fbe, L:/127.0.0.1:61445 - R:localhost/127.0.0.1:7996]' for 'POST' to 'http://localhost:7996/session/b87234453080d97d371b7a992190bcfb/element/b977e38b-946f-4029-b2c9-7535e7cb11b6/clear'
19:04:28.599 [Forwarding clearElement on session b87234453080d97d371b7a992190bcfb to remote] DEBUG org.asynchttpclient.netty.request.NettyRequestSender - Using open Channel [id: 0x5bb68fbe, L:/127.0.0.1:61445 - R:localhost/127.0.0.1:7996] for POST '/session/b87234453080d97d371b7a992190bcfb/element/b977e38b-946f-4029-b2c9-7535e7cb11b6/clear'
19:04:28.622 [AsyncHttpClient-1-2] DEBUG org.asynchttpclient.netty.handler.HttpHandler - 

Request DefaultHttpRequest(decodeResult: success, version: HTTP/1.1)
POST /session/b87234453080d97d371b7a992190bcfb/element/b977e38b-946f-4029-b2c9-7535e7cb11b6/clear HTTP/1.1
User-Agent: selenium/4.8.1 (java windows)
Content-Length: 50
Content-Type: application/json; charset=utf-8
host: localhost:7996
accept: */*

Response DefaultHttpResponse(decodeResult: success, version: HTTP/1.1)
HTTP/1.1 200 OK
Content-Length: 14
Content-Type: application/json; charset=utf-8
cache-control: no-cache

19:04:28.623 [AsyncHttpClient-1-2] DEBUG org.asynchttpclient.netty.channel.ChannelManager - Adding key: http://localhost:7996 for channel [id: 0x5bb68fbe, L:/127.0.0.1:61445 - R:localhost/127.0.0.1:7996]
19:04:28.631 [Forwarding sendKeysToElement on session b87234453080d97d371b7a992190bcfb to remote] DEBUG org.asynchttpclient.netty.request.NettyRequestSender - Using pooled Channel '[id: 0x5bb68fbe, L:/127.0.0.1:61445 - R:localhost/127.0.0.1:7996]' for 'POST' to 'http://localhost:7996/session/b87234453080d97d371b7a992190bcfb/element/b977e38b-946f-4029-b2c9-7535e7cb11b6/value'
19:04:28.631 [Forwarding sendKeysToElement on session b87234453080d97d371b7a992190bcfb to remote] DEBUG org.asynchttpclient.netty.request.NettyRequestSender - Using open Channel [id: 0x5bb68fbe, L:/127.0.0.1:61445 - R:localhost/127.0.0.1:7996] for POST '/session/b87234453080d97d371b7a992190bcfb/element/b977e38b-946f-4029-b2c9-7535e7cb11b6/value'
19:04:28.742 [AsyncHttpClient-1-2] DEBUG org.asynchttpclient.netty.handler.HttpHandler - 

Request DefaultHttpRequest(decodeResult: success, version: HTTP/1.1)
POST /session/b87234453080d97d371b7a992190bcfb/element/b977e38b-946f-4029-b2c9-7535e7cb11b6/value HTTP/1.1
User-Agent: selenium/4.8.1 (java windows)
Content-Length: 281
Content-Type: application/json; charset=utf-8
host: localhost:7996
accept: */*

Response DefaultHttpResponse(decodeResult: success, version: HTTP/1.1)
HTTP/1.1 200 OK
Content-Length: 14
Content-Type: application/json; charset=utf-8
cache-control: no-cache

19:04:28.742 [AsyncHttpClient-1-2] DEBUG org.asynchttpclient.netty.channel.ChannelManager - Adding key: http://localhost:7996 for channel [id: 0x5bb68fbe, L:/127.0.0.1:61445 - R:localhost/127.0.0.1:7996]
19:04:28.749 [Forwarding getAlertText on session b87234453080d97d371b7a992190bcfb to remote] DEBUG org.asynchttpclient.netty.request.NettyRequestSender - Using pooled Channel '[id: 0x5bb68fbe, L:/127.0.0.1:61445 - R:localhost/127.0.0.1:7996]' for 'GET' to 'http://localhost:7996/session/b87234453080d97d371b7a992190bcfb/alert/text'
19:04:28.749 [Forwarding getAlertText on session b87234453080d97d371b7a992190bcfb to remote] DEBUG org.asynchttpclient.netty.request.NettyRequestSender - Using open Channel [id: 0x5bb68fbe, L:/127.0.0.1:61445 - R:localhost/127.0.0.1:7996] for GET '/session/b87234453080d97d371b7a992190bcfb/alert/text'
19:04:28.751 [AsyncHttpClient-1-2] DEBUG org.asynchttpclient.netty.handler.HttpHandler - 

Request DefaultFullHttpRequest(decodeResult: success, version: HTTP/1.1, content: EmptyByteBufBE)
GET /session/b87234453080d97d371b7a992190bcfb/alert/text HTTP/1.1
User-Agent: selenium/4.8.1 (java windows)
Cache-Control: no-cache
Content-Type: application/json; charset=utf-8
host: localhost:7996
accept: */*

Response DefaultHttpResponse(decodeResult: success, version: HTTP/1.1)
HTTP/1.1 404 Not Found
Content-Length: 836
Content-Type: application/json; charset=utf-8
cache-control: no-cache

19:04:28.751 [AsyncHttpClient-1-2] DEBUG org.asynchttpclient.netty.channel.ChannelManager - Adding key: http://localhost:7996 for channel [id: 0x5bb68fbe, L:/127.0.0.1:61445 - R:localhost/127.0.0.1:7996]
19:04:28.753 [Forwarding getCurrentUrl on session b87234453080d97d371b7a992190bcfb to remote] DEBUG org.asynchttpclient.netty.request.NettyRequestSender - Using pooled Channel '[id: 0x5bb68fbe, L:/127.0.0.1:61445 - R:localhost/127.0.0.1:7996]' for 'GET' to 'http://localhost:7996/session/b87234453080d97d371b7a992190bcfb/url'
19:04:28.753 [Forwarding getCurrentUrl on session b87234453080d97d371b7a992190bcfb to remote] DEBUG org.asynchttpclient.netty.request.NettyRequestSender - Using open Channel [id: 0x5bb68fbe, L:/127.0.0.1:61445 - R:localhost/127.0.0.1:7996] for GET '/session/b87234453080d97d371b7a992190bcfb/url'
19:04:28.755 [AsyncHttpClient-1-2] DEBUG org.asynchttpclient.netty.handler.HttpHandler - 

Request DefaultFullHttpRequest(decodeResult: success, version: HTTP/1.1, content: EmptyByteBufBE)
GET /session/b87234453080d97d371b7a992190bcfb/url HTTP/1.1
User-Agent: selenium/4.8.1 (java windows)
Cache-Control: no-cache
Content-Type: application/json; charset=utf-8
host: localhost:7996
accept: */*

Response DefaultHttpResponse(decodeResult: success, version: HTTP/1.1)
HTTP/1.1 200 OK
Content-Length: 54
Content-Type: application/json; charset=utf-8
cache-control: no-cache

19:04:28.756 [AsyncHttpClient-1-2] DEBUG org.asynchttpclient.netty.channel.ChannelManager - Adding key: http://localhost:7996 for channel [id: 0x5bb68fbe, L:/127.0.0.1:61445 - R:localhost/127.0.0.1:7996]
19:04:28.757 [Forwarding screenshot on session b87234453080d97d371b7a992190bcfb to remote] DEBUG org.asynchttpclient.netty.request.NettyRequestSender - Using pooled Channel '[id: 0x5bb68fbe, L:/127.0.0.1:61445 - R:localhost/127.0.0.1:7996]' for 'GET' to 'http://localhost:7996/session/b87234453080d97d371b7a992190bcfb/screenshot'
19:04:28.758 [Forwarding screenshot on session b87234453080d97d371b7a992190bcfb to remote] DEBUG org.asynchttpclient.netty.request.NettyRequestSender - Using open Channel [id: 0x5bb68fbe, L:/127.0.0.1:61445 - R:localhost/127.0.0.1:7996] for GET '/session/b87234453080d97d371b7a992190bcfb/screenshot'
19:04:28.884 [AsyncHttpClient-1-2] DEBUG org.asynchttpclient.netty.handler.HttpHandler - 

Request DefaultFullHttpRequest(decodeResult: success, version: HTTP/1.1, content: EmptyByteBufBE)
GET /session/b87234453080d97d371b7a992190bcfb/screenshot HTTP/1.1
User-Agent: selenium/4.8.1 (java windows)
Cache-Control: no-cache
Content-Type: application/json; charset=utf-8
host: localhost:7996
accept: */*

Response DefaultHttpResponse(decodeResult: success, version: HTTP/1.1)
HTTP/1.1 200 OK
Content-Length: 34144
Content-Type: application/json; charset=utf-8
cache-control: no-cache

19:04:28.885 [AsyncHttpClient-1-2] DEBUG org.asynchttpclient.netty.channel.ChannelManager - Adding key: http://localhost:7996 for channel [id: 0x5bb68fbe, L:/127.0.0.1:61445 - R:localhost/127.0.0.1:7996]
19:04:28.888 [main] DEBUG net.serenitybdd.core.photography.Darkroom - Send negative for processing for target\site\serenity\d2cf1599b7f3d446d25cf170d0925a4631a504649304eec51a4f88ed888e369f.png
19:04:28.888 [main] DEBUG net.thucydides.core.steps.StepInterceptor - STEP DONE: inputFullnameReg
19:04:28.888 [Darkroom Processing Line] DEBUG net.serenitybdd.core.photography.DarkroomProcessingLine - Processing screenshot image in /var/screenshots/screenshot-6761287562302116208
19:04:28.888 [Darkroom Processing Line] DEBUG net.serenitybdd.core.photography.DarkroomProcessingLine - Saving screenshot to target\site\serenity\d2cf1599b7f3d446d25cf170d0925a4631a504649304eec51a4f88ed888e369f.png
  &amp#27;[32mAnd &amp#27;[0m&amp#27;[32mI input correct fullname for register&amp#27;[0m &amp#27;[90m# starter.stepdefinitions.RegisterSteps.inputFullnameReg()&amp#27;[0m
19:04:28.898 [Forwarding getPageSource on session b87234453080d97d371b7a992190bcfb to remote] DEBUG org.asynchttpclient.netty.request.NettyRequestSender - Using pooled Channel '[id: 0x5bb68fbe, L:/127.0.0.1:61445 - R:localhost/127.0.0.1:7996]' for 'POST' to 'http://localhost:7996/session/b87234453080d97d371b7a992190bcfb/execute/sync'
19:04:28.898 [Forwarding getPageSource on session b87234453080d97d371b7a992190bcfb to remote] DEBUG org.asynchttpclient.netty.request.NettyRequestSender - Using open Channel [id: 0x5bb68fbe, L:/127.0.0.1:61445 - R:localhost/127.0.0.1:7996] for POST '/session/b87234453080d97d371b7a992190bcfb/execute/sync'
19:04:28.903 [AsyncHttpClient-1-2] DEBUG org.asynchttpclient.netty.handler.HttpHandler - 

Request DefaultHttpRequest(decodeResult: success, version: HTTP/1.1)
POST /session/b87234453080d97d371b7a992190bcfb/execute/sync HTTP/1.1
User-Agent: selenium/4.8.1 (java windows)
Content-Length: 176
Content-Type: application/json; charset=utf-8
host: localhost:7996
accept: */*

Response DefaultHttpResponse(decodeResult: success, version: HTTP/1.1)
HTTP/1.1 200 OK
Content-Length: 22435
Content-Type: application/json; charset=utf-8
cache-control: no-cache

19:04:28.903 [AsyncHttpClient-1-2] DEBUG org.asynchttpclient.netty.channel.ChannelManager - Adding key: http://localhost:7996 for channel [id: 0x5bb68fbe, L:/127.0.0.1:61445 - R:localhost/127.0.0.1:7996]
19:04:28.907 [Forwarding getCurrentUrl on session b87234453080d97d371b7a992190bcfb to remote] DEBUG org.asynchttpclient.netty.request.NettyRequestSender - Using pooled Channel '[id: 0x5bb68fbe, L:/127.0.0.1:61445 - R:localhost/127.0.0.1:7996]' for 'GET' to 'http://localhost:7996/session/b87234453080d97d371b7a992190bcfb/url'
19:04:28.907 [Forwarding getCurrentUrl on session b87234453080d97d371b7a992190bcfb to remote] DEBUG org.asynchttpclient.netty.request.NettyRequestSender - Using open Channel [id: 0x5bb68fbe, L:/127.0.0.1:61445 - R:localhost/127.0.0.1:7996] for GET '/session/b87234453080d97d371b7a992190bcfb/url'
19:04:28.910 [AsyncHttpClient-1-2] DEBUG org.asynchttpclient.netty.handler.HttpHandler - 

Request DefaultFullHttpRequest(decodeResult: success, version: HTTP/1.1, content: EmptyByteBufBE)
GET /session/b87234453080d97d371b7a992190bcfb/url HTTP/1.1
User-Agent: selenium/4.8.1 (java windows)
Cache-Control: no-cache
Content-Type: application/json; charset=utf-8
host: localhost:7996
accept: */*

Response DefaultHttpResponse(decodeResult: success, version: HTTP/1.1)
HTTP/1.1 200 OK
Content-Length: 54
Content-Type: application/json; charset=utf-8
cache-control: no-cache

19:04:28.911 [AsyncHttpClient-1-2] DEBUG org.asynchttpclient.netty.channel.ChannelManager - Adding key: http://localhost:7996 for channel [id: 0x5bb68fbe, L:/127.0.0.1:61445 - R:localhost/127.0.0.1:7996]
19:04:28.922 [Forwarding getPageSource on session b87234453080d97d371b7a992190bcfb to remote] DEBUG org.asynchttpclient.netty.request.NettyRequestSender - Using pooled Channel '[id: 0x5bb68fbe, L:/127.0.0.1:61445 - R:localhost/127.0.0.1:7996]' for 'POST' to 'http://localhost:7996/session/b87234453080d97d371b7a992190bcfb/execute/sync'
19:04:28.922 [Forwarding getPageSource on session b87234453080d97d371b7a992190bcfb to remote] DEBUG org.asynchttpclient.netty.request.NettyRequestSender - Using open Channel [id: 0x5bb68fbe, L:/127.0.0.1:61445 - R:localhost/127.0.0.1:7996] for POST '/session/b87234453080d97d371b7a992190bcfb/execute/sync'
19:04:28.927 [AsyncHttpClient-1-2] DEBUG org.asynchttpclient.netty.handler.HttpHandler - 

Request DefaultHttpRequest(decodeResult: success, version: HTTP/1.1)
POST /session/b87234453080d97d371b7a992190bcfb/execute/sync HTTP/1.1
User-Agent: selenium/4.8.1 (java windows)
Content-Length: 176
Content-Type: application/json; charset=utf-8
host: localhost:7996
accept: */*

Response DefaultHttpResponse(decodeResult: success, version: HTTP/1.1)
HTTP/1.1 200 OK
Content-Length: 22435
Content-Type: application/json; charset=utf-8
cache-control: no-cache

19:04:28.927 [AsyncHttpClient-1-2] DEBUG org.asynchttpclient.netty.channel.ChannelManager - Adding key: http://localhost:7996 for channel [id: 0x5bb68fbe, L:/127.0.0.1:61445 - R:localhost/127.0.0.1:7996]
19:04:28.930 [Forwarding getCurrentUrl on session b87234453080d97d371b7a992190bcfb to remote] DEBUG org.asynchttpclient.netty.request.NettyRequestSender - Using pooled Channel '[id: 0x5bb68fbe, L:/127.0.0.1:61445 - R:localhost/127.0.0.1:7996]' for 'GET' to 'http://localhost:7996/session/b87234453080d97d371b7a992190bcfb/url'
19:04:28.930 [Forwarding getCurrentUrl on session b87234453080d97d371b7a992190bcfb to remote] DEBUG org.asynchttpclient.netty.request.NettyRequestSender - Using open Channel [id: 0x5bb68fbe, L:/127.0.0.1:61445 - R:localhost/127.0.0.1:7996] for GET '/session/b87234453080d97d371b7a992190bcfb/url'
19:04:28.935 [AsyncHttpClient-1-2] DEBUG org.asynchttpclient.netty.handler.HttpHandler - 

Request DefaultFullHttpRequest(decodeResult: success, version: HTTP/1.1, content: EmptyByteBufBE)
GET /session/b87234453080d97d371b7a992190bcfb/url HTTP/1.1
User-Agent: selenium/4.8.1 (java windows)
Cache-Control: no-cache
Content-Type: application/json; charset=utf-8
host: localhost:7996
accept: */*

Response DefaultHttpResponse(decodeResult: success, version: HTTP/1.1)
HTTP/1.1 200 OK
Content-Length: 54
Content-Type: application/json; charset=utf-8
cache-control: no-cache

19:04:28.935 [AsyncHttpClient-1-2] DEBUG org.asynchttpclient.netty.channel.ChannelManager - Adding key: http://localhost:7996 for channel [id: 0x5bb68fbe, L:/127.0.0.1:61445 - R:localhost/127.0.0.1:7996]
19:04:28.942 [main] DEBUG net.thucydides.core.steps.StepInterceptor - STARTING STEP: RegisterSteps.inputEmailReg - inputEmailReg
19:04:28.953 [Forwarding findElement on session b87234453080d97d371b7a992190bcfb to remote] DEBUG org.asynchttpclient.netty.request.NettyRequestSender - Using pooled Channel '[id: 0x5bb68fbe, L:/127.0.0.1:61445 - R:localhost/127.0.0.1:7996]' for 'POST' to 'http://localhost:7996/session/b87234453080d97d371b7a992190bcfb/element'
19:04:28.953 [Forwarding findElement on session b87234453080d97d371b7a992190bcfb to remote] DEBUG org.asynchttpclient.netty.request.NettyRequestSender - Using open Channel [id: 0x5bb68fbe, L:/127.0.0.1:61445 - R:localhost/127.0.0.1:7996] for POST '/session/b87234453080d97d371b7a992190bcfb/element'
19:04:28.969 [AsyncHttpClient-1-2] DEBUG org.asynchttpclient.netty.handler.HttpHandler - 

Request DefaultHttpRequest(decodeResult: success, version: HTTP/1.1)
POST /session/b87234453080d97d371b7a992190bcfb/element HTTP/1.1
User-Agent: selenium/4.8.1 (java windows)
Content-Length: 55
Content-Type: application/json; charset=utf-8
host: localhost:7996
accept: */*

Response DefaultHttpResponse(decodeResult: success, version: HTTP/1.1)
HTTP/1.1 200 OK
Content-Length: 88
Content-Type: application/json; charset=utf-8
cache-control: no-cache

19:04:28.970 [AsyncHttpClient-1-2] DEBUG org.asynchttpclient.netty.channel.ChannelManager - Adding key: http://localhost:7996 for channel [id: 0x5bb68fbe, L:/127.0.0.1:61445 - R:localhost/127.0.0.1:7996]
19:04:28.973 [Forwarding clearElement on session b87234453080d97d371b7a992190bcfb to remote] DEBUG org.asynchttpclient.netty.request.NettyRequestSender - Using pooled Channel '[id: 0x5bb68fbe, L:/127.0.0.1:61445 - R:localhost/127.0.0.1:7996]' for 'POST' to 'http://localhost:7996/session/b87234453080d97d371b7a992190bcfb/element/47d4e57c-8b2f-4dda-a746-8422d011eb5d/clear'
19:04:28.974 [Forwarding clearElement on session b87234453080d97d371b7a992190bcfb to remote] DEBUG org.asynchttpclient.netty.request.NettyRequestSender - Using open Channel [id: 0x5bb68fbe, L:/127.0.0.1:61445 - R:localhost/127.0.0.1:7996] for POST '/session/b87234453080d97d371b7a992190bcfb/element/47d4e57c-8b2f-4dda-a746-8422d011eb5d/clear'
19:04:29.117 [AsyncHttpClient-1-2] DEBUG org.asynchttpclient.netty.handler.HttpHandler - 

Request DefaultHttpRequest(decodeResult: success, version: HTTP/1.1)
POST /session/b87234453080d97d371b7a992190bcfb/element/47d4e57c-8b2f-4dda-a746-8422d011eb5d/clear HTTP/1.1
User-Agent: selenium/4.8.1 (java windows)
Content-Length: 50
Content-Type: application/json; charset=utf-8
host: localhost:7996
accept: */*

Response DefaultHttpResponse(decodeResult: success, version: HTTP/1.1)
HTTP/1.1 200 OK
Content-Length: 14
Content-Type: application/json; charset=utf-8
cache-control: no-cache

19:04:29.117 [AsyncHttpClient-1-2] DEBUG org.asynchttpclient.netty.channel.ChannelManager - Adding key: http://localhost:7996 for channel [id: 0x5bb68fbe, L:/127.0.0.1:61445 - R:localhost/127.0.0.1:7996]
19:04:29.123 [Forwarding sendKeysToElement on session b87234453080d97d371b7a992190bcfb to remote] DEBUG org.asynchttpclient.netty.request.NettyRequestSender - Using pooled Channel '[id: 0x5bb68fbe, L:/127.0.0.1:61445 - R:localhost/127.0.0.1:7996]' for 'POST' to 'http://localhost:7996/session/b87234453080d97d371b7a992190bcfb/element/47d4e57c-8b2f-4dda-a746-8422d011eb5d/value'
19:04:29.123 [Forwarding sendKeysToElement on session b87234453080d97d371b7a992190bcfb to remote] DEBUG org.asynchttpclient.netty.request.NettyRequestSender - Using open Channel [id: 0x5bb68fbe, L:/127.0.0.1:61445 - R:localhost/127.0.0.1:7996] for POST '/session/b87234453080d97d371b7a992190bcfb/element/47d4e57c-8b2f-4dda-a746-8422d011eb5d/value'
19:04:29.210 [AsyncHttpClient-1-2] DEBUG org.asynchttpclient.netty.handler.HttpHandler - 

Request DefaultHttpRequest(decodeResult: success, version: HTTP/1.1)
POST /session/b87234453080d97d371b7a992190bcfb/element/47d4e57c-8b2f-4dda-a746-8422d011eb5d/value HTTP/1.1
User-Agent: selenium/4.8.1 (java windows)
Content-Length: 181
Content-Type: application/json; charset=utf-8
host: localhost:7996
accept: */*

Response DefaultHttpResponse(decodeResult: success, version: HTTP/1.1)
HTTP/1.1 200 OK
Content-Length: 14
Content-Type: application/json; charset=utf-8
cache-control: no-cache

19:04:29.210 [AsyncHttpClient-1-2] DEBUG org.asynchttpclient.netty.channel.ChannelManager - Adding key: http://localhost:7996 for channel [id: 0x5bb68fbe, L:/127.0.0.1:61445 - R:localhost/127.0.0.1:7996]
19:04:29.218 [Forwarding getAlertText on session b87234453080d97d371b7a992190bcfb to remote] DEBUG org.asynchttpclient.netty.request.NettyRequestSender - Using pooled Channel '[id: 0x5bb68fbe, L:/127.0.0.1:61445 - R:localhost/127.0.0.1:7996]' for 'GET' to 'http://localhost:7996/session/b87234453080d97d371b7a992190bcfb/alert/text'
19:04:29.218 [Forwarding getAlertText on session b87234453080d97d371b7a992190bcfb to remote] DEBUG org.asynchttpclient.netty.request.NettyRequestSender - Using open Channel [id: 0x5bb68fbe, L:/127.0.0.1:61445 - R:localhost/127.0.0.1:7996] for GET '/session/b87234453080d97d371b7a992190bcfb/alert/text'
19:04:29.220 [AsyncHttpClient-1-2] DEBUG org.asynchttpclient.netty.handler.HttpHandler - 

Request DefaultFullHttpRequest(decodeResult: success, version: HTTP/1.1, content: EmptyByteBufBE)
GET /session/b87234453080d97d371b7a992190bcfb/alert/text HTTP/1.1
User-Agent: selenium/4.8.1 (java windows)
Cache-Control: no-cache
Content-Type: application/json; charset=utf-8
host: localhost:7996
accept: */*

Response DefaultHttpResponse(decodeResult: success, version: HTTP/1.1)
HTTP/1.1 404 Not Found
Content-Length: 836
Content-Type: application/json; charset=utf-8
cache-control: no-cache

19:04:29.221 [AsyncHttpClient-1-2] DEBUG org.asynchttpclient.netty.channel.ChannelManager - Adding key: http://localhost:7996 for channel [id: 0x5bb68fbe, L:/127.0.0.1:61445 - R:localhost/127.0.0.1:7996]
19:04:29.222 [Forwarding getCurrentUrl on session b87234453080d97d371b7a992190bcfb to remote] DEBUG org.asynchttpclient.netty.request.NettyRequestSender - Using pooled Channel '[id: 0x5bb68fbe, L:/127.0.0.1:61445 - R:localhost/127.0.0.1:7996]' for 'GET' to 'http://localhost:7996/session/b87234453080d97d371b7a992190bcfb/url'
19:04:29.222 [Forwarding getCurrentUrl on session b87234453080d97d371b7a992190bcfb to remote] DEBUG org.asynchttpclient.netty.request.NettyRequestSender - Using open Channel [id: 0x5bb68fbe, L:/127.0.0.1:61445 - R:localhost/127.0.0.1:7996] for GET '/session/b87234453080d97d371b7a992190bcfb/url'
19:04:29.227 [AsyncHttpClient-1-2] DEBUG org.asynchttpclient.netty.handler.HttpHandler - 

Request DefaultFullHttpRequest(decodeResult: success, version: HTTP/1.1, content: EmptyByteBufBE)
GET /session/b87234453080d97d371b7a992190bcfb/url HTTP/1.1
User-Agent: selenium/4.8.1 (java windows)
Cache-Control: no-cache
Content-Type: application/json; charset=utf-8
host: localhost:7996
accept: */*

Response DefaultHttpResponse(decodeResult: success, version: HTTP/1.1)
HTTP/1.1 200 OK
Content-Length: 54
Content-Type: application/json; charset=utf-8
cache-control: no-cache

19:04:29.227 [AsyncHttpClient-1-2] DEBUG org.asynchttpclient.netty.channel.ChannelManager - Adding key: http://localhost:7996 for channel [id: 0x5bb68fbe, L:/127.0.0.1:61445 - R:localhost/127.0.0.1:7996]
19:04:29.228 [Forwarding screenshot on session b87234453080d97d371b7a992190bcfb to remote] DEBUG org.asynchttpclient.netty.request.NettyRequestSender - Using pooled Channel '[id: 0x5bb68fbe, L:/127.0.0.1:61445 - R:localhost/127.0.0.1:7996]' for 'GET' to 'http://localhost:7996/session/b87234453080d97d371b7a992190bcfb/screenshot'
19:04:29.228 [Forwarding screenshot on session b87234453080d97d371b7a992190bcfb to remote] DEBUG org.asynchttpclient.netty.request.NettyRequestSender - Using open Channel [id: 0x5bb68fbe, L:/127.0.0.1:61445 - R:localhost/127.0.0.1:7996] for GET '/session/b87234453080d97d371b7a992190bcfb/screenshot'
19:04:29.352 [AsyncHttpClient-1-2] DEBUG org.asynchttpclient.netty.handler.HttpHandler - 

Request DefaultFullHttpRequest(decodeResult: success, version: HTTP/1.1, content: EmptyByteBufBE)
GET /session/b87234453080d97d371b7a992190bcfb/screenshot HTTP/1.1
User-Agent: selenium/4.8.1 (java windows)
Cache-Control: no-cache
Content-Type: application/json; charset=utf-8
host: localhost:7996
accept: */*

Response DefaultHttpResponse(decodeResult: success, version: HTTP/1.1)
HTTP/1.1 200 OK
Content-Length: 35824
Content-Type: application/json; charset=utf-8
cache-control: no-cache

19:04:29.352 [AsyncHttpClient-1-2] DEBUG org.asynchttpclient.netty.channel.ChannelManager - Adding key: http://localhost:7996 for channel [id: 0x5bb68fbe, L:/127.0.0.1:61445 - R:localhost/127.0.0.1:7996]
19:04:29.355 [main] DEBUG net.serenitybdd.core.photography.Darkroom - Send negative for processing for target\site\serenity\84be135da78ffdd168c0b91c6de717b77f409cbb3329f3485b1c23c462b737b9.png
19:04:29.355 [main] DEBUG net.thucydides.core.steps.StepInterceptor - STEP DONE: inputEmailReg
19:04:29.355 [Darkroom Processing Line] DEBUG net.serenitybdd.core.photography.DarkroomProcessingLine - Processing screenshot image in /var/screenshots/screenshot-1650295614296047217
[...]
19:05:31.830 [Forwarding getPageSource on session 3b2033e118c7440c5db37eb4459a6fad to remote] DEBUG org.asynchttpclient.netty.request.NettyRequestSender - Using open Channel [id: 0xb9de85bf, L:/127.0.0.1:61684 - R:localhost/127.0.0.1:5912] for POST '/session/3b2033e118c7440c5db37eb4459a6fad/execute/sync'
19:05:31.836 [AsyncHttpClient-1-14] DEBUG org.asynchttpclient.netty.handler.HttpHandler - 

Request DefaultHttpRequest(decodeResult: success, version: HTTP/1.1)
POST /session/3b2033e118c7440c5db37eb4459a6fad/execute/sync HTTP/1.1
User-Agent: selenium/4.8.1 (java windows)
Content-Length: 176
Content-Type: application/json; charset=utf-8
host: localhost:5912
accept: */*

Response DefaultHttpResponse(decodeResult: success, version: HTTP/1.1)
HTTP/1.1 200 OK
Content-Length: 22822
Content-Type: application/json; charset=utf-8
cache-control: no-cache

19:05:31.836 [AsyncHttpClient-1-14] DEBUG org.asynchttpclient.netty.channel.ChannelManager - Adding key: http://localhost:5912 for channel [id: 0xb9de85bf, L:/127.0.0.1:61684 - R:localhost/127.0.0.1:5912]
19:05:31.839 [Forwarding getCurrentUrl on session 3b2033e118c7440c5db37eb4459a6fad to remote] DEBUG org.asynchttpclient.netty.request.NettyRequestSender - Using pooled Channel '[id: 0xb9de85bf, L:/127.0.0.1:61684 - R:localhost/127.0.0.1:5912]' for 'GET' to 'http://localhost:5912/session/3b2033e118c7440c5db37eb4459a6fad/url'
19:05:31.839 [Forwarding getCurrentUrl on session 3b2033e118c7440c5db37eb4459a6fad to remote] DEBUG org.asynchttpclient.netty.request.NettyRequestSender - Using open Channel [id: 0xb9de85bf, L:/127.0.0.1:61684 - R:localhost/127.0.0.1:5912] for GET '/session/3b2033e118c7440c5db37eb4459a6fad/url'
19:05:31.845 [AsyncHttpClient-1-14] DEBUG org.asynchttpclient.netty.handler.HttpHandler - 

Request DefaultFullHttpRequest(decodeResult: success, version: HTTP/1.1, content: EmptyByteBufBE)
GET /session/3b2033e118c7440c5db37eb4459a6fad/url HTTP/1.1
User-Agent: selenium/4.8.1 (java windows)
Cache-Control: no-cache
Content-Type: application/json; charset=utf-8
host: localhost:5912
accept: */*

Response DefaultHttpResponse(decodeResult: success, version: HTTP/1.1)
HTTP/1.1 200 OK
Content-Length: 54
Content-Type: application/json; charset=utf-8
cache-control: no-cache

19:05:31.846 [AsyncHttpClient-1-14] DEBUG org.asynchttpclient.netty.channel.ChannelManager - Adding key: http://localhost:5912 for channel [id: 0xb9de85bf, L:/127.0.0.1:61684 - R:localhost/127.0.0.1:5912]
19:05:31.858 [Forwarding getPageSource on session 3b2033e118c7440c5db37eb4459a6fad to remote] DEBUG org.asynchttpclient.netty.request.NettyRequestSender - Using pooled Channel '[id: 0xb9de85bf, L:/127.0.0.1:61684 - R:localhost/127.0.0.1:5912]' for 'POST' to 'http://localhost:5912/session/3b2033e118c7440c5db37eb4459a6fad/execute/sync'
19:05:31.858 [Forwarding getPageSource on session 3b2033e118c7440c5db37eb4459a6fad to remote] DEBUG org.asynchttpclient.netty.request.NettyRequestSender - Using open Channel [id: 0xb9de85bf, L:/127.0.0.1:61684 - R:localhost/127.0.0.1:5912] for POST '/session/3b2033e118c7440c5db37eb4459a6fad/execute/sync'
19:05:31.879 [AsyncHttpClient-1-14] DEBUG org.asynchttpclient.netty.handler.HttpHandler - 

Request DefaultHttpRequest(decodeResult: success, version: HTTP/1.1)
POST /session/3b2033e118c7440c5db37eb4459a6fad/execute/sync HTTP/1.1
User-Agent: selenium/4.8.1 (java windows)
Content-Length: 176
Content-Type: application/json; charset=utf-8
host: localhost:5912
accept: */*

Response DefaultHttpResponse(decodeResult: success, version: HTTP/1.1)
HTTP/1.1 200 OK
Content-Length: 22822
Content-Type: application/json; charset=utf-8
cache-control: no-cache

19:05:31.879 [AsyncHttpClient-1-14] DEBUG org.asynchttpclient.netty.channel.ChannelManager - Adding key: http://localhost:5912 for channel [id: 0xb9de85bf, L:/127.0.0.1:61684 - R:localhost/127.0.0.1:5912]
19:05:31.884 [Forwarding getCurrentUrl on session 3b2033e118c7440c5db37eb4459a6fad to remote] DEBUG org.asynchttpclient.netty.request.NettyRequestSender - Using pooled Channel '[id: 0xb9de85bf, L:/127.0.0.1:61684 - R:localhost/127.0.0.1:5912]' for 'GET' to 'http://localhost:5912/session/3b2033e118c7440c5db37eb4459a6fad/url'
19:05:31.884 [Forwarding getCurrentUrl on session 3b2033e118c7440c5db37eb4459a6fad to remote] DEBUG org.asynchttpclient.netty.request.NettyRequestSender - Using open Channel [id: 0xb9de85bf, L:/127.0.0.1:61684 - R:localhost/127.0.0.1:5912] for GET '/session/3b2033e118c7440c5db37eb4459a6fad/url'
19:05:31.899 [AsyncHttpClient-1-14] DEBUG org.asynchttpclient.netty.handler.HttpHandler - 

Request DefaultFullHttpRequest(decodeResult: success, version: HTTP/1.1, content: EmptyByteBufBE)
GET /session/3b2033e118c7440c5db37eb4459a6fad/url HTTP/1.1
User-Agent: selenium/4.8.1 (java windows)
Cache-Control: no-cache
Content-Type: application/json; charset=utf-8
host: localhost:5912
accept: */*

Response DefaultHttpResponse(decodeResult: success, version: HTTP/1.1)
HTTP/1.1 200 OK
Content-Length: 54
Content-Type: application/json; charset=utf-8
cache-control: no-cache

19:05:31.899 [AsyncHttpClient-1-14] DEBUG org.asynchttpclient.netty.channel.ChannelManager - Adding key: http://localhost:5912 for channel [id: 0xb9de85bf, L:/127.0.0.1:61684 - R:localhost/127.0.0.1:5912]
19:05:31.905 [main] DEBUG net.thucydides.core.steps.StepInterceptor - STARTING STEP: LoginSteps.alertContent - incorrectAlert
19:05:31.911 [Forwarding findElement on session 3b2033e118c7440c5db37eb4459a6fad to remote] DEBUG org.asynchttpclient.netty.request.NettyRequestSender - Using pooled Channel '[id: 0xb9de85bf, L:/127.0.0.1:61684 - R:localhost/127.0.0.1:5912]' for 'POST' to 'http://localhost:5912/session/3b2033e118c7440c5db37eb4459a6fad/element'
19:05:31.911 [Forwarding findElement on session 3b2033e118c7440c5db37eb4459a6fad to remote] DEBUG org.asynchttpclient.netty.request.NettyRequestSender - Using open Channel [id: 0xb9de85bf, L:/127.0.0.1:61684 - R:localhost/127.0.0.1:5912] for POST '/session/3b2033e118c7440c5db37eb4459a6fad/element'
19:05:32.198 [AsyncHttpClient-1-14] DEBUG org.asynchttpclient.netty.handler.HttpHandler - 

Request DefaultHttpRequest(decodeResult: success, version: HTTP/1.1)
POST /session/3b2033e118c7440c5db37eb4459a6fad/element HTTP/1.1
User-Agent: selenium/4.8.1 (java windows)
Content-Length: 54
Content-Type: application/json; charset=utf-8
host: localhost:5912
accept: */*

Response DefaultHttpResponse(decodeResult: success, version: HTTP/1.1)
HTTP/1.1 200 OK
Content-Length: 88
Content-Type: application/json; charset=utf-8
cache-control: no-cache

19:05:32.198 [AsyncHttpClient-1-14] DEBUG org.asynchttpclient.netty.channel.ChannelManager - Adding key: http://localhost:5912 for channel [id: 0xb9de85bf, L:/127.0.0.1:61684 - R:localhost/127.0.0.1:5912]
19:05:32.203 [Forwarding isElementDisplayed on session 3b2033e118c7440c5db37eb4459a6fad to remote] DEBUG org.asynchttpclient.netty.request.NettyRequestSender - Using pooled Channel '[id: 0xb9de85bf, L:/127.0.0.1:61684 - R:localhost/127.0.0.1:5912]' for 'POST' to 'http://localhost:5912/session/3b2033e118c7440c5db37eb4459a6fad/execute/sync'
19:05:32.203 [Forwarding isElementDisplayed on session 3b2033e118c7440c5db37eb4459a6fad to remote] DEBUG org.asynchttpclient.netty.request.NettyRequestSender - Using open Channel [id: 0xb9de85bf, L:/127.0.0.1:61684 - R:localhost/127.0.0.1:5912] for POST '/session/3b2033e118c7440c5db37eb4459a6fad/execute/sync'
19:05:32.220 [AsyncHttpClient-1-14] DEBUG org.asynchttpclient.netty.handler.HttpHandler - 

Request DefaultHttpRequest(decodeResult: success, version: HTTP/1.1)
POST /session/3b2033e118c7440c5db37eb4459a6fad/execute/sync HTTP/1.1
User-Agent: selenium/4.8.1 (java windows)
Content-Length: 48807
Content-Type: application/json; charset=utf-8
host: localhost:5912
accept: */*

Response DefaultHttpResponse(decodeResult: success, version: HTTP/1.1)
HTTP/1.1 200 OK
Content-Length: 14
Content-Type: application/json; charset=utf-8
cache-control: no-cache

19:05:32.220 [AsyncHttpClient-1-14] DEBUG org.asynchttpclient.netty.channel.ChannelManager - Adding key: http://localhost:5912 for channel [id: 0xb9de85bf, L:/127.0.0.1:61684 - R:localhost/127.0.0.1:5912]
19:05:32.225 [Forwarding getAlertText on session 3b2033e118c7440c5db37eb4459a6fad to remote] DEBUG org.asynchttpclient.netty.request.NettyRequestSender - Using pooled Channel '[id: 0xb9de85bf, L:/127.0.0.1:61684 - R:localhost/127.0.0.1:5912]' for 'GET' to 'http://localhost:5912/session/3b2033e118c7440c5db37eb4459a6fad/alert/text'
19:05:32.225 [Forwarding getAlertText on session 3b2033e118c7440c5db37eb4459a6fad to remote] DEBUG org.asynchttpclient.netty.request.NettyRequestSender - Using open Channel [id: 0xb9de85bf, L:/127.0.0.1:61684 - R:localhost/127.0.0.1:5912] for GET '/session/3b2033e118c7440c5db37eb4459a6fad/alert/text'
19:05:32.227 [AsyncHttpClient-1-14] DEBUG org.asynchttpclient.netty.handler.HttpHandler - 

Request DefaultFullHttpRequest(decodeResult: success, version: HTTP/1.1, content: EmptyByteBufBE)
GET /session/3b2033e118c7440c5db37eb4459a6fad/alert/text HTTP/1.1
User-Agent: selenium/4.8.1 (java windows)
Cache-Control: no-cache
Content-Type: application/json; charset=utf-8
host: localhost:5912
accept: */*

Response DefaultHttpResponse(decodeResult: success, version: HTTP/1.1)
HTTP/1.1 404 Not Found
Content-Length: 836
Content-Type: application/json; charset=utf-8
cache-control: no-cache

19:05:32.227 [AsyncHttpClient-1-14] DEBUG org.asynchttpclient.netty.channel.ChannelManager - Adding key: http://localhost:5912 for channel [id: 0xb9de85bf, L:/127.0.0.1:61684 - R:localhost/127.0.0.1:5912]
19:05:32.229 [Forwarding getCurrentUrl on session 3b2033e118c7440c5db37eb4459a6fad to remote] DEBUG org.asynchttpclient.netty.request.NettyRequestSender - Using pooled Channel '[id: 0xb9de85bf, L:/127.0.0.1:61684 - R:localhost/127.0.0.1:5912]' for 'GET' to 'http://localhost:5912/session/3b2033e118c7440c5db37eb4459a6fad/url'
19:05:32.229 [Forwarding getCurrentUrl on session 3b2033e118c7440c5db37eb4459a6fad to remote] DEBUG org.asynchttpclient.netty.request.NettyRequestSender - Using open Channel [id: 0xb9de85bf, L:/127.0.0.1:61684 - R:localhost/127.0.0.1:5912] for GET '/session/3b2033e118c7440c5db37eb4459a6fad/url'
19:05:32.230 [AsyncHttpClient-1-1] DEBUG org.asynchttpclient.netty.channel.DefaultChannelPool - Entry count for : http://localhost:61687 : 1
19:05:32.233 [AsyncHttpClient-1-14] DEBUG org.asynchttpclient.netty.handler.HttpHandler - 

Request DefaultFullHttpRequest(decodeResult: success, version: HTTP/1.1, content: EmptyByteBufBE)
GET /session/3b2033e118c7440c5db37eb4459a6fad/url HTTP/1.1
User-Agent: selenium/4.8.1 (java windows)
Cache-Control: no-cache
Content-Type: application/json; charset=utf-8
host: localhost:5912
accept: */*

Response DefaultHttpResponse(decodeResult: success, version: HTTP/1.1)
HTTP/1.1 200 OK
Content-Length: 54
Content-Type: application/json; charset=utf-8
cache-control: no-cache

19:05:32.233 [AsyncHttpClient-1-14] DEBUG org.asynchttpclient.netty.channel.ChannelManager - Adding key: http://localhost:5912 for channel [id: 0xb9de85bf, L:/127.0.0.1:61684 - R:localhost/127.0.0.1:5912]
19:05:32.234 [Forwarding screenshot on session 3b2033e118c7440c5db37eb4459a6fad to remote] DEBUG org.asynchttpclient.netty.request.NettyRequestSender - Using pooled Channel '[id: 0xb9de85bf, L:/127.0.0.1:61684 - R:localhost/127.0.0.1:5912]' for 'GET' to 'http://localhost:5912/session/3b2033e118c7440c5db37eb4459a6fad/screenshot'
19:05:32.234 [Forwarding screenshot on session 3b2033e118c7440c5db37eb4459a6fad to remote] DEBUG org.asynchttpclient.netty.request.NettyRequestSender - Using open Channel [id: 0xb9de85bf, L:/127.0.0.1:61684 - R:localhost/127.0.0.1:5912] for GET '/session/3b2033e118c7440c5db37eb4459a6fad/screenshot'
19:05:32.341 [AsyncHttpClient-1-14] DEBUG org.asynchttpclient.netty.handler.HttpHandler - 

Request DefaultFullHttpRequest(decodeResult: success, version: HTTP/1.1, content: EmptyByteBufBE)
GET /session/3b2033e118c7440c5db37eb4459a6fad/screenshot HTTP/1.1
User-Agent: selenium/4.8.1 (java windows)
Cache-Control: no-cache
Content-Type: application/json; charset=utf-8
host: localhost:5912
accept: */*

Response DefaultHttpResponse(decodeResult: success, version: HTTP/1.1)
HTTP/1.1 200 OK
Content-Length: 39732
Content-Type: application/json; charset=utf-8
cache-control: no-cache

19:05:32.342 [AsyncHttpClient-1-14] DEBUG org.asynchttpclient.netty.channel.ChannelManager - Adding key: http://localhost:5912 for channel [id: 0xb9de85bf, L:/127.0.0.1:61684 - R:localhost/127.0.0.1:5912]
19:05:32.344 [main] DEBUG net.serenitybdd.core.photography.Darkroom - Send negative for processing for target\site\serenity\7a8e85cb5f4c4ab92ffe192090c2f0c54e5768a66d3b60a904f58d55a1de7bd5.png
19:05:32.345 [main] DEBUG net.thucydides.core.steps.StepInterceptor - STEP DONE: incorrectAlert
  &amp#27;[32mThen &amp#27;[0m&amp#27;[32mI should see the error message&amp#27;[0m       &amp#27;[90m# starter.stepdefinitions.LoginSteps.alertContent()&amp#27;[0m
19:05:32.345 [Darkroom Processing Line] DEBUG net.serenitybdd.core.photography.DarkroomProcessingLine - Processing screenshot image in /var/screenshots/screenshot-10154330226132717889
19:05:32.345 [Darkroom Processing Line] DEBUG net.serenitybdd.core.photography.DarkroomProcessingLine - Saving screenshot to target\site\serenity\7a8e85cb5f4c4ab92ffe192090c2f0c54e5768a66d3b60a904f58d55a1de7bd5.png
19:05:32.352 [main] INFO  - 
  _____   ___   ___   _____     ___     _     ___   ___   ___   ___  
 |_   _| | __| / __| |_   _|   | _ \   /_\   / __| / __| | __| |   \ 
   | |   | _|  \__ \   | |     |  _/  / _ \  \__ \ \__ \ | _|  | |) |
   |_|   |___| |___/   |_|     |_|   /_/ \_\ |___/ |___/ |___| |___/ 

Register with existed email
----------------------------------------------------------------------
19:05:32.355 [AsyncHttpClient-1-16] DEBUG org.asynchttpclient.netty.handler.WebSocketHandler - Channel Closed: [id: 0x1373f6bd, L:/127.0.0.1:61695 ! R:localhost/127.0.0.1:61687] with attribute NettyResponseFuture{currentRetry=0,
	isDone=1,
	isCancelled=0,
	asyncHandler=org.asynchttpclient.ws.WebSocketUpgradeHandler@63ed5c97,
	nettyRequest=org.asynchttpclient.netty.request.NettyRequest@26efde8e,
	future=java.util.concurrent.CompletableFuture@66057fbb[Completed normally],
	uri=ws://localhost:61687/devtools/browser/a7b154a7-027f-4ff7-8503-e5038e3d6c89,
	keepAlive=true,
	redirectCount=0,
	timeoutsHolder=null,
	inAuth=0,
	touch=1683547514008}
19:05:32.355 [Driver Command Executor] DEBUG org.asynchttpclient.netty.request.NettyRequestSender - Using pooled Channel '[id: 0xb9de85bf, L:/127.0.0.1:61684 - R:localhost/127.0.0.1:5912]' for 'DELETE' to 'http://localhost:5912/session/3b2033e118c7440c5db37eb4459a6fad'
19:05:32.355 [AsyncHttpClient-1-16] DEBUG org.asynchttpclient.netty.channel.ChannelManager - Closing Channel [id: 0x1373f6bd, L:/127.0.0.1:61695 ! R:localhost/127.0.0.1:61687] 
19:05:32.355 [Driver Command Executor] DEBUG org.asynchttpclient.netty.request.NettyRequestSender - Using open Channel [id: 0xb9de85bf, L:/127.0.0.1:61684 - R:localhost/127.0.0.1:5912] for DELETE '/session/3b2033e118c7440c5db37eb4459a6fad'
19:05:32.388 [AsyncHttpClient-1-15] DEBUG org.asynchttpclient.netty.handler.HttpHandler - Unexpected I/O exception on channel [id: 0xd33943fb, L:/127.0.0.1:61694 - R:localhost/127.0.0.1:61687]
java.net.SocketException: Connection reset
	at java.base/sun.nio.ch.SocketChannelImpl.throwConnectionReset(SocketChannelImpl.java:367)
	at java.base/sun.nio.ch.SocketChannelImpl.read(SocketChannelImpl.java:398)
	at io.netty.buffer.PooledByteBuf.setBytes(PooledByteBuf.java:259)
	at io.netty.buffer.AbstractByteBuf.writeBytes(AbstractByteBuf.java:1132)
	at io.netty.channel.socket.nio.NioSocketChannel.doReadBytes(NioSocketChannel.java:357)
	at io.netty.channel.nio.AbstractNioByteChannel$NioByteUnsafe.read(AbstractNioByteChannel.java:151)
	at io.netty.channel.nio.NioEventLoop.processSelectedKey(NioEventLoop.java:788)
	at io.netty.channel.nio.NioEventLoop.processSelectedKeysOptimized(NioEventLoop.java:724)
	at io.netty.channel.nio.NioEventLoop.processSelectedKeys(NioEventLoop.java:650)
	at io.netty.channel.nio.NioEventLoop.run(NioEventLoop.java:562)
	at io.netty.util.concurrent.SingleThreadEventExecutor$4.run(SingleThreadEventExecutor.java:997)
	at io.netty.util.internal.ThreadExecutorMap$2.run(ThreadExecutorMap.java:74)
	at io.netty.util.concurrent.FastThreadLocalRunnable.run(FastThreadLocalRunnable.java:30)
	at java.base/java.lang.Thread.run(Thread.java:832)
19:05:32.388 [AsyncHttpClient-1-15] DEBUG org.asynchttpclient.netty.channel.ChannelManager - Closing Channel [id: 0xd33943fb, L:/127.0.0.1:61694 - R:localhost/127.0.0.1:61687] 
19:05:32.388 [AsyncHttpClient-1-15] DEBUG org.asynchttpclient.netty.handler.HttpHandler - Channel Closed: [id: 0xd33943fb, L:/127.0.0.1:61694 ! R:localhost/127.0.0.1:61687] with attribute DISCARD
19:05:32.402 [AsyncHttpClient-1-14] DEBUG org.asynchttpclient.netty.handler.HttpHandler - 

Request DefaultFullHttpRequest(decodeResult: success, version: HTTP/1.1, content: EmptyByteBufBE)
DELETE /session/3b2033e118c7440c5db37eb4459a6fad HTTP/1.1
User-Agent: selenium/4.8.1 (java windows)
Content-Type: application/json; charset=utf-8
host: localhost:5912
accept: */*

Response DefaultHttpResponse(decodeResult: success, version: HTTP/1.1)
HTTP/1.1 200 OK
Content-Length: 14
Content-Type: application/json; charset=utf-8
cache-control: no-cache

19:05:32.402 [AsyncHttpClient-1-14] DEBUG org.asynchttpclient.netty.channel.ChannelManager - Adding key: http://localhost:5912 for channel [id: 0xb9de85bf, L:/127.0.0.1:61684 - R:localhost/127.0.0.1:5912]
19:05:33.112 [AsyncHttpClient-1-14] DEBUG org.asynchttpclient.netty.handler.HttpHandler - Channel Closed: [id: 0xb9de85bf, L:/127.0.0.1:61684 ! R:localhost/127.0.0.1:5912] with attribute DISCARD
19:05:33.328 [AsyncHttpClient-1-1] DEBUG org.asynchttpclient.netty.channel.DefaultChannelPool - Entry count for : http://localhost:5912 : 1
19:05:33.328 [AsyncHttpClient-1-1] DEBUG org.asynchttpclient.netty.channel.DefaultChannelPool - Entry count for : http://localhost:61687 : 1
19:05:33.328 [AsyncHttpClient-1-1] DEBUG org.asynchttpclient.netty.channel.DefaultChannelPool - Adding Candidate expired Channel [id: 0xb9de85bf, L:/127.0.0.1:61684 ! R:localhost/127.0.0.1:5912] isIdleTimeoutExpired=false isRemotelyClosed=true isTtlExpired=false
19:05:33.328 [AsyncHttpClient-1-1] DEBUG org.asynchttpclient.netty.channel.DefaultChannelPool - Closing Idle Channel [id: 0xb9de85bf, L:/127.0.0.1:61684 ! R:localhost/127.0.0.1:5912]
19:05:33.328 [AsyncHttpClient-1-1] DEBUG org.asynchttpclient.netty.channel.DefaultChannelPool - Adding Candidate expired Channel [id: 0xd33943fb, L:/127.0.0.1:61694 ! R:localhost/127.0.0.1:61687] isIdleTimeoutExpired=false isRemotelyClosed=true isTtlExpired=false
19:05:33.328 [AsyncHttpClient-1-1] DEBUG org.asynchttpclient.netty.channel.DefaultChannelPool - Closing Idle Channel [id: 0xd33943fb, L:/127.0.0.1:61694 ! R:localhost/127.0.0.1:61687]
19:05:33.328 [AsyncHttpClient-1-1] DEBUG org.asynchttpclient.netty.channel.DefaultChannelPool - Closed 2 connections out of 2 in 0 ms
]]></system-out>
    <system-err><![CDATA[Starting ChromeDriver 111.0.5563.64 (c710e93d5b63b7095afe8c2c17df34408078439d-refs/branch-heads/5563@{#995}) on port 5912
Only local connections are allowed.
Please see https://chromedriver.chromium.org/security-considerations for suggestions on keeping ChromeDriver safe.
ChromeDriver was started successfully.
[1683547513.983][WARNING]: This version of ChromeDriver has not been tested with Chrome version 112.
May 08, 2023 7:05:14 PM org.openqa.selenium.devtools.CdpVersionFinder findNearestMatch
WARNING: Unable to find an exact match for CDP version 112, so returning the closest version found: 110
]]></system-err>
  </testcase>
</testsuite>